[6.178s] Invoking command in '/home/emackinnon1/interbotix_ws/src/interbotix_ros_toolboxes/interbotix_rpi_toolbox/interbotix_rpi_modules': AMENT_PREFIX_PATH=/home/emackinnon1/interbotix_ws/install/interbotix_rpi_msgs:${AMENT_PREFIX_PATH} CMAKE_PREFIX_PATH=/home/emackinnon1/interbotix_ws/install/interbotix_rpi_msgs LD_LIBRARY_PATH=/home/emackinnon1/interbotix_ws/install/interbotix_rpi_msgs/lib:${LD_LIBRARY_PATH} PYTHONPATH=/home/emackinnon1/interbotix_ws/build/interbotix_rpi_modules/prefix_override:/usr/lib/python3/dist-packages/colcon_core/task/python/colcon_distutils_commands:/home/emackinnon1/interbotix_ws/install/interbotix_rpi_modules/lib/python3.10/site-packages:/home/emackinnon1/interbotix_ws/install/interbotix_rpi_msgs/local/lib/python3.10/dist-packages:${PYTHONPATH} /usr/bin/python3 -W ignore:setup.py install is deprecated -W ignore:easy_install command is deprecated setup.py egg_info --egg-base ../../../../build/interbotix_rpi_modules build --build-base /home/emackinnon1/interbotix_ws/build/interbotix_rpi_modules/build install --record /home/emackinnon1/interbotix_ws/build/interbotix_rpi_modules/install.log --single-version-externally-managed install_data
[8.512s] running egg_info
[8.516s] creating ../../../../build/interbotix_rpi_modules/interbotix_rpi_modules.egg-info
[8.518s] writing ../../../../build/interbotix_rpi_modules/interbotix_rpi_modules.egg-info/PKG-INFO
[8.519s] writing dependency_links to ../../../../build/interbotix_rpi_modules/interbotix_rpi_modules.egg-info/dependency_links.txt
[8.521s] writing entry points to ../../../../build/interbotix_rpi_modules/interbotix_rpi_modules.egg-info/entry_points.txt
[8.522s] writing requirements to ../../../../build/interbotix_rpi_modules/interbotix_rpi_modules.egg-info/requires.txt
[8.523s] writing top-level names to ../../../../build/interbotix_rpi_modules/interbotix_rpi_modules.egg-info/top_level.txt
[8.524s] writing manifest file '../../../../build/interbotix_rpi_modules/interbotix_rpi_modules.egg-info/SOURCES.txt'
[8.535s] reading manifest file '../../../../build/interbotix_rpi_modules/interbotix_rpi_modules.egg-info/SOURCES.txt'
[8.540s] writing manifest file '../../../../build/interbotix_rpi_modules/interbotix_rpi_modules.egg-info/SOURCES.txt'
[8.541s] running build
[8.542s] running build_py
[8.543s] creating /home/emackinnon1/interbotix_ws/build/interbotix_rpi_modules/build
[8.544s] creating /home/emackinnon1/interbotix_ws/build/interbotix_rpi_modules/build/lib
[8.545s] creating /home/emackinnon1/interbotix_ws/build/interbotix_rpi_modules/build/lib/interbotix_rpi_modules
[8.546s] copying interbotix_rpi_modules/__init__.py -> /home/emackinnon1/interbotix_ws/build/interbotix_rpi_modules/build/lib/interbotix_rpi_modules
[8.547s] copying interbotix_rpi_modules/neopixels.py -> /home/emackinnon1/interbotix_ws/build/interbotix_rpi_modules/build/lib/interbotix_rpi_modules
[8.554s] running install
[8.555s] running install_lib
[8.556s] creating /home/emackinnon1/interbotix_ws/install/interbotix_rpi_modules/lib/python3.10/site-packages/interbotix_rpi_modules
[8.557s] copying /home/emackinnon1/interbotix_ws/build/interbotix_rpi_modules/build/lib/interbotix_rpi_modules/__init__.py -> /home/emackinnon1/interbotix_ws/install/interbotix_rpi_modules/lib/python3.10/site-packages/interbotix_rpi_modules
[8.557s] copying /home/emackinnon1/interbotix_ws/build/interbotix_rpi_modules/build/lib/interbotix_rpi_modules/neopixels.py -> /home/emackinnon1/interbotix_ws/install/interbotix_rpi_modules/lib/python3.10/site-packages/interbotix_rpi_modules
[8.561s] byte-compiling /home/emackinnon1/interbotix_ws/install/interbotix_rpi_modules/lib/python3.10/site-packages/interbotix_rpi_modules/__init__.py to __init__.cpython-310.pyc
[8.563s] byte-compiling /home/emackinnon1/interbotix_ws/install/interbotix_rpi_modules/lib/python3.10/site-packages/interbotix_rpi_modules/neopixels.py to neopixels.cpython-310.pyc
[8.567s] running install_data
[8.568s] creating /home/emackinnon1/interbotix_ws/install/interbotix_rpi_modules/share/ament_index
[8.569s] creating /home/emackinnon1/interbotix_ws/install/interbotix_rpi_modules/share/ament_index/resource_index
[8.574s] creating /home/emackinnon1/interbotix_ws/install/interbotix_rpi_modules/share/ament_index/resource_index/packages
[8.575s] copying resource/interbotix_rpi_modules -> /home/emackinnon1/interbotix_ws/install/interbotix_rpi_modules/share/ament_index/resource_index/packages
[8.576s] copying package.xml -> /home/emackinnon1/interbotix_ws/install/interbotix_rpi_modules/share/interbotix_rpi_modules
[8.577s] running install_egg_info
[8.589s] Copying ../../../../build/interbotix_rpi_modules/interbotix_rpi_modules.egg-info to /home/emackinnon1/interbotix_ws/install/interbotix_rpi_modules/lib/python3.10/site-packages/interbotix_rpi_modules-0.0.0-py3.10.egg-info
[8.606s] running install_scripts
[8.740s] writing list of installed files to '/home/emackinnon1/interbotix_ws/build/interbotix_rpi_modules/install.log'
[8.938s] Invoked command in '/home/emackinnon1/interbotix_ws/src/interbotix_ros_toolboxes/interbotix_rpi_toolbox/interbotix_rpi_modules' returned '0': AMENT_PREFIX_PATH=/home/emackinnon1/interbotix_ws/install/interbotix_rpi_msgs:${AMENT_PREFIX_PATH} CMAKE_PREFIX_PATH=/home/emackinnon1/interbotix_ws/install/interbotix_rpi_msgs LD_LIBRARY_PATH=/home/emackinnon1/interbotix_ws/install/interbotix_rpi_msgs/lib:${LD_LIBRARY_PATH} PYTHONPATH=/home/emackinnon1/interbotix_ws/build/interbotix_rpi_modules/prefix_override:/usr/lib/python3/dist-packages/colcon_core/task/python/colcon_distutils_commands:/home/emackinnon1/interbotix_ws/install/interbotix_rpi_modules/lib/python3.10/site-packages:/home/emackinnon1/interbotix_ws/install/interbotix_rpi_msgs/local/lib/python3.10/dist-packages:${PYTHONPATH} /usr/bin/python3 -W ignore:setup.py install is deprecated -W ignore:easy_install command is deprecated setup.py egg_info --egg-base ../../../../build/interbotix_rpi_modules build --build-base /home/emackinnon1/interbotix_ws/build/interbotix_rpi_modules/build install --record /home/emackinnon1/interbotix_ws/build/interbotix_rpi_modules/install.log --single-version-externally-managed install_data
