[0.326s] Invoking command in '/home/emackinnon1/interbotix_ws/build/interbotix_xsarm_ros_control': AMENT_PREFIX_PATH=/home/emackinnon1/interbotix_ws/install/interbotix_xsarm_control:/home/emackinnon1/interbotix_ws/install/interbotix_xsarm_descriptions:/home/emackinnon1/interbotix_ws/install/interbotix_xs_modules:/home/emackinnon1/interbotix_ws/install/interbotix_xs_sdk:/home/emackinnon1/interbotix_ws/install/interbotix_xs_ros_control:/home/emackinnon1/interbotix_ws/install/interbotix_xs_driver:/home/emackinnon1/interbotix_ws/install/interbotix_xs_msgs:/home/emackinnon1/interbotix_ws/install/interbotix_common_modules:/home/emackinnon1/interbotix_ws/install/dynamixel_workbench_toolbox:${AMENT_PREFIX_PATH} CMAKE_PREFIX_PATH=/home/emackinnon1/interbotix_ws/install/interbotix_xsarm_control:/home/emackinnon1/interbotix_ws/install/interbotix_xsarm_descriptions:/home/emackinnon1/interbotix_ws/install/interbotix_xs_sdk:/home/emackinnon1/interbotix_ws/install/interbotix_xs_ros_control:/home/emackinnon1/interbotix_ws/install/interbotix_xs_driver:/home/emackinnon1/interbotix_ws/install/interbotix_xs_msgs:/home/emackinnon1/interbotix_ws/install/dynamixel_workbench_toolbox:/opt/ros/humble LD_LIBRARY_PATH=/home/emackinnon1/interbotix_ws/install/interbotix_xs_ros_control/lib:/home/emackinnon1/interbotix_ws/install/interbotix_xs_driver/lib:/home/emackinnon1/interbotix_ws/install/interbotix_xs_msgs/lib:/home/emackinnon1/interbotix_ws/install/dynamixel_workbench_toolbox/lib:${LD_LIBRARY_PATH} PYTHONPATH=/home/emackinnon1/interbotix_ws/install/interbotix_xs_modules/lib/python3.10/site-packages:/home/emackinnon1/interbotix_ws/install/interbotix_xs_msgs/local/lib/python3.10/dist-packages:/home/emackinnon1/interbotix_ws/install/interbotix_common_modules/lib/python3.10/site-packages:${PYTHONPATH} /usr/bin/cmake /home/emackinnon1/interbotix_ws/src/interbotix_ros_manipulators/interbotix_ros_xsarms/interbotix_xsarm_ros_control -DCMAKE_INSTALL_PREFIX=/home/emackinnon1/interbotix_ws/install/interbotix_xsarm_ros_control
[0.947s] -- The C compiler identification is GNU 11.4.0
[1.492s] -- The CXX compiler identification is GNU 11.4.0
[1.587s] -- Detecting C compiler ABI info
[2.369s] -- Detecting C compiler ABI info - done
[2.438s] -- Check for working C compiler: /usr/bin/cc - skipped
[2.440s] -- Detecting C compile features
[2.441s] -- Detecting C compile features - done
[2.465s] -- Detecting CXX compiler ABI info
[3.475s] -- Detecting CXX compiler ABI info - done
[3.543s] -- Check for working CXX compiler: /usr/bin/c++ - skipped
[3.563s] -- Detecting CXX compile features
[3.565s] -- Detecting CXX compile features - done
[3.655s] -- Found ament_cmake: 1.3.11 (/opt/ros/humble/share/ament_cmake/cmake)
[5.376s] -- Found Python3: /usr/bin/python3 (found version "3.10.12") found components: Interpreter 
[6.690s] -- Found ament_lint_auto: 0.12.12 (/opt/ros/humble/share/ament_lint_auto/cmake)
[7.875s] -- Added test 'copyright' to check source files copyright and LICENSE
[7.938s] -- Added test 'flake8' to check Python code syntax and style conventions
[7.948s] -- Added test 'lint_cmake' to check CMake code style
[7.959s] -- Added test 'pep257' to check Python code against some of the docstring style conventions in PEP 257
[7.983s] -- Added test 'xmllint' to check XML markup files
[8.001s] -- Configuring done
[8.036s] -- Generating done
[8.056s] -- Build files have been written to: /home/emackinnon1/interbotix_ws/build/interbotix_xsarm_ros_control
[8.092s] Invoked command in '/home/emackinnon1/interbotix_ws/build/interbotix_xsarm_ros_control' returned '0': AMENT_PREFIX_PATH=/home/emackinnon1/interbotix_ws/install/interbotix_xsarm_control:/home/emackinnon1/interbotix_ws/install/interbotix_xsarm_descriptions:/home/emackinnon1/interbotix_ws/install/interbotix_xs_modules:/home/emackinnon1/interbotix_ws/install/interbotix_xs_sdk:/home/emackinnon1/interbotix_ws/install/interbotix_xs_ros_control:/home/emackinnon1/interbotix_ws/install/interbotix_xs_driver:/home/emackinnon1/interbotix_ws/install/interbotix_xs_msgs:/home/emackinnon1/interbotix_ws/install/interbotix_common_modules:/home/emackinnon1/interbotix_ws/install/dynamixel_workbench_toolbox:${AMENT_PREFIX_PATH} CMAKE_PREFIX_PATH=/home/emackinnon1/interbotix_ws/install/interbotix_xsarm_control:/home/emackinnon1/interbotix_ws/install/interbotix_xsarm_descriptions:/home/emackinnon1/interbotix_ws/install/interbotix_xs_sdk:/home/emackinnon1/interbotix_ws/install/interbotix_xs_ros_control:/home/emackinnon1/interbotix_ws/install/interbotix_xs_driver:/home/emackinnon1/interbotix_ws/install/interbotix_xs_msgs:/home/emackinnon1/interbotix_ws/install/dynamixel_workbench_toolbox:/opt/ros/humble LD_LIBRARY_PATH=/home/emackinnon1/interbotix_ws/install/interbotix_xs_ros_control/lib:/home/emackinnon1/interbotix_ws/install/interbotix_xs_driver/lib:/home/emackinnon1/interbotix_ws/install/interbotix_xs_msgs/lib:/home/emackinnon1/interbotix_ws/install/dynamixel_workbench_toolbox/lib:${LD_LIBRARY_PATH} PYTHONPATH=/home/emackinnon1/interbotix_ws/install/interbotix_xs_modules/lib/python3.10/site-packages:/home/emackinnon1/interbotix_ws/install/interbotix_xs_msgs/local/lib/python3.10/dist-packages:/home/emackinnon1/interbotix_ws/install/interbotix_common_modules/lib/python3.10/site-packages:${PYTHONPATH} /usr/bin/cmake /home/emackinnon1/interbotix_ws/src/interbotix_ros_manipulators/interbotix_ros_xsarms/interbotix_xsarm_ros_control -DCMAKE_INSTALL_PREFIX=/home/emackinnon1/interbotix_ws/install/interbotix_xsarm_ros_control
[8.128s] Invoking command in '/home/emackinnon1/interbotix_ws/build/interbotix_xsarm_ros_control': AMENT_PREFIX_PATH=/home/emackinnon1/interbotix_ws/install/interbotix_xsarm_control:/home/emackinnon1/interbotix_ws/install/interbotix_xsarm_descriptions:/home/emackinnon1/interbotix_ws/install/interbotix_xs_modules:/home/emackinnon1/interbotix_ws/install/interbotix_xs_sdk:/home/emackinnon1/interbotix_ws/install/interbotix_xs_ros_control:/home/emackinnon1/interbotix_ws/install/interbotix_xs_driver:/home/emackinnon1/interbotix_ws/install/interbotix_xs_msgs:/home/emackinnon1/interbotix_ws/install/interbotix_common_modules:/home/emackinnon1/interbotix_ws/install/dynamixel_workbench_toolbox:${AMENT_PREFIX_PATH} CMAKE_PREFIX_PATH=/home/emackinnon1/interbotix_ws/install/interbotix_xsarm_control:/home/emackinnon1/interbotix_ws/install/interbotix_xsarm_descriptions:/home/emackinnon1/interbotix_ws/install/interbotix_xs_sdk:/home/emackinnon1/interbotix_ws/install/interbotix_xs_ros_control:/home/emackinnon1/interbotix_ws/install/interbotix_xs_driver:/home/emackinnon1/interbotix_ws/install/interbotix_xs_msgs:/home/emackinnon1/interbotix_ws/install/dynamixel_workbench_toolbox:/opt/ros/humble LD_LIBRARY_PATH=/home/emackinnon1/interbotix_ws/install/interbotix_xs_ros_control/lib:/home/emackinnon1/interbotix_ws/install/interbotix_xs_driver/lib:/home/emackinnon1/interbotix_ws/install/interbotix_xs_msgs/lib:/home/emackinnon1/interbotix_ws/install/dynamixel_workbench_toolbox/lib:${LD_LIBRARY_PATH} PYTHONPATH=/home/emackinnon1/interbotix_ws/install/interbotix_xs_modules/lib/python3.10/site-packages:/home/emackinnon1/interbotix_ws/install/interbotix_xs_msgs/local/lib/python3.10/dist-packages:/home/emackinnon1/interbotix_ws/install/interbotix_common_modules/lib/python3.10/site-packages:${PYTHONPATH} /usr/bin/cmake --build /home/emackinnon1/interbotix_ws/build/interbotix_xsarm_ros_control -- -j4 -l4
[8.598s] Invoked command in '/home/emackinnon1/interbotix_ws/build/interbotix_xsarm_ros_control' returned '0': AMENT_PREFIX_PATH=/home/emackinnon1/interbotix_ws/install/interbotix_xsarm_control:/home/emackinnon1/interbotix_ws/install/interbotix_xsarm_descriptions:/home/emackinnon1/interbotix_ws/install/interbotix_xs_modules:/home/emackinnon1/interbotix_ws/install/interbotix_xs_sdk:/home/emackinnon1/interbotix_ws/install/interbotix_xs_ros_control:/home/emackinnon1/interbotix_ws/install/interbotix_xs_driver:/home/emackinnon1/interbotix_ws/install/interbotix_xs_msgs:/home/emackinnon1/interbotix_ws/install/interbotix_common_modules:/home/emackinnon1/interbotix_ws/install/dynamixel_workbench_toolbox:${AMENT_PREFIX_PATH} CMAKE_PREFIX_PATH=/home/emackinnon1/interbotix_ws/install/interbotix_xsarm_control:/home/emackinnon1/interbotix_ws/install/interbotix_xsarm_descriptions:/home/emackinnon1/interbotix_ws/install/interbotix_xs_sdk:/home/emackinnon1/interbotix_ws/install/interbotix_xs_ros_control:/home/emackinnon1/interbotix_ws/install/interbotix_xs_driver:/home/emackinnon1/interbotix_ws/install/interbotix_xs_msgs:/home/emackinnon1/interbotix_ws/install/dynamixel_workbench_toolbox:/opt/ros/humble LD_LIBRARY_PATH=/home/emackinnon1/interbotix_ws/install/interbotix_xs_ros_control/lib:/home/emackinnon1/interbotix_ws/install/interbotix_xs_driver/lib:/home/emackinnon1/interbotix_ws/install/interbotix_xs_msgs/lib:/home/emackinnon1/interbotix_ws/install/dynamixel_workbench_toolbox/lib:${LD_LIBRARY_PATH} PYTHONPATH=/home/emackinnon1/interbotix_ws/install/interbotix_xs_modules/lib/python3.10/site-packages:/home/emackinnon1/interbotix_ws/install/interbotix_xs_msgs/local/lib/python3.10/dist-packages:/home/emackinnon1/interbotix_ws/install/interbotix_common_modules/lib/python3.10/site-packages:${PYTHONPATH} /usr/bin/cmake --build /home/emackinnon1/interbotix_ws/build/interbotix_xsarm_ros_control -- -j4 -l4
[8.618s] Invoking command in '/home/emackinnon1/interbotix_ws/build/interbotix_xsarm_ros_control': AMENT_PREFIX_PATH=/home/emackinnon1/interbotix_ws/install/interbotix_xsarm_control:/home/emackinnon1/interbotix_ws/install/interbotix_xsarm_descriptions:/home/emackinnon1/interbotix_ws/install/interbotix_xs_modules:/home/emackinnon1/interbotix_ws/install/interbotix_xs_sdk:/home/emackinnon1/interbotix_ws/install/interbotix_xs_ros_control:/home/emackinnon1/interbotix_ws/install/interbotix_xs_driver:/home/emackinnon1/interbotix_ws/install/interbotix_xs_msgs:/home/emackinnon1/interbotix_ws/install/interbotix_common_modules:/home/emackinnon1/interbotix_ws/install/dynamixel_workbench_toolbox:${AMENT_PREFIX_PATH} CMAKE_PREFIX_PATH=/home/emackinnon1/interbotix_ws/install/interbotix_xsarm_control:/home/emackinnon1/interbotix_ws/install/interbotix_xsarm_descriptions:/home/emackinnon1/interbotix_ws/install/interbotix_xs_sdk:/home/emackinnon1/interbotix_ws/install/interbotix_xs_ros_control:/home/emackinnon1/interbotix_ws/install/interbotix_xs_driver:/home/emackinnon1/interbotix_ws/install/interbotix_xs_msgs:/home/emackinnon1/interbotix_ws/install/dynamixel_workbench_toolbox:/opt/ros/humble LD_LIBRARY_PATH=/home/emackinnon1/interbotix_ws/install/interbotix_xs_ros_control/lib:/home/emackinnon1/interbotix_ws/install/interbotix_xs_driver/lib:/home/emackinnon1/interbotix_ws/install/interbotix_xs_msgs/lib:/home/emackinnon1/interbotix_ws/install/dynamixel_workbench_toolbox/lib:${LD_LIBRARY_PATH} PYTHONPATH=/home/emackinnon1/interbotix_ws/install/interbotix_xs_modules/lib/python3.10/site-packages:/home/emackinnon1/interbotix_ws/install/interbotix_xs_msgs/local/lib/python3.10/dist-packages:/home/emackinnon1/interbotix_ws/install/interbotix_common_modules/lib/python3.10/site-packages:${PYTHONPATH} /usr/bin/cmake --install /home/emackinnon1/interbotix_ws/build/interbotix_xsarm_ros_control
[8.703s] -- Install configuration: ""
[8.706s] -- Installing: /home/emackinnon1/interbotix_ws/install/interbotix_xsarm_ros_control/share/interbotix_xsarm_ros_control//launch
[8.709s] -- Installing: /home/emackinnon1/interbotix_ws/install/interbotix_xsarm_ros_control/share/interbotix_xsarm_ros_control//launch/xsarm_ros_control.launch.py
[8.713s] -- Installing: /home/emackinnon1/interbotix_ws/install/interbotix_xsarm_ros_control/share/interbotix_xsarm_ros_control//config
[8.716s] -- Installing: /home/emackinnon1/interbotix_ws/install/interbotix_xsarm_ros_control/share/interbotix_xsarm_ros_control//config/controllers
[8.719s] -- Installing: /home/emackinnon1/interbotix_ws/install/interbotix_xsarm_ros_control/share/interbotix_xsarm_ros_control//config/controllers/vx300s_controllers.yaml
[8.722s] -- Installing: /home/emackinnon1/interbotix_ws/install/interbotix_xsarm_ros_control/share/interbotix_xsarm_ros_control//config/controllers/mobile_px100_controllers.yaml
[8.736s] -- Installing: /home/emackinnon1/interbotix_ws/install/interbotix_xsarm_ros_control/share/interbotix_xsarm_ros_control//config/controllers/rx200_controllers.yaml
[8.739s] -- Installing: /home/emackinnon1/interbotix_ws/install/interbotix_xsarm_ros_control/share/interbotix_xsarm_ros_control//config/controllers/vx250_controllers.yaml
[8.743s] -- Installing: /home/emackinnon1/interbotix_ws/install/interbotix_xsarm_ros_control/share/interbotix_xsarm_ros_control//config/controllers/wx200_controllers.yaml
[8.747s] -- Installing: /home/emackinnon1/interbotix_ws/install/interbotix_xsarm_ros_control/share/interbotix_xsarm_ros_control//config/controllers/wx250s_controllers.yaml
[8.750s] -- Installing: /home/emackinnon1/interbotix_ws/install/interbotix_xsarm_ros_control/share/interbotix_xsarm_ros_control//config/controllers/px100_controllers.yaml
[8.754s] -- Installing: /home/emackinnon1/interbotix_ws/install/interbotix_xsarm_ros_control/share/interbotix_xsarm_ros_control//config/controllers/wx250_controllers.yaml
[8.758s] -- Installing: /home/emackinnon1/interbotix_ws/install/interbotix_xsarm_ros_control/share/interbotix_xsarm_ros_control//config/controllers/mobile_wx250s_controllers.yaml
[8.761s] -- Installing: /home/emackinnon1/interbotix_ws/install/interbotix_xsarm_ros_control/share/interbotix_xsarm_ros_control//config/controllers/mobile_wx200_controllers.yaml
[8.777s] -- Installing: /home/emackinnon1/interbotix_ws/install/interbotix_xsarm_ros_control/share/interbotix_xsarm_ros_control//config/controllers/px150_controllers.yaml
[8.780s] -- Installing: /home/emackinnon1/interbotix_ws/install/interbotix_xsarm_ros_control/share/interbotix_xsarm_ros_control//config/controllers/rx150_controllers.yaml
[8.784s] -- Installing: /home/emackinnon1/interbotix_ws/install/interbotix_xsarm_ros_control/share/interbotix_xsarm_ros_control//config/controllers/vx300_controllers.yaml
[8.787s] -- Installing: /home/emackinnon1/interbotix_ws/install/interbotix_xsarm_ros_control/share/interbotix_xsarm_ros_control//config/modes.yaml
[8.792s] -- Installing: /home/emackinnon1/interbotix_ws/install/interbotix_xsarm_ros_control/share/ament_index/resource_index/package_run_dependencies/interbotix_xsarm_ros_control
[8.810s] -- Installing: /home/emackinnon1/interbotix_ws/install/interbotix_xsarm_ros_control/share/ament_index/resource_index/parent_prefix_path/interbotix_xsarm_ros_control
[8.815s] -- Installing: /home/emackinnon1/interbotix_ws/install/interbotix_xsarm_ros_control/share/interbotix_xsarm_ros_control/environment/ament_prefix_path.sh
[8.818s] -- Installing: /home/emackinnon1/interbotix_ws/install/interbotix_xsarm_ros_control/share/interbotix_xsarm_ros_control/environment/ament_prefix_path.dsv
[8.822s] -- Installing: /home/emackinnon1/interbotix_ws/install/interbotix_xsarm_ros_control/share/interbotix_xsarm_ros_control/environment/path.sh
[8.825s] -- Installing: /home/emackinnon1/interbotix_ws/install/interbotix_xsarm_ros_control/share/interbotix_xsarm_ros_control/environment/path.dsv
[8.829s] -- Installing: /home/emackinnon1/interbotix_ws/install/interbotix_xsarm_ros_control/share/interbotix_xsarm_ros_control/local_setup.bash
[8.834s] -- Installing: /home/emackinnon1/interbotix_ws/install/interbotix_xsarm_ros_control/share/interbotix_xsarm_ros_control/local_setup.sh
[8.838s] -- Installing: /home/emackinnon1/interbotix_ws/install/interbotix_xsarm_ros_control/share/interbotix_xsarm_ros_control/local_setup.zsh
[8.842s] -- Installing: /home/emackinnon1/interbotix_ws/install/interbotix_xsarm_ros_control/share/interbotix_xsarm_ros_control/local_setup.dsv
[8.846s] -- Installing: /home/emackinnon1/interbotix_ws/install/interbotix_xsarm_ros_control/share/interbotix_xsarm_ros_control/package.dsv
[8.851s] -- Installing: /home/emackinnon1/interbotix_ws/install/interbotix_xsarm_ros_control/share/ament_index/resource_index/packages/interbotix_xsarm_ros_control
[8.856s] -- Installing: /home/emackinnon1/interbotix_ws/install/interbotix_xsarm_ros_control/share/interbotix_xsarm_ros_control/cmake/interbotix_xsarm_ros_controlConfig.cmake
[8.860s] -- Installing: /home/emackinnon1/interbotix_ws/install/interbotix_xsarm_ros_control/share/interbotix_xsarm_ros_control/cmake/interbotix_xsarm_ros_controlConfig-version.cmake
[8.865s] -- Installing: /home/emackinnon1/interbotix_ws/install/interbotix_xsarm_ros_control/share/interbotix_xsarm_ros_control/package.xml
[8.883s] Invoked command in '/home/emackinnon1/interbotix_ws/build/interbotix_xsarm_ros_control' returned '0': AMENT_PREFIX_PATH=/home/emackinnon1/interbotix_ws/install/interbotix_xsarm_control:/home/emackinnon1/interbotix_ws/install/interbotix_xsarm_descriptions:/home/emackinnon1/interbotix_ws/install/interbotix_xs_modules:/home/emackinnon1/interbotix_ws/install/interbotix_xs_sdk:/home/emackinnon1/interbotix_ws/install/interbotix_xs_ros_control:/home/emackinnon1/interbotix_ws/install/interbotix_xs_driver:/home/emackinnon1/interbotix_ws/install/interbotix_xs_msgs:/home/emackinnon1/interbotix_ws/install/interbotix_common_modules:/home/emackinnon1/interbotix_ws/install/dynamixel_workbench_toolbox:${AMENT_PREFIX_PATH} CMAKE_PREFIX_PATH=/home/emackinnon1/interbotix_ws/install/interbotix_xsarm_control:/home/emackinnon1/interbotix_ws/install/interbotix_xsarm_descriptions:/home/emackinnon1/interbotix_ws/install/interbotix_xs_sdk:/home/emackinnon1/interbotix_ws/install/interbotix_xs_ros_control:/home/emackinnon1/interbotix_ws/install/interbotix_xs_driver:/home/emackinnon1/interbotix_ws/install/interbotix_xs_msgs:/home/emackinnon1/interbotix_ws/install/dynamixel_workbench_toolbox:/opt/ros/humble LD_LIBRARY_PATH=/home/emackinnon1/interbotix_ws/install/interbotix_xs_ros_control/lib:/home/emackinnon1/interbotix_ws/install/interbotix_xs_driver/lib:/home/emackinnon1/interbotix_ws/install/interbotix_xs_msgs/lib:/home/emackinnon1/interbotix_ws/install/dynamixel_workbench_toolbox/lib:${LD_LIBRARY_PATH} PYTHONPATH=/home/emackinnon1/interbotix_ws/install/interbotix_xs_modules/lib/python3.10/site-packages:/home/emackinnon1/interbotix_ws/install/interbotix_xs_msgs/local/lib/python3.10/dist-packages:/home/emackinnon1/interbotix_ws/install/interbotix_common_modules/lib/python3.10/site-packages:${PYTHONPATH} /usr/bin/cmake --install /home/emackinnon1/interbotix_ws/build/interbotix_xsarm_ros_control
