#1 [internal] load local bake definitions
#1 reading from stdin 663B done
#1 DONE 0.0s

#2 [internal] load build definition from Dockerfile
#2 transferring dockerfile: 4.38kB done
#2 WARN: FromPlatformFlagConstDisallowed: FROM --platform flag should not use constant value "linux/arm64" (line 2)
#2 DONE 0.0s

#3 [internal] load metadata for ghcr.io/sloretz/ros:humble-desktop-full
#3 DONE 0.9s

#4 [internal] load .dockerignore
#4 transferring context: 480B done
#4 DONE 0.0s

#5 [ 1/30] FROM ghcr.io/sloretz/ros:humble-desktop-full@sha256:2fa8bd0cb3403a83fee2efa15a024cd4bdf60217fa3990f07a2c52dff15a33c2
#5 DONE 0.0s

#6 [internal] load build context
#6 transferring context: 1.21MB 4.9s
#6 transferring context: 1.66MB 7.5s done
#6 DONE 7.7s

#7 [ 9/30] RUN echo "ROSDEP VER"
#7 CACHED

#8 [ 2/30] RUN apt-get update && apt-get install -yq     curl     ca-certificates     python3-pip     lsb-release     software-properties-common     gnupg     udev     && rm -rf /var/lib/apt/lists/*
#8 CACHED

#9 [ 3/30] RUN add-apt-repository universe &&     apt-get update &&     rm -rf /var/lib/apt/lists/*
#9 CACHED

#10 [ 6/30] RUN rm /etc/ros/rosdep/sources.list.d/20-default.list
#10 CACHED

#11 [10/30] RUN rosdep --version
#11 CACHED

#12 [ 4/30] RUN pip3 install     transforms3d     modern_robotics
#12 CACHED

#13 [ 5/30] RUN apt-get update && apt-get install -yq     python3-rosdep     python3-rosinstall     python3-rosinstall-generator     python3-wstool     build-essential     python3-colcon-common-extensions     git     && rm -rf /var/lib/apt/lists/*
#13 CACHED

#14 [ 7/30] RUN rosdep init
#14 CACHED

#15 [ 8/30] RUN rosdep update --include-eol-distros --rosdistro humble
#15 CACHED

#16 [11/30] WORKDIR /InterbotixControlServer
#16 CACHED

#17 [12/30] COPY . .
#17 DONE 21.6s

#18 [13/30] WORKDIR /InterbotixControlServer/workspace/src
#18 DONE 0.1s

#19 [14/30] RUN rm -f       interbotix_ros_core/interbotix_ros_xseries/COLCON_IGNORE       interbotix_ros_toolboxes/interbotix_common_toolbox/interbotix_moveit_interface/COLCON_IGNORE       interbotix_ros_toolboxes/interbotix_common_toolbox/interbotix_moveit_interface_msgs/COLCON_IGNORE       interbotix_ros_toolboxes/interbotix_rpi_toolbox/COLCON_IGNORE
#19 DONE 0.7s

#20 [15/30] WORKDIR /InterbotixControlServer/workspace/src/interbotix_ros_core
#20 DONE 0.1s

#21 [16/30] WORKDIR /InterbotixControlServer/workspace/src/interbotix_ros_core/interbotix_ros_xseries/interbotix_xs_sdk
#21 DONE 0.2s

#22 [17/30] RUN cp 99-interbotix-udev.rules /etc/udev/rules.d/
#22 DONE 0.8s

#23 [18/30] RUN /lib/systemd/systemd-udevd --daemon
#23 0.698 Failed to set receive buffer size for device monitor, ignoring: Operation not permitted
#23 0.698 Starting version 249.11-0ubuntu3.16
#23 DONE 0.8s

#24 [19/30] WORKDIR /InterbotixControlServer
#24 DONE 0.1s

#25 [20/30] RUN apt-get update && apt-get install -y     ros-humble-dynamixel-sdk     ros-humble-xacro     ros-humble-moveit-msgs     ros-humble-moveit-ros-planning-interface     ros-humble-controller-manager     ros-humble-joint-trajectory-controller     ros-humble-moveit-ros-move-group     ros-humble-moveit-simple-controller-manager     ros-humble-moveit-kinematics     ros-humble-moveit-planners-ompl     ros-humble-moveit-ros-visualization     ros-humble-moveit-setup-assistant     ros-humble-joint-state-publisher     ros-humble-hardware-interface     ros-humble-ros2-controllers     ros-humble-ros-gz     ros-humble-tf-transformations     ros-humble-nav2-msgs     ros-humble-joint-state-publisher-gui     ros-humble-effort-controllers     ros-humble-gz-ros2-control     ros-humble-graph-msgs     ros-humble-moveit-common     ros-humble-moveit-core     ros-humble-moveit-ros-planning     ros-humble-rviz-visual-tools     && rm -rf /var/lib/apt/lists/*
#25 1.014 Get:1 http://packages.ros.org/ros2/ubuntu jammy InRelease [4682 B]
#25 1.079 Get:2 http://ports.ubuntu.com/ubuntu-ports jammy InRelease [270 kB]
#25 1.328 Get:3 http://packages.ros.org/ros2/ubuntu jammy/main Sources [1736 kB]
#25 1.408 Get:4 http://ports.ubuntu.com/ubuntu-ports jammy-updates InRelease [128 kB]
#25 1.498 Get:5 http://ports.ubuntu.com/ubuntu-ports jammy-backports InRelease [127 kB]
#25 1.587 Get:6 http://ports.ubuntu.com/ubuntu-ports jammy-security InRelease [129 kB]
#25 1.914 Get:7 http://ports.ubuntu.com/ubuntu-ports jammy/restricted arm64 Packages [24.2 kB]
#25 2.000 Get:8 http://packages.ros.org/ros2/ubuntu jammy/main arm64 Packages [1667 kB]
#25 2.102 Get:9 http://ports.ubuntu.com/ubuntu-ports jammy/universe arm64 Packages [17.2 MB]
#25 4.292 Get:10 http://ports.ubuntu.com/ubuntu-ports jammy/main arm64 Packages [1758 kB]
#25 4.404 Get:11 http://ports.ubuntu.com/ubuntu-ports jammy/multiverse arm64 Packages [224 kB]
#25 4.569 Get:12 http://ports.ubuntu.com/ubuntu-ports jammy-updates/restricted arm64 Packages [4850 kB]
#25 5.095 Get:13 http://ports.ubuntu.com/ubuntu-ports jammy-updates/multiverse arm64 Packages [52.7 kB]
#25 5.100 Get:14 http://ports.ubuntu.com/ubuntu-ports jammy-updates/main arm64 Packages [3282 kB]
#25 5.354 Get:15 http://ports.ubuntu.com/ubuntu-ports jammy-updates/universe arm64 Packages [1577 kB]
#25 5.548 Get:16 http://ports.ubuntu.com/ubuntu-ports jammy-backports/universe arm64 Packages [33.3 kB]
#25 5.554 Get:17 http://ports.ubuntu.com/ubuntu-ports jammy-backports/main arm64 Packages [82.8 kB]
#25 5.558 Get:18 http://ports.ubuntu.com/ubuntu-ports jammy-security/universe arm64 Packages [1280 kB]
#25 5.674 Get:19 http://ports.ubuntu.com/ubuntu-ports jammy-security/restricted arm64 Packages [4651 kB]
#25 6.143 Get:20 http://ports.ubuntu.com/ubuntu-ports jammy-security/multiverse arm64 Packages [27.2 kB]
#25 6.147 Get:21 http://ports.ubuntu.com/ubuntu-ports jammy-security/main arm64 Packages [2971 kB]
#25 9.269 Fetched 42.1 MB in 8s (5017 kB/s)
#25 9.269 Reading package lists...
#25 13.16 Reading package lists...
#25 17.57 Building dependency tree...
#25 18.30 Reading state information...
#25 19.61 ros-humble-xacro is already the newest version (2.0.13-1jammy.20250718.235126).
#25 19.61 ros-humble-xacro set to manually installed.
#25 19.61 The following additional packages will be installed:
#25 19.62   libcap-dev libdw-dev libelf-dev libomp-14-dev libomp-dev libomp5-14
#25 19.62   python-babel-localedata python3-babel python3-jinja2 python3-markupsafe
#25 19.62   python3-transforms3d python3-typeguard ros-humble-ackermann-msgs
#25 19.62   ros-humble-ackermann-steering-controller ros-humble-admittance-controller
#25 19.62   ros-humble-backward-ros ros-humble-bicycle-steering-controller
#25 19.62   ros-humble-control-msgs ros-humble-control-toolbox
#25 19.62   ros-humble-controller-interface ros-humble-controller-manager-msgs
#25 19.62   ros-humble-diff-drive-controller ros-humble-eigen-stl-containers
#25 19.62   ros-humble-force-torque-sensor-broadcaster
#25 19.62   ros-humble-forward-command-controller ros-humble-generate-parameter-library
#25 19.62   ros-humble-generate-parameter-library-py ros-humble-geometric-shapes
#25 19.62   ros-humble-gpio-controllers ros-humble-gripper-controllers
#25 19.62   ros-humble-imu-sensor-broadcaster ros-humble-joint-state-broadcaster
#25 19.62   ros-humble-kinematics-interface ros-humble-launch-param-builder
#25 19.62   ros-humble-mecanum-drive-controller ros-humble-moveit-configs-utils
#25 19.62   ros-humble-moveit-ros-occupancy-map-monitor
#25 19.62   ros-humble-moveit-ros-robot-interaction ros-humble-moveit-ros-warehouse
#25 19.62   ros-humble-moveit-setup-app-plugins ros-humble-moveit-setup-controllers
#25 19.62   ros-humble-moveit-setup-core-plugins ros-humble-moveit-setup-framework
#25 19.62   ros-humble-moveit-setup-srdf-plugins ros-humble-object-recognition-msgs
#25 19.62   ros-humble-octomap ros-humble-octomap-msgs ros-humble-ompl
#25 19.62   ros-humble-parameter-traits ros-humble-pid-controller
#25 19.62   ros-humble-pose-broadcaster ros-humble-position-controllers
#25 19.62   ros-humble-random-numbers ros-humble-range-sensor-broadcaster
#25 19.62   ros-humble-realtime-tools ros-humble-ros2-control-test-assets ros-humble-rsl
#25 19.62   ros-humble-ruckig ros-humble-srdfdom ros-humble-steering-controllers-library
#25 19.62   ros-humble-tcb-span ros-humble-tl-expected ros-humble-tricycle-controller
#25 19.62   ros-humble-tricycle-steering-controller ros-humble-urdfdom-py
#25 19.62   ros-humble-velocity-controllers ros-humble-warehouse-ros
#25 19.63 Suggested packages:
#25 19.63   manpages-dev libomp-14-doc python-jinja2-doc
#25 21.13 The following NEW packages will be installed:
#25 21.14   libcap-dev libdw-dev libelf-dev libomp-14-dev libomp-dev libomp5-14
#25 21.14   python-babel-localedata python3-babel python3-jinja2 python3-markupsafe
#25 21.14   python3-transforms3d python3-typeguard ros-humble-ackermann-msgs
#25 21.14   ros-humble-ackermann-steering-controller ros-humble-admittance-controller
#25 21.14   ros-humble-backward-ros ros-humble-bicycle-steering-controller
#25 21.14   ros-humble-control-msgs ros-humble-control-toolbox
#25 21.14   ros-humble-controller-interface ros-humble-controller-manager
#25 21.14   ros-humble-controller-manager-msgs ros-humble-diff-drive-controller
#25 21.14   ros-humble-dynamixel-sdk ros-humble-effort-controllers
#25 21.14   ros-humble-eigen-stl-containers ros-humble-force-torque-sensor-broadcaster
#25 21.14   ros-humble-forward-command-controller ros-humble-generate-parameter-library
#25 21.14   ros-humble-generate-parameter-library-py ros-humble-geometric-shapes
#25 21.14   ros-humble-gpio-controllers ros-humble-graph-msgs
#25 21.14   ros-humble-gripper-controllers ros-humble-gz-ros2-control
#25 21.14   ros-humble-hardware-interface ros-humble-imu-sensor-broadcaster
#25 21.14   ros-humble-joint-state-broadcaster ros-humble-joint-state-publisher
#25 21.14   ros-humble-joint-state-publisher-gui ros-humble-joint-trajectory-controller
#25 21.14   ros-humble-kinematics-interface ros-humble-launch-param-builder
#25 21.14   ros-humble-mecanum-drive-controller ros-humble-moveit-common
#25 21.14   ros-humble-moveit-configs-utils ros-humble-moveit-core
#25 21.14   ros-humble-moveit-kinematics ros-humble-moveit-msgs
#25 21.14   ros-humble-moveit-planners-ompl ros-humble-moveit-ros-move-group
#25 21.14   ros-humble-moveit-ros-occupancy-map-monitor ros-humble-moveit-ros-planning
#25 21.14   ros-humble-moveit-ros-planning-interface
#25 21.14   ros-humble-moveit-ros-robot-interaction ros-humble-moveit-ros-visualization
#25 21.14   ros-humble-moveit-ros-warehouse ros-humble-moveit-setup-app-plugins
#25 21.14   ros-humble-moveit-setup-assistant ros-humble-moveit-setup-controllers
#25 21.14   ros-humble-moveit-setup-core-plugins ros-humble-moveit-setup-framework
#25 21.14   ros-humble-moveit-setup-srdf-plugins
#25 21.14   ros-humble-moveit-simple-controller-manager ros-humble-nav2-msgs
#25 21.14   ros-humble-object-recognition-msgs ros-humble-octomap
#25 21.14   ros-humble-octomap-msgs ros-humble-ompl ros-humble-parameter-traits
#25 21.14   ros-humble-pid-controller ros-humble-pose-broadcaster
#25 21.14   ros-humble-position-controllers ros-humble-random-numbers
#25 21.14   ros-humble-range-sensor-broadcaster ros-humble-realtime-tools
#25 21.14   ros-humble-ros-gz ros-humble-ros2-control-test-assets
#25 21.14   ros-humble-ros2-controllers ros-humble-rsl ros-humble-ruckig
#25 21.14   ros-humble-rviz-visual-tools ros-humble-srdfdom
#25 21.14   ros-humble-steering-controllers-library ros-humble-tcb-span
#25 21.14   ros-humble-tf-transformations ros-humble-tl-expected
#25 21.14   ros-humble-tricycle-controller ros-humble-tricycle-steering-controller
#25 21.14   ros-humble-urdfdom-py ros-humble-velocity-controllers
#25 21.14   ros-humble-warehouse-ros
#25 21.46 0 upgraded, 92 newly installed, 0 to remove and 0 not upgraded.
#25 21.46 Need to get 22.0 MB of archives.
#25 21.46 After this operation, 150 MB of additional disk space will be used.
#25 21.46 Get:1 http://packages.ros.org/ros2/ubuntu jammy/main arm64 ros-humble-ackermann-msgs arm64 2.0.2-3jammy.20250719.110909 [45.7 kB]
#25 21.53 Get:2 http://ports.ubuntu.com/ubuntu-ports jammy-updates/main arm64 libcap-dev arm64 1:2.44-1ubuntu0.22.04.2 [40.3 kB]
#25 21.63 Get:3 http://packages.ros.org/ros2/ubuntu jammy/main arm64 ros-humble-backward-ros arm64 1.0.8-2jammy.20250701.013154 [58.1 kB]
#25 21.64 Get:4 http://packages.ros.org/ros2/ubuntu jammy/main arm64 ros-humble-control-msgs arm64 4.8.0-1jammy.20250719.104223 [439 kB]
#25 21.69 Get:5 http://ports.ubuntu.com/ubuntu-ports jammy-updates/main arm64 libelf-dev arm64 0.186-1ubuntu0.1 [65.8 kB]
#25 21.78 Get:6 http://ports.ubuntu.com/ubuntu-ports jammy-updates/main arm64 libdw-dev arm64 0.186-1ubuntu0.1 [322 kB]
#25 21.91 Get:7 http://packages.ros.org/ros2/ubuntu jammy/main arm64 ros-humble-hardware-interface arm64 2.51.0-1jammy.20250722.080403 [215 kB]
#25 21.95 Get:8 http://ports.ubuntu.com/ubuntu-ports jammy-updates/universe arm64 libomp5-14 arm64 1:14.0.0-1ubuntu1.1 [337 kB]
#25 22.01 Get:9 http://packages.ros.org/ros2/ubuntu jammy/main arm64 ros-humble-controller-interface arm64 2.51.0-1jammy.20250722.081850 [34.3 kB]
#25 22.01 Get:10 http://packages.ros.org/ros2/ubuntu jammy/main arm64 ros-humble-generate-parameter-library-py arm64 0.5.0-1jammy.20250718.233746 [43.8 kB]
#25 22.05 Get:11 http://ports.ubuntu.com/ubuntu-ports jammy-updates/universe arm64 libomp-14-dev arm64 1:14.0.0-1ubuntu1.1 [334 kB]
#25 22.06 Get:12 http://packages.ros.org/ros2/ubuntu jammy/main arm64 ros-humble-tcb-span arm64 1.0.2-2jammy.20250701.024105 [10.4 kB]
#25 22.06 Get:13 http://packages.ros.org/ros2/ubuntu jammy/main arm64 ros-humble-tl-expected arm64 1.0.2-2jammy.20250701.024347 [16.4 kB]
#25 22.07 Get:14 http://packages.ros.org/ros2/ubuntu jammy/main arm64 ros-humble-rsl arm64 1.2.0-3jammy.20250719.151821 [18.0 kB]
#25 22.07 Get:15 http://packages.ros.org/ros2/ubuntu jammy/main arm64 ros-humble-parameter-traits arm64 0.5.0-1jammy.20250719.152504 [9872 B]
#25 22.08 Get:16 http://packages.ros.org/ros2/ubuntu jammy/main arm64 ros-humble-generate-parameter-library arm64 0.5.0-1jammy.20250721.220448 [8784 B]
#25 22.08 Get:17 http://packages.ros.org/ros2/ubuntu jammy/main arm64 ros-humble-realtime-tools arm64 2.14.0-1jammy.20250722.080937 [43.0 kB]
#25 22.10 Get:18 http://ports.ubuntu.com/ubuntu-ports jammy/main arm64 python-babel-localedata all 2.8.0+dfsg.1-7 [4982 kB]
#25 22.14 Get:19 http://packages.ros.org/ros2/ubuntu jammy/main arm64 ros-humble-steering-controllers-library arm64 2.49.1-1jammy.20250731.202006 [177 kB]
#25 22.32 Get:20 http://packages.ros.org/ros2/ubuntu jammy/main arm64 ros-humble-ackermann-steering-controller arm64 2.49.1-1jammy.20250731.202812 [39.9 kB]
#25 22.33 Get:21 http://packages.ros.org/ros2/ubuntu jammy/main arm64 ros-humble-control-toolbox arm64 3.6.1-1jammy.20250722.175916 [128 kB]
#25 22.46 Get:22 http://packages.ros.org/ros2/ubuntu jammy/main arm64 ros-humble-kinematics-interface arm64 0.4.0-1jammy.20250722.080354 [14.9 kB]
#25 22.47 Get:23 http://packages.ros.org/ros2/ubuntu jammy/main arm64 ros-humble-admittance-controller arm64 2.49.1-1jammy.20250731.181402 [235 kB]
#25 22.63 Get:24 http://packages.ros.org/ros2/ubuntu jammy/main arm64 ros-humble-bicycle-steering-controller arm64 2.49.1-1jammy.20250731.203104 [38.4 kB]
#25 22.64 Get:25 http://packages.ros.org/ros2/ubuntu jammy/main arm64 ros-humble-controller-manager-msgs arm64 2.51.0-1jammy.20250719.081707 [200 kB]
#25 22.78 Get:26 http://ports.ubuntu.com/ubuntu-ports jammy/main arm64 python3-babel all 2.8.0+dfsg.1-7 [85.1 kB]
#25 22.78 Get:27 http://ports.ubuntu.com/ubuntu-ports jammy/main arm64 python3-markupsafe arm64 2.0.1-2build1 [12.7 kB]
#25 22.79 Get:28 http://ports.ubuntu.com/ubuntu-ports jammy-updates/main arm64 python3-jinja2 all 3.0.3-1ubuntu0.4 [108 kB]
#25 22.79 Get:29 http://ports.ubuntu.com/ubuntu-ports jammy/universe arm64 python3-transforms3d all 0.3.1+ds-2 [42.8 kB]
#25 22.81 Get:30 http://ports.ubuntu.com/ubuntu-ports jammy/universe arm64 python3-typeguard all 2.2.2-1.1 [13.3 kB]
#25 22.82 Get:31 http://ports.ubuntu.com/ubuntu-ports jammy/universe arm64 libomp-dev arm64 1:14.0-55~exp2 [3074 B]
#25 22.85 Get:32 http://packages.ros.org/ros2/ubuntu jammy/main arm64 ros-humble-ros2-control-test-assets arm64 2.51.0-1jammy.20250701.023222 [12.2 kB]
#25 22.86 Get:33 http://packages.ros.org/ros2/ubuntu jammy/main arm64 ros-humble-controller-manager arm64 2.51.0-1jammy.20250730.115036 [400 kB]
#25 22.94 Get:34 http://packages.ros.org/ros2/ubuntu jammy/main arm64 ros-humble-diff-drive-controller arm64 2.49.1-1jammy.20250731.181413 [193 kB]
#25 23.02 Get:35 http://packages.ros.org/ros2/ubuntu jammy/main arm64 ros-humble-dynamixel-sdk arm64 3.8.4-1jammy.20250701.020032 [71.6 kB]
#25 23.07 Get:36 http://packages.ros.org/ros2/ubuntu jammy/main arm64 ros-humble-forward-command-controller arm64 2.49.1-1jammy.20250731.181441 [116 kB]
#25 23.14 Get:37 http://packages.ros.org/ros2/ubuntu jammy/main arm64 ros-humble-effort-controllers arm64 2.49.1-1jammy.20250731.201530 [20.9 kB]
#25 23.15 Get:38 http://packages.ros.org/ros2/ubuntu jammy/main arm64 ros-humble-eigen-stl-containers arm64 1.1.0-1jammy.20250701.021027 [10.1 kB]
#25 23.15 Get:39 http://packages.ros.org/ros2/ubuntu jammy/main arm64 ros-humble-force-torque-sensor-broadcaster arm64 2.49.1-1jammy.20250731.181441 [76.7 kB]
#25 23.21 Get:40 http://packages.ros.org/ros2/ubuntu jammy/main arm64 ros-humble-random-numbers arm64 2.0.1-3jammy.20250718.235156 [28.5 kB]
#25 23.21 Get:41 http://packages.ros.org/ros2/ubuntu jammy/main arm64 ros-humble-geometric-shapes arm64 2.3.2-1jammy.20250719.123321 [97.1 kB]
#25 23.27 Get:42 http://packages.ros.org/ros2/ubuntu jammy/main arm64 ros-humble-gpio-controllers arm64 2.49.1-1jammy.20250731.181420 [133 kB]
#25 23.33 Get:43 http://packages.ros.org/ros2/ubuntu jammy/main arm64 ros-humble-graph-msgs arm64 0.2.0-3jammy.20250719.102414 [56.3 kB]
#25 23.34 Get:44 http://packages.ros.org/ros2/ubuntu jammy/main arm64 ros-humble-gripper-controllers arm64 2.49.1-1jammy.20250731.181423 [76.4 kB]
#25 23.40 Get:45 http://packages.ros.org/ros2/ubuntu jammy/main arm64 ros-humble-gz-ros2-control arm64 0.7.15-1jammy.20250730.131836 [211 kB]
#25 23.48 Get:46 http://packages.ros.org/ros2/ubuntu jammy/main arm64 ros-humble-imu-sensor-broadcaster arm64 2.49.1-1jammy.20250731.181433 [76.2 kB]
#25 23.49 Get:47 http://packages.ros.org/ros2/ubuntu jammy/main arm64 ros-humble-joint-state-broadcaster arm64 2.49.1-1jammy.20250731.181402 [90.4 kB]
#25 23.54 Get:48 http://packages.ros.org/ros2/ubuntu jammy/main arm64 ros-humble-joint-state-publisher arm64 2.4.0-1jammy.20250719.125040 [16.1 kB]
#25 23.55 Get:49 http://packages.ros.org/ros2/ubuntu jammy/main arm64 ros-humble-joint-state-publisher-gui arm64 2.4.0-1jammy.20250719.142813 [15.5 kB]
#25 23.55 Get:50 http://packages.ros.org/ros2/ubuntu jammy/main arm64 ros-humble-joint-trajectory-controller arm64 2.49.1-1jammy.20250731.202000 [244 kB]
#25 23.65 Get:51 http://packages.ros.org/ros2/ubuntu jammy/main arm64 ros-humble-launch-param-builder arm64 0.1.1-1jammy.20250719.142840 [8306 B]
#25 23.65 Get:52 http://packages.ros.org/ros2/ubuntu jammy/main arm64 ros-humble-mecanum-drive-controller arm64 2.49.1-1jammy.20250731.201605 [174 kB]
#25 23.72 Get:53 http://packages.ros.org/ros2/ubuntu jammy/main arm64 ros-humble-moveit-common arm64 2.5.9-1jammy.20250719.010759 [8226 B]
#25 23.72 Get:54 http://packages.ros.org/ros2/ubuntu jammy/main arm64 ros-humble-urdfdom-py arm64 1.2.1-1jammy.20250719.143443 [34.0 kB]
#25 23.73 Get:55 http://packages.ros.org/ros2/ubuntu jammy/main arm64 ros-humble-srdfdom arm64 2.0.7-1jammy.20250721.222620 [58.4 kB]
#25 23.78 Get:56 http://packages.ros.org/ros2/ubuntu jammy/main arm64 ros-humble-moveit-configs-utils arm64 2.5.9-1jammy.20250721.231046 [24.9 kB]
#25 23.79 Get:57 http://packages.ros.org/ros2/ubuntu jammy/main arm64 ros-humble-octomap arm64 1.9.8-1jammy.20250701.031552 [219 kB]
#25 23.86 Get:58 http://packages.ros.org/ros2/ubuntu jammy/main arm64 ros-humble-object-recognition-msgs arm64 2.0.0-3jammy.20250719.103957 [155 kB]
#25 23.92 Get:59 http://packages.ros.org/ros2/ubuntu jammy/main arm64 ros-humble-octomap-msgs arm64 2.0.1-1jammy.20250719.102747 [79.1 kB]
#25 23.98 Get:60 http://packages.ros.org/ros2/ubuntu jammy/main arm64 ros-humble-moveit-msgs arm64 2.2.1-1jammy.20250719.104604 [1030 kB]
#25 24.19 Get:61 http://packages.ros.org/ros2/ubuntu jammy/main arm64 ros-humble-ruckig arm64 0.9.2-1jammy.20250701.043950 [69.4 kB]
#25 24.21 Get:62 http://packages.ros.org/ros2/ubuntu jammy/main arm64 ros-humble-moveit-core arm64 2.5.9-1jammy.20250730.182355 [1100 kB]
#25 24.37 Get:63 http://packages.ros.org/ros2/ubuntu jammy/main arm64 ros-humble-moveit-ros-occupancy-map-monitor arm64 2.5.9-1jammy.20250731.071614 [228 kB]
#25 24.44 Get:64 http://packages.ros.org/ros2/ubuntu jammy/main arm64 ros-humble-moveit-ros-planning arm64 2.5.9-1jammy.20250731.072510 [1039 kB]
#25 24.60 Get:65 http://packages.ros.org/ros2/ubuntu jammy/main arm64 ros-humble-moveit-kinematics arm64 2.5.9-1jammy.20250731.080403 [445 kB]
#25 24.70 Get:66 http://packages.ros.org/ros2/ubuntu jammy/main arm64 ros-humble-ompl arm64 1.7.0-3jammy.20250701.073255 [2328 kB]
#25 25.04 Get:67 http://packages.ros.org/ros2/ubuntu jammy/main arm64 ros-humble-moveit-planners-ompl arm64 2.5.9-1jammy.20250731.081008 [315 kB]
#25 25.12 Get:68 http://packages.ros.org/ros2/ubuntu jammy/main arm64 ros-humble-moveit-ros-move-group arm64 2.5.9-1jammy.20250731.081425 [329 kB]
#25 25.32 Get:69 http://packages.ros.org/ros2/ubuntu jammy/main arm64 ros-humble-warehouse-ros arm64 2.0.5-1jammy.20250728.181751 [117 kB]
#25 25.37 Get:70 http://packages.ros.org/ros2/ubuntu jammy/main arm64 ros-humble-moveit-ros-warehouse arm64 2.5.9-1jammy.20250731.080349 [416 kB]
#25 25.41 Get:71 http://packages.ros.org/ros2/ubuntu jammy/main arm64 ros-humble-moveit-ros-planning-interface arm64 2.5.9-1jammy.20250731.082631 [250 kB]
#25 25.43 Get:72 http://packages.ros.org/ros2/ubuntu jammy/main arm64 ros-humble-moveit-ros-robot-interaction arm64 2.5.9-1jammy.20250731.080205 [164 kB]
#25 25.45 Get:73 http://packages.ros.org/ros2/ubuntu jammy/main arm64 ros-humble-moveit-ros-visualization arm64 2.5.9-1jammy.20250731.085840 [667 kB]
#25 25.51 Get:74 http://packages.ros.org/ros2/ubuntu jammy/main arm64 ros-humble-moveit-setup-framework arm64 2.5.9-1jammy.20250731.092036 [176 kB]
#25 25.53 Get:75 http://packages.ros.org/ros2/ubuntu jammy/main arm64 ros-humble-moveit-setup-app-plugins arm64 2.5.9-1jammy.20250731.093037 [68.0 kB]
#25 25.53 Get:76 http://packages.ros.org/ros2/ubuntu jammy/main arm64 ros-humble-moveit-setup-controllers arm64 2.5.9-1jammy.20250731.093036 [153 kB]
#25 25.55 Get:77 http://packages.ros.org/ros2/ubuntu jammy/main arm64 ros-humble-moveit-setup-core-plugins arm64 2.5.9-1jammy.20250731.093103 [59.8 kB]
#25 25.55 Get:78 http://packages.ros.org/ros2/ubuntu jammy/main arm64 ros-humble-moveit-setup-srdf-plugins arm64 2.5.9-1jammy.20250731.093100 [294 kB]
#25 25.97 Get:79 http://packages.ros.org/ros2/ubuntu jammy/main arm64 ros-humble-moveit-setup-assistant arm64 2.5.9-1jammy.20250731.094927 [283 kB]
#25 26.00 Get:80 http://packages.ros.org/ros2/ubuntu jammy/main arm64 ros-humble-moveit-simple-controller-manager arm64 2.5.9-1jammy.20250731.071451 [95.6 kB]
#25 26.01 Get:81 http://packages.ros.org/ros2/ubuntu jammy/main arm64 ros-humble-nav2-msgs arm64 1.1.18-1jammy.20250719.143458 [620 kB]
#25 26.07 Get:82 http://packages.ros.org/ros2/ubuntu jammy/main arm64 ros-humble-pid-controller arm64 2.49.1-1jammy.20250731.201607 [156 kB]
#25 26.08 Get:83 http://packages.ros.org/ros2/ubuntu jammy/main arm64 ros-humble-pose-broadcaster arm64 2.49.1-1jammy.20250731.201617 [82.5 kB]
#25 26.09 Get:84 http://packages.ros.org/ros2/ubuntu jammy/main arm64 ros-humble-position-controllers arm64 2.49.1-1jammy.20250731.201157 [20.4 kB]
#25 26.09 Get:85 http://packages.ros.org/ros2/ubuntu jammy/main arm64 ros-humble-range-sensor-broadcaster arm64 2.49.1-1jammy.20250731.181419 [71.6 kB]
#25 26.10 Get:86 http://packages.ros.org/ros2/ubuntu jammy/main arm64 ros-humble-ros-gz arm64 0.244.20-1jammy.20250730.123808 [6994 B]
#25 26.10 Get:87 http://packages.ros.org/ros2/ubuntu jammy/main arm64 ros-humble-tricycle-controller arm64 2.49.1-1jammy.20250731.181345 [172 kB]
#25 26.11 Get:88 http://packages.ros.org/ros2/ubuntu jammy/main arm64 ros-humble-tricycle-steering-controller arm64 2.49.1-1jammy.20250731.202813 [38.9 kB]
#25 26.13 Get:89 http://packages.ros.org/ros2/ubuntu jammy/main arm64 ros-humble-velocity-controllers arm64 2.49.1-1jammy.20250731.201314 [20.9 kB]
#25 26.18 Get:90 http://packages.ros.org/ros2/ubuntu jammy/main arm64 ros-humble-ros2-controllers arm64 2.49.1-1jammy.20250731.203919 [7442 B]
#25 26.19 Get:91 http://packages.ros.org/ros2/ubuntu jammy/main arm64 ros-humble-rviz-visual-tools arm64 4.1.4-1jammy.20250730.124320 [286 kB]
#25 26.21 Get:92 http://packages.ros.org/ros2/ubuntu jammy/main arm64 ros-humble-tf-transformations arm64 1.1.0-1jammy.20250718.232806 [19.6 kB]
#25 27.39 debconf: delaying package configuration, since apt-utils is not installed
#25 27.66 Fetched 22.0 MB in 5s (4384 kB/s)
#25 27.88 Selecting previously unselected package libcap-dev:arm64.
#25 27.88 (Reading database ... 
(Reading database ... 5%
(Reading database ... 10%
(Reading database ... 15%
(Reading database ... 20%
(Reading database ... 25%
(Reading database ... 30%
(Reading database ... 35%
(Reading database ... 40%
(Reading database ... 45%
(Reading database ... 50%
(Reading database ... 55%
(Reading database ... 60%
(Reading database ... 65%
(Reading database ... 70%
(Reading database ... 75%
(Reading database ... 80%
(Reading database ... 85%
(Reading database ... 90%
(Reading database ... 95%
(Reading database ... 100%
(Reading database ... 135959 files and directories currently installed.)
#25 29.17 Preparing to unpack .../00-libcap-dev_1%3a2.44-1ubuntu0.22.04.2_arm64.deb ...
#25 29.19 Unpacking libcap-dev:arm64 (1:2.44-1ubuntu0.22.04.2) ...
#25 29.40 Selecting previously unselected package libelf-dev:arm64.
#25 29.44 Preparing to unpack .../01-libelf-dev_0.186-1ubuntu0.1_arm64.deb ...
#25 29.45 Unpacking libelf-dev:arm64 (0.186-1ubuntu0.1) ...
#25 29.65 Selecting previously unselected package libdw-dev:arm64.
#25 29.68 Preparing to unpack .../02-libdw-dev_0.186-1ubuntu0.1_arm64.deb ...
#25 29.69 Unpacking libdw-dev:arm64 (0.186-1ubuntu0.1) ...
#25 29.92 Selecting previously unselected package libomp5-14:arm64.
#25 29.96 Preparing to unpack .../03-libomp5-14_1%3a14.0.0-1ubuntu1.1_arm64.deb ...
#25 29.98 Unpacking libomp5-14:arm64 (1:14.0.0-1ubuntu1.1) ...
#25 30.22 Selecting previously unselected package libomp-14-dev.
#25 30.26 Preparing to unpack .../04-libomp-14-dev_1%3a14.0.0-1ubuntu1.1_arm64.deb ...
#25 30.27 Unpacking libomp-14-dev (1:14.0.0-1ubuntu1.1) ...
#25 30.57 Selecting previously unselected package python-babel-localedata.
#25 30.61 Preparing to unpack .../05-python-babel-localedata_2.8.0+dfsg.1-7_all.deb ...
#25 30.62 Unpacking python-babel-localedata (2.8.0+dfsg.1-7) ...
#25 32.16 Selecting previously unselected package python3-babel.
#25 32.20 Preparing to unpack .../06-python3-babel_2.8.0+dfsg.1-7_all.deb ...
#25 32.21 Unpacking python3-babel (2.8.0+dfsg.1-7) ...
#25 32.43 Selecting previously unselected package python3-markupsafe.
#25 32.46 Preparing to unpack .../07-python3-markupsafe_2.0.1-2build1_arm64.deb ...
#25 32.47 Unpacking python3-markupsafe (2.0.1-2build1) ...
#25 32.67 Selecting previously unselected package python3-jinja2.
#25 32.70 Preparing to unpack .../08-python3-jinja2_3.0.3-1ubuntu0.4_all.deb ...
#25 32.71 Unpacking python3-jinja2 (3.0.3-1ubuntu0.4) ...
#25 32.94 Selecting previously unselected package python3-transforms3d.
#25 32.98 Preparing to unpack .../09-python3-transforms3d_0.3.1+ds-2_all.deb ...
#25 32.99 Unpacking python3-transforms3d (0.3.1+ds-2) ...
#25 33.20 Selecting previously unselected package python3-typeguard.
#25 33.24 Preparing to unpack .../10-python3-typeguard_2.2.2-1.1_all.deb ...
#25 33.24 Unpacking python3-typeguard (2.2.2-1.1) ...
#25 33.44 Selecting previously unselected package ros-humble-ackermann-msgs.
#25 33.48 Preparing to unpack .../11-ros-humble-ackermann-msgs_2.0.2-3jammy.20250719.110909_arm64.deb ...
#25 33.48 Unpacking ros-humble-ackermann-msgs (2.0.2-3jammy.20250719.110909) ...
#25 33.80 Selecting previously unselected package ros-humble-backward-ros.
#25 33.83 Preparing to unpack .../12-ros-humble-backward-ros_1.0.8-2jammy.20250701.013154_arm64.deb ...
#25 33.84 Unpacking ros-humble-backward-ros (1.0.8-2jammy.20250701.013154) ...
#25 34.04 Selecting previously unselected package ros-humble-control-msgs.
#25 34.08 Preparing to unpack .../13-ros-humble-control-msgs_4.8.0-1jammy.20250719.104223_arm64.deb ...
#25 34.08 Unpacking ros-humble-control-msgs (4.8.0-1jammy.20250719.104223) ...
#25 34.83 Selecting previously unselected package ros-humble-hardware-interface.
#25 34.87 Preparing to unpack .../14-ros-humble-hardware-interface_2.51.0-1jammy.20250722.080403_arm64.deb ...
#25 34.88 Unpacking ros-humble-hardware-interface (2.51.0-1jammy.20250722.080403) ...
#25 35.12 Selecting previously unselected package ros-humble-controller-interface.
#25 35.16 Preparing to unpack .../15-ros-humble-controller-interface_2.51.0-1jammy.20250722.081850_arm64.deb ...
#25 35.16 Unpacking ros-humble-controller-interface (2.51.0-1jammy.20250722.081850) ...
#25 35.37 Selecting previously unselected package ros-humble-generate-parameter-library-py.
#25 35.41 Preparing to unpack .../16-ros-humble-generate-parameter-library-py_0.5.0-1jammy.20250718.233746_arm64.deb ...
#25 35.42 Unpacking ros-humble-generate-parameter-library-py (0.5.0-1jammy.20250718.233746) ...
#25 35.66 Selecting previously unselected package ros-humble-tcb-span.
#25 35.70 Preparing to unpack .../17-ros-humble-tcb-span_1.0.2-2jammy.20250701.024105_arm64.deb ...
#25 35.71 Unpacking ros-humble-tcb-span (1.0.2-2jammy.20250701.024105) ...
#25 35.91 Selecting previously unselected package ros-humble-tl-expected.
#25 35.95 Preparing to unpack .../18-ros-humble-tl-expected_1.0.2-2jammy.20250701.024347_arm64.deb ...
#25 35.96 Unpacking ros-humble-tl-expected (1.0.2-2jammy.20250701.024347) ...
#25 36.16 Selecting previously unselected package ros-humble-rsl.
#25 36.20 Preparing to unpack .../19-ros-humble-rsl_1.2.0-3jammy.20250719.151821_arm64.deb ...
#25 36.21 Unpacking ros-humble-rsl (1.2.0-3jammy.20250719.151821) ...
#25 36.41 Selecting previously unselected package ros-humble-parameter-traits.
#25 36.45 Preparing to unpack .../20-ros-humble-parameter-traits_0.5.0-1jammy.20250719.152504_arm64.deb ...
#25 36.45 Unpacking ros-humble-parameter-traits (0.5.0-1jammy.20250719.152504) ...
#25 36.66 Selecting previously unselected package ros-humble-generate-parameter-library.
#25 36.70 Preparing to unpack .../21-ros-humble-generate-parameter-library_0.5.0-1jammy.20250721.220448_arm64.deb ...
#25 36.71 Unpacking ros-humble-generate-parameter-library (0.5.0-1jammy.20250721.220448) ...
#25 36.91 Selecting previously unselected package ros-humble-realtime-tools.
#25 36.95 Preparing to unpack .../22-ros-humble-realtime-tools_2.14.0-1jammy.20250722.080937_arm64.deb ...
#25 36.96 Unpacking ros-humble-realtime-tools (2.14.0-1jammy.20250722.080937) ...
#25 37.16 Selecting previously unselected package ros-humble-steering-controllers-library.
#25 37.20 Preparing to unpack .../23-ros-humble-steering-controllers-library_2.49.1-1jammy.20250731.202006_arm64.deb ...
#25 37.21 Unpacking ros-humble-steering-controllers-library (2.49.1-1jammy.20250731.202006) ...
#25 37.43 Selecting previously unselected package ros-humble-ackermann-steering-controller.
#25 37.46 Preparing to unpack .../24-ros-humble-ackermann-steering-controller_2.49.1-1jammy.20250731.202812_arm64.deb ...
#25 37.47 Unpacking ros-humble-ackermann-steering-controller (2.49.1-1jammy.20250731.202812) ...
#25 37.68 Selecting previously unselected package ros-humble-control-toolbox.
#25 37.72 Preparing to unpack .../25-ros-humble-control-toolbox_3.6.1-1jammy.20250722.175916_arm64.deb ...
#25 37.72 Unpacking ros-humble-control-toolbox (3.6.1-1jammy.20250722.175916) ...
#25 37.95 Selecting previously unselected package ros-humble-kinematics-interface.
#25 37.99 Preparing to unpack .../26-ros-humble-kinematics-interface_0.4.0-1jammy.20250722.080354_arm64.deb ...
#25 38.00 Unpacking ros-humble-kinematics-interface (0.4.0-1jammy.20250722.080354) ...
#25 38.21 Selecting previously unselected package ros-humble-admittance-controller.
#25 38.24 Preparing to unpack .../27-ros-humble-admittance-controller_2.49.1-1jammy.20250731.181402_arm64.deb ...
#25 38.25 Unpacking ros-humble-admittance-controller (2.49.1-1jammy.20250731.181402) ...
#25 38.47 Selecting previously unselected package ros-humble-bicycle-steering-controller.
#25 38.51 Preparing to unpack .../28-ros-humble-bicycle-steering-controller_2.49.1-1jammy.20250731.203104_arm64.deb ...
#25 38.52 Unpacking ros-humble-bicycle-steering-controller (2.49.1-1jammy.20250731.203104) ...
#25 38.74 Selecting previously unselected package ros-humble-controller-manager-msgs.
#25 38.78 Preparing to unpack .../29-ros-humble-controller-manager-msgs_2.51.0-1jammy.20250719.081707_arm64.deb ...
#25 38.79 Unpacking ros-humble-controller-manager-msgs (2.51.0-1jammy.20250719.081707) ...
#25 39.33 Selecting previously unselected package ros-humble-ros2-control-test-assets.
#25 39.37 Preparing to unpack .../30-ros-humble-ros2-control-test-assets_2.51.0-1jammy.20250701.023222_arm64.deb ...
#25 39.38 Unpacking ros-humble-ros2-control-test-assets (2.51.0-1jammy.20250701.023222) ...
#25 39.58 Selecting previously unselected package ros-humble-controller-manager.
#25 39.62 Preparing to unpack .../31-ros-humble-controller-manager_2.51.0-1jammy.20250730.115036_arm64.deb ...
#25 39.62 Unpacking ros-humble-controller-manager (2.51.0-1jammy.20250730.115036) ...
#25 39.89 Selecting previously unselected package ros-humble-diff-drive-controller.
#25 39.93 Preparing to unpack .../32-ros-humble-diff-drive-controller_2.49.1-1jammy.20250731.181413_arm64.deb ...
#25 39.94 Unpacking ros-humble-diff-drive-controller (2.49.1-1jammy.20250731.181413) ...
#25 40.16 Selecting previously unselected package ros-humble-dynamixel-sdk.
#25 40.20 Preparing to unpack .../33-ros-humble-dynamixel-sdk_3.8.4-1jammy.20250701.020032_arm64.deb ...
#25 40.21 Unpacking ros-humble-dynamixel-sdk (3.8.4-1jammy.20250701.020032) ...
#25 40.47 Selecting previously unselected package ros-humble-forward-command-controller.
#25 40.51 Preparing to unpack .../34-ros-humble-forward-command-controller_2.49.1-1jammy.20250731.181441_arm64.deb ...
#25 40.52 Unpacking ros-humble-forward-command-controller (2.49.1-1jammy.20250731.181441) ...
#25 40.72 Selecting previously unselected package ros-humble-effort-controllers.
#25 40.76 Preparing to unpack .../35-ros-humble-effort-controllers_2.49.1-1jammy.20250731.201530_arm64.deb ...
#25 40.77 Unpacking ros-humble-effort-controllers (2.49.1-1jammy.20250731.201530) ...
#25 40.97 Selecting previously unselected package ros-humble-eigen-stl-containers.
#25 41.00 Preparing to unpack .../36-ros-humble-eigen-stl-containers_1.1.0-1jammy.20250701.021027_arm64.deb ...
#25 41.01 Unpacking ros-humble-eigen-stl-containers (1.1.0-1jammy.20250701.021027) ...
#25 41.20 Selecting previously unselected package ros-humble-force-torque-sensor-broadcaster.
#25 41.23 Preparing to unpack .../37-ros-humble-force-torque-sensor-broadcaster_2.49.1-1jammy.20250731.181441_arm64.deb ...
#25 41.24 Unpacking ros-humble-force-torque-sensor-broadcaster (2.49.1-1jammy.20250731.181441) ...
#25 41.44 Selecting previously unselected package ros-humble-random-numbers.
#25 41.48 Preparing to unpack .../38-ros-humble-random-numbers_2.0.1-3jammy.20250718.235156_arm64.deb ...
#25 41.49 Unpacking ros-humble-random-numbers (2.0.1-3jammy.20250718.235156) ...
#25 41.71 Selecting previously unselected package ros-humble-geometric-shapes.
#25 41.75 Preparing to unpack .../39-ros-humble-geometric-shapes_2.3.2-1jammy.20250719.123321_arm64.deb ...
#25 41.76 Unpacking ros-humble-geometric-shapes (2.3.2-1jammy.20250719.123321) ...
#25 41.98 Selecting previously unselected package ros-humble-gpio-controllers.
#25 42.02 Preparing to unpack .../40-ros-humble-gpio-controllers_2.49.1-1jammy.20250731.181420_arm64.deb ...
#25 42.03 Unpacking ros-humble-gpio-controllers (2.49.1-1jammy.20250731.181420) ...
#25 42.25 Selecting previously unselected package ros-humble-graph-msgs.
#25 42.29 Preparing to unpack .../41-ros-humble-graph-msgs_0.2.0-3jammy.20250719.102414_arm64.deb ...
#25 42.30 Unpacking ros-humble-graph-msgs (0.2.0-3jammy.20250719.102414) ...
#25 42.58 Selecting previously unselected package ros-humble-gripper-controllers.
#25 42.62 Preparing to unpack .../42-ros-humble-gripper-controllers_2.49.1-1jammy.20250731.181423_arm64.deb ...
#25 42.63 Unpacking ros-humble-gripper-controllers (2.49.1-1jammy.20250731.181423) ...
#25 42.84 Selecting previously unselected package ros-humble-gz-ros2-control.
#25 42.88 Preparing to unpack .../43-ros-humble-gz-ros2-control_0.7.15-1jammy.20250730.131836_arm64.deb ...
#25 42.89 Unpacking ros-humble-gz-ros2-control (0.7.15-1jammy.20250730.131836) ...
#25 43.12 Selecting previously unselected package ros-humble-imu-sensor-broadcaster.
#25 43.16 Preparing to unpack .../44-ros-humble-imu-sensor-broadcaster_2.49.1-1jammy.20250731.181433_arm64.deb ...
#25 43.17 Unpacking ros-humble-imu-sensor-broadcaster (2.49.1-1jammy.20250731.181433) ...
#25 43.38 Selecting previously unselected package ros-humble-joint-state-broadcaster.
#25 43.42 Preparing to unpack .../45-ros-humble-joint-state-broadcaster_2.49.1-1jammy.20250731.181402_arm64.deb ...
#25 43.43 Unpacking ros-humble-joint-state-broadcaster (2.49.1-1jammy.20250731.181402) ...
#25 43.64 Selecting previously unselected package ros-humble-joint-state-publisher.
#25 43.68 Preparing to unpack .../46-ros-humble-joint-state-publisher_2.4.0-1jammy.20250719.125040_arm64.deb ...
#25 43.69 Unpacking ros-humble-joint-state-publisher (2.4.0-1jammy.20250719.125040) ...
#25 43.89 Selecting previously unselected package ros-humble-joint-state-publisher-gui.
#25 43.93 Preparing to unpack .../47-ros-humble-joint-state-publisher-gui_2.4.0-1jammy.20250719.142813_arm64.deb ...
#25 43.94 Unpacking ros-humble-joint-state-publisher-gui (2.4.0-1jammy.20250719.142813) ...
#25 44.15 Selecting previously unselected package ros-humble-joint-trajectory-controller.
#25 44.18 Preparing to unpack .../48-ros-humble-joint-trajectory-controller_2.49.1-1jammy.20250731.202000_arm64.deb ...
#25 44.19 Unpacking ros-humble-joint-trajectory-controller (2.49.1-1jammy.20250731.202000) ...
#25 44.43 Selecting previously unselected package ros-humble-launch-param-builder.
#25 44.47 Preparing to unpack .../49-ros-humble-launch-param-builder_0.1.1-1jammy.20250719.142840_arm64.deb ...
#25 44.48 Unpacking ros-humble-launch-param-builder (0.1.1-1jammy.20250719.142840) ...
#25 44.69 Selecting previously unselected package ros-humble-mecanum-drive-controller.
#25 44.72 Preparing to unpack .../50-ros-humble-mecanum-drive-controller_2.49.1-1jammy.20250731.201605_arm64.deb ...
#25 44.74 Unpacking ros-humble-mecanum-drive-controller (2.49.1-1jammy.20250731.201605) ...
#25 44.98 Selecting previously unselected package ros-humble-moveit-common.
#25 45.01 Preparing to unpack .../51-ros-humble-moveit-common_2.5.9-1jammy.20250719.010759_arm64.deb ...
#25 45.02 Unpacking ros-humble-moveit-common (2.5.9-1jammy.20250719.010759) ...
#25 45.22 Selecting previously unselected package ros-humble-urdfdom-py.
#25 45.26 Preparing to unpack .../52-ros-humble-urdfdom-py_1.2.1-1jammy.20250719.143443_arm64.deb ...
#25 45.27 Unpacking ros-humble-urdfdom-py (1.2.1-1jammy.20250719.143443) ...
#25 45.49 Selecting previously unselected package ros-humble-srdfdom.
#25 45.52 Preparing to unpack .../53-ros-humble-srdfdom_2.0.7-1jammy.20250721.222620_arm64.deb ...
#25 45.53 Unpacking ros-humble-srdfdom (2.0.7-1jammy.20250721.222620) ...
#25 45.75 Selecting previously unselected package ros-humble-moveit-configs-utils.
#25 45.79 Preparing to unpack .../54-ros-humble-moveit-configs-utils_2.5.9-1jammy.20250721.231046_arm64.deb ...
#25 45.80 Unpacking ros-humble-moveit-configs-utils (2.5.9-1jammy.20250721.231046) ...
#25 46.02 Selecting previously unselected package ros-humble-octomap.
#25 46.06 Preparing to unpack .../55-ros-humble-octomap_1.9.8-1jammy.20250701.031552_arm64.deb ...
#25 46.07 Unpacking ros-humble-octomap (1.9.8-1jammy.20250701.031552) ...
#25 46.32 Selecting previously unselected package ros-humble-object-recognition-msgs.
#25 46.36 Preparing to unpack .../56-ros-humble-object-recognition-msgs_2.0.0-3jammy.20250719.103957_arm64.deb ...
#25 46.37 Unpacking ros-humble-object-recognition-msgs (2.0.0-3jammy.20250719.103957) ...
#25 46.82 Selecting previously unselected package ros-humble-octomap-msgs.
#25 46.86 Preparing to unpack .../57-ros-humble-octomap-msgs_2.0.1-1jammy.20250719.102747_arm64.deb ...
#25 46.87 Unpacking ros-humble-octomap-msgs (2.0.1-1jammy.20250719.102747) ...
#25 47.21 Selecting previously unselected package ros-humble-moveit-msgs.
#25 47.25 Preparing to unpack .../58-ros-humble-moveit-msgs_2.2.1-1jammy.20250719.104604_arm64.deb ...
#25 47.26 Unpacking ros-humble-moveit-msgs (2.2.1-1jammy.20250719.104604) ...
#25 48.93 Selecting previously unselected package ros-humble-ruckig.
#25 48.97 Preparing to unpack .../59-ros-humble-ruckig_0.9.2-1jammy.20250701.043950_arm64.deb ...
#25 48.98 Unpacking ros-humble-ruckig (0.9.2-1jammy.20250701.043950) ...
#25 49.19 Selecting previously unselected package ros-humble-moveit-core.
#25 49.23 Preparing to unpack .../60-ros-humble-moveit-core_2.5.9-1jammy.20250730.182355_arm64.deb ...
#25 49.24 Unpacking ros-humble-moveit-core (2.5.9-1jammy.20250730.182355) ...
#25 49.68 Selecting previously unselected package ros-humble-moveit-ros-occupancy-map-monitor.
#25 49.72 Preparing to unpack .../61-ros-humble-moveit-ros-occupancy-map-monitor_2.5.9-1jammy.20250731.071614_arm64.deb ...
#25 49.73 Unpacking ros-humble-moveit-ros-occupancy-map-monitor (2.5.9-1jammy.20250731.071614) ...
#25 49.96 Selecting previously unselected package ros-humble-moveit-ros-planning.
#25 50.00 Preparing to unpack .../62-ros-humble-moveit-ros-planning_2.5.9-1jammy.20250731.072510_arm64.deb ...
#25 50.01 Unpacking ros-humble-moveit-ros-planning (2.5.9-1jammy.20250731.072510) ...
#25 50.37 Selecting previously unselected package ros-humble-moveit-kinematics.
#25 50.41 Preparing to unpack .../63-ros-humble-moveit-kinematics_2.5.9-1jammy.20250731.080403_arm64.deb ...
#25 50.42 Unpacking ros-humble-moveit-kinematics (2.5.9-1jammy.20250731.080403) ...
#25 50.72 Selecting previously unselected package ros-humble-ompl.
#25 50.76 Preparing to unpack .../64-ros-humble-ompl_1.7.0-3jammy.20250701.073255_arm64.deb ...
#25 50.77 Unpacking ros-humble-ompl (1.7.0-3jammy.20250701.073255) ...
#25 51.56 Selecting previously unselected package libomp-dev:arm64.
#25 51.60 Preparing to unpack .../65-libomp-dev_1%3a14.0-55~exp2_arm64.deb ...
#25 51.61 Unpacking libomp-dev:arm64 (1:14.0-55~exp2) ...
#25 51.80 Selecting previously unselected package ros-humble-moveit-planners-ompl.
#25 51.84 Preparing to unpack .../66-ros-humble-moveit-planners-ompl_2.5.9-1jammy.20250731.081008_arm64.deb ...
#25 51.85 Unpacking ros-humble-moveit-planners-ompl (2.5.9-1jammy.20250731.081008) ...
#25 52.11 Selecting previously unselected package ros-humble-moveit-ros-move-group.
#25 52.15 Preparing to unpack .../67-ros-humble-moveit-ros-move-group_2.5.9-1jammy.20250731.081425_arm64.deb ...
#25 52.16 Unpacking ros-humble-moveit-ros-move-group (2.5.9-1jammy.20250731.081425) ...
#25 52.40 Selecting previously unselected package ros-humble-warehouse-ros.
#25 52.44 Preparing to unpack .../68-ros-humble-warehouse-ros_2.0.5-1jammy.20250728.181751_arm64.deb ...
#25 52.45 Unpacking ros-humble-warehouse-ros (2.0.5-1jammy.20250728.181751) ...
#25 52.68 Selecting previously unselected package ros-humble-moveit-ros-warehouse.
#25 52.72 Preparing to unpack .../69-ros-humble-moveit-ros-warehouse_2.5.9-1jammy.20250731.080349_arm64.deb ...
#25 52.73 Unpacking ros-humble-moveit-ros-warehouse (2.5.9-1jammy.20250731.080349) ...
#25 52.99 Selecting previously unselected package ros-humble-moveit-ros-planning-interface.
#25 53.03 Preparing to unpack .../70-ros-humble-moveit-ros-planning-interface_2.5.9-1jammy.20250731.082631_arm64.deb ...
#25 53.04 Unpacking ros-humble-moveit-ros-planning-interface (2.5.9-1jammy.20250731.082631) ...
#25 53.29 Selecting previously unselected package ros-humble-moveit-ros-robot-interaction.
#25 53.33 Preparing to unpack .../71-ros-humble-moveit-ros-robot-interaction_2.5.9-1jammy.20250731.080205_arm64.deb ...
#25 53.34 Unpacking ros-humble-moveit-ros-robot-interaction (2.5.9-1jammy.20250731.080205) ...
#25 53.58 Selecting previously unselected package ros-humble-moveit-ros-visualization.
#25 53.62 Preparing to unpack .../72-ros-humble-moveit-ros-visualization_2.5.9-1jammy.20250731.085840_arm64.deb ...
#25 53.63 Unpacking ros-humble-moveit-ros-visualization (2.5.9-1jammy.20250731.085840) ...
#25 53.93 Selecting previously unselected package ros-humble-moveit-setup-framework.
#25 53.97 Preparing to unpack .../73-ros-humble-moveit-setup-framework_2.5.9-1jammy.20250731.092036_arm64.deb ...
#25 53.98 Unpacking ros-humble-moveit-setup-framework (2.5.9-1jammy.20250731.092036) ...
#25 54.21 Selecting previously unselected package ros-humble-moveit-setup-app-plugins.
#25 54.26 Preparing to unpack .../74-ros-humble-moveit-setup-app-plugins_2.5.9-1jammy.20250731.093037_arm64.deb ...
#25 54.27 Unpacking ros-humble-moveit-setup-app-plugins (2.5.9-1jammy.20250731.093037) ...
#25 54.49 Selecting previously unselected package ros-humble-moveit-setup-controllers.
#25 54.53 Preparing to unpack .../75-ros-humble-moveit-setup-controllers_2.5.9-1jammy.20250731.093036_arm64.deb ...
#25 54.54 Unpacking ros-humble-moveit-setup-controllers (2.5.9-1jammy.20250731.093036) ...
#25 54.77 Selecting previously unselected package ros-humble-moveit-setup-core-plugins.
#25 54.81 Preparing to unpack .../76-ros-humble-moveit-setup-core-plugins_2.5.9-1jammy.20250731.093103_arm64.deb ...
#25 54.82 Unpacking ros-humble-moveit-setup-core-plugins (2.5.9-1jammy.20250731.093103) ...
#25 55.04 Selecting previously unselected package ros-humble-moveit-setup-srdf-plugins.
#25 55.08 Preparing to unpack .../77-ros-humble-moveit-setup-srdf-plugins_2.5.9-1jammy.20250731.093100_arm64.deb ...
#25 55.09 Unpacking ros-humble-moveit-setup-srdf-plugins (2.5.9-1jammy.20250731.093100) ...
#25 55.33 Selecting previously unselected package ros-humble-moveit-setup-assistant.
#25 55.37 Preparing to unpack .../78-ros-humble-moveit-setup-assistant_2.5.9-1jammy.20250731.094927_arm64.deb ...
#25 55.38 Unpacking ros-humble-moveit-setup-assistant (2.5.9-1jammy.20250731.094927) ...
#25 55.63 Selecting previously unselected package ros-humble-moveit-simple-controller-manager.
#25 55.67 Preparing to unpack .../79-ros-humble-moveit-simple-controller-manager_2.5.9-1jammy.20250731.071451_arm64.deb ...
#25 55.68 Unpacking ros-humble-moveit-simple-controller-manager (2.5.9-1jammy.20250731.071451) ...
#25 55.92 Selecting previously unselected package ros-humble-nav2-msgs.
#25 55.96 Preparing to unpack .../80-ros-humble-nav2-msgs_1.1.18-1jammy.20250719.143458_arm64.deb ...
#25 55.97 Unpacking ros-humble-nav2-msgs (1.1.18-1jammy.20250719.143458) ...
#25 56.87 Selecting previously unselected package ros-humble-pid-controller.
#25 56.91 Preparing to unpack .../81-ros-humble-pid-controller_2.49.1-1jammy.20250731.201607_arm64.deb ...
#25 56.92 Unpacking ros-humble-pid-controller (2.49.1-1jammy.20250731.201607) ...
#25 57.14 Selecting previously unselected package ros-humble-pose-broadcaster.
#25 57.19 Preparing to unpack .../82-ros-humble-pose-broadcaster_2.49.1-1jammy.20250731.201617_arm64.deb ...
#25 57.20 Unpacking ros-humble-pose-broadcaster (2.49.1-1jammy.20250731.201617) ...
#25 57.41 Selecting previously unselected package ros-humble-position-controllers.
#25 57.45 Preparing to unpack .../83-ros-humble-position-controllers_2.49.1-1jammy.20250731.201157_arm64.deb ...
#25 57.55 Unpacking ros-humble-position-controllers (2.49.1-1jammy.20250731.201157) ...
#25 57.88 Selecting previously unselected package ros-humble-range-sensor-broadcaster.
#25 57.92 Preparing to unpack .../84-ros-humble-range-sensor-broadcaster_2.49.1-1jammy.20250731.181419_arm64.deb ...
#25 57.94 Unpacking ros-humble-range-sensor-broadcaster (2.49.1-1jammy.20250731.181419) ...
#25 58.15 Selecting previously unselected package ros-humble-ros-gz.
#25 58.19 Preparing to unpack .../85-ros-humble-ros-gz_0.244.20-1jammy.20250730.123808_arm64.deb ...
#25 58.20 Unpacking ros-humble-ros-gz (0.244.20-1jammy.20250730.123808) ...
#25 58.40 Selecting previously unselected package ros-humble-tricycle-controller.
#25 58.44 Preparing to unpack .../86-ros-humble-tricycle-controller_2.49.1-1jammy.20250731.181345_arm64.deb ...
#25 58.45 Unpacking ros-humble-tricycle-controller (2.49.1-1jammy.20250731.181345) ...
#25 58.67 Selecting previously unselected package ros-humble-tricycle-steering-controller.
#25 58.71 Preparing to unpack .../87-ros-humble-tricycle-steering-controller_2.49.1-1jammy.20250731.202813_arm64.deb ...
#25 58.72 Unpacking ros-humble-tricycle-steering-controller (2.49.1-1jammy.20250731.202813) ...
#25 58.94 Selecting previously unselected package ros-humble-velocity-controllers.
#25 58.98 Preparing to unpack .../88-ros-humble-velocity-controllers_2.49.1-1jammy.20250731.201314_arm64.deb ...
#25 58.99 Unpacking ros-humble-velocity-controllers (2.49.1-1jammy.20250731.201314) ...
#25 59.20 Selecting previously unselected package ros-humble-ros2-controllers.
#25 59.24 Preparing to unpack .../89-ros-humble-ros2-controllers_2.49.1-1jammy.20250731.203919_arm64.deb ...
#25 59.25 Unpacking ros-humble-ros2-controllers (2.49.1-1jammy.20250731.203919) ...
#25 59.45 Selecting previously unselected package ros-humble-rviz-visual-tools.
#25 59.50 Preparing to unpack .../90-ros-humble-rviz-visual-tools_4.1.4-1jammy.20250730.124320_arm64.deb ...
#25 59.51 Unpacking ros-humble-rviz-visual-tools (4.1.4-1jammy.20250730.124320) ...
#25 59.77 Selecting previously unselected package ros-humble-tf-transformations.
#25 59.82 Preparing to unpack .../91-ros-humble-tf-transformations_1.1.0-1jammy.20250718.232806_arm64.deb ...
#25 59.83 Unpacking ros-humble-tf-transformations (1.1.0-1jammy.20250718.232806) ...
#25 60.13 Setting up ros-humble-tl-expected (1.0.2-2jammy.20250701.024347) ...
#25 60.16 Setting up libomp5-14:arm64 (1:14.0.0-1ubuntu1.1) ...
#25 60.19 Setting up ros-humble-octomap (1.9.8-1jammy.20250701.031552) ...
#25 60.22 Setting up ros-humble-ros2-control-test-assets (2.51.0-1jammy.20250701.023222) ...
#25 60.25 Setting up ros-humble-warehouse-ros (2.0.5-1jammy.20250728.181751) ...
#25 60.28 Setting up python3-transforms3d (0.3.1+ds-2) ...
#25 61.08 Setting up ros-humble-urdfdom-py (1.2.1-1jammy.20250719.143443) ...
#25 61.10 Setting up ros-humble-tf-transformations (1.1.0-1jammy.20250718.232806) ...
#25 61.13 Setting up ros-humble-eigen-stl-containers (1.1.0-1jammy.20250701.021027) ...
#25 61.16 Setting up ros-humble-octomap-msgs (2.0.1-1jammy.20250719.102747) ...
#25 61.18 Setting up python3-typeguard (2.2.2-1.1) ...
#25 61.83 Setting up python3-markupsafe (2.0.1-2build1) ...
#25 62.42 Setting up python-babel-localedata (2.8.0+dfsg.1-7) ...
#25 62.45 Setting up ros-humble-joint-state-publisher (2.4.0-1jammy.20250719.125040) ...
#25 62.48 Setting up ros-humble-random-numbers (2.0.1-3jammy.20250718.235156) ...
#25 62.51 Setting up ros-humble-nav2-msgs (1.1.18-1jammy.20250719.143458) ...
#25 62.53 Setting up ros-humble-geometric-shapes (2.3.2-1jammy.20250719.123321) ...
#25 62.56 Setting up libelf-dev:arm64 (0.186-1ubuntu0.1) ...
#25 62.59 Setting up ros-humble-control-msgs (4.8.0-1jammy.20250719.104223) ...
#25 62.62 Setting up ros-humble-launch-param-builder (0.1.1-1jammy.20250719.142840) ...
#25 62.65 Setting up ros-humble-dynamixel-sdk (3.8.4-1jammy.20250701.020032) ...
#25 62.67 Setting up ros-humble-kinematics-interface (0.4.0-1jammy.20250722.080354) ...
#25 62.70 Setting up ros-humble-ackermann-msgs (2.0.2-3jammy.20250719.110909) ...
#25 62.73 Setting up ros-humble-rviz-visual-tools (4.1.4-1jammy.20250730.124320) ...
#25 62.76 Setting up ros-humble-ompl (1.7.0-3jammy.20250701.073255) ...
#25 62.78 Setting up ros-humble-tcb-span (1.0.2-2jammy.20250701.024105) ...
#25 62.81 Setting up ros-humble-controller-manager-msgs (2.51.0-1jammy.20250719.081707) ...
#25 62.84 Setting up libcap-dev:arm64 (1:2.44-1ubuntu0.22.04.2) ...
#25 62.87 Setting up ros-humble-object-recognition-msgs (2.0.0-3jammy.20250719.103957) ...
#25 62.90 Setting up libomp-14-dev (1:14.0.0-1ubuntu1.1) ...
#25 62.92 Setting up ros-humble-hardware-interface (2.51.0-1jammy.20250722.080403) ...
#25 62.95 Setting up ros-humble-graph-msgs (0.2.0-3jammy.20250719.102414) ...
#25 62.98 Setting up ros-humble-ros-gz (0.244.20-1jammy.20250730.123808) ...
#25 63.01 Setting up libomp-dev:arm64 (1:14.0-55~exp2) ...
#25 63.04 Setting up ros-humble-ruckig (0.9.2-1jammy.20250701.043950) ...
#25 63.06 Setting up ros-humble-moveit-msgs (2.2.1-1jammy.20250719.104604) ...
#25 63.09 Setting up ros-humble-srdfdom (2.0.7-1jammy.20250721.222620) ...
#25 63.12 Setting up python3-babel (2.8.0+dfsg.1-7) ...
#25 63.20 update-alternatives: using /usr/bin/pybabel-python3 to provide /usr/bin/pybabel (pybabel) in auto mode
#25 63.98 Setting up ros-humble-joint-state-publisher-gui (2.4.0-1jammy.20250719.142813) ...
#25 64.01 Setting up ros-humble-rsl (1.2.0-3jammy.20250719.151821) ...
#25 64.03 Setting up libdw-dev:arm64 (0.186-1ubuntu0.1) ...
#25 64.06 Setting up python3-jinja2 (3.0.3-1ubuntu0.4) ...
#25 65.13 Setting up ros-humble-parameter-traits (0.5.0-1jammy.20250719.152504) ...
#25 65.16 Setting up ros-humble-controller-interface (2.51.0-1jammy.20250722.081850) ...
#25 65.19 Setting up ros-humble-realtime-tools (2.14.0-1jammy.20250722.080937) ...
#25 65.21 Setting up ros-humble-generate-parameter-library-py (0.5.0-1jammy.20250718.233746) ...
#25 65.24 Setting up ros-humble-moveit-configs-utils (2.5.9-1jammy.20250721.231046) ...
#25 65.27 Setting up ros-humble-backward-ros (1.0.8-2jammy.20250701.013154) ...
#25 65.29 Setting up ros-humble-generate-parameter-library (0.5.0-1jammy.20250721.220448) ...
#25 65.32 Setting up ros-humble-control-toolbox (3.6.1-1jammy.20250722.175916) ...
#25 65.35 Setting up ros-humble-gpio-controllers (2.49.1-1jammy.20250731.181420) ...
#25 65.37 Setting up ros-humble-joint-trajectory-controller (2.49.1-1jammy.20250731.202000) ...
#25 65.40 Setting up ros-humble-joint-state-broadcaster (2.49.1-1jammy.20250731.181402) ...
#25 65.42 Setting up ros-humble-range-sensor-broadcaster (2.49.1-1jammy.20250731.181419) ...
#25 65.45 Setting up ros-humble-moveit-common (2.5.9-1jammy.20250719.010759) ...
#25 65.48 Setting up ros-humble-gripper-controllers (2.49.1-1jammy.20250731.181423) ...
#25 65.50 Setting up ros-humble-moveit-core (2.5.9-1jammy.20250730.182355) ...
#25 65.53 Setting up ros-humble-steering-controllers-library (2.49.1-1jammy.20250731.202006) ...
#25 65.55 Setting up ros-humble-tricycle-controller (2.49.1-1jammy.20250731.181345) ...
#25 65.58 Setting up ros-humble-forward-command-controller (2.49.1-1jammy.20250731.181441) ...
#25 65.61 Setting up ros-humble-force-torque-sensor-broadcaster (2.49.1-1jammy.20250731.181441) ...
#25 65.63 Setting up ros-humble-admittance-controller (2.49.1-1jammy.20250731.181402) ...
#25 65.66 Setting up ros-humble-pose-broadcaster (2.49.1-1jammy.20250731.201617) ...
#25 65.69 Setting up ros-humble-moveit-ros-occupancy-map-monitor (2.5.9-1jammy.20250731.071614) ...
#25 65.72 Setting up ros-humble-pid-controller (2.49.1-1jammy.20250731.201607) ...
#25 65.74 Setting up ros-humble-ackermann-steering-controller (2.49.1-1jammy.20250731.202812) ...
#25 65.77 Setting up ros-humble-position-controllers (2.49.1-1jammy.20250731.201157) ...
#25 65.80 Setting up ros-humble-mecanum-drive-controller (2.49.1-1jammy.20250731.201605) ...
#25 65.82 Setting up ros-humble-tricycle-steering-controller (2.49.1-1jammy.20250731.202813) ...
#25 65.85 Setting up ros-humble-diff-drive-controller (2.49.1-1jammy.20250731.181413) ...
#25 65.88 Setting up ros-humble-imu-sensor-broadcaster (2.49.1-1jammy.20250731.181433) ...
#25 65.90 Setting up ros-humble-bicycle-steering-controller (2.49.1-1jammy.20250731.203104) ...
#25 65.93 Setting up ros-humble-controller-manager (2.51.0-1jammy.20250730.115036) ...
#25 65.95 Setting up ros-humble-velocity-controllers (2.49.1-1jammy.20250731.201314) ...
#25 65.98 Setting up ros-humble-gz-ros2-control (0.7.15-1jammy.20250730.131836) ...
#25 66.01 Setting up ros-humble-moveit-simple-controller-manager (2.5.9-1jammy.20250731.071451) ...
#25 66.03 Setting up ros-humble-moveit-ros-planning (2.5.9-1jammy.20250731.072510) ...
#25 66.06 Setting up ros-humble-effort-controllers (2.49.1-1jammy.20250731.201530) ...
#25 66.09 Setting up ros-humble-moveit-planners-ompl (2.5.9-1jammy.20250731.081008) ...
#25 66.11 Setting up ros-humble-moveit-ros-robot-interaction (2.5.9-1jammy.20250731.080205) ...
#25 66.14 Setting up ros-humble-moveit-kinematics (2.5.9-1jammy.20250731.080403) ...
#25 66.17 Setting up ros-humble-moveit-ros-warehouse (2.5.9-1jammy.20250731.080349) ...
#25 66.20 Setting up ros-humble-ros2-controllers (2.49.1-1jammy.20250731.203919) ...
#25 66.24 Setting up ros-humble-moveit-ros-move-group (2.5.9-1jammy.20250731.081425) ...
#25 66.35 Setting up ros-humble-moveit-ros-planning-interface (2.5.9-1jammy.20250731.082631) ...
#25 66.38 Setting up ros-humble-moveit-ros-visualization (2.5.9-1jammy.20250731.085840) ...
#25 66.41 Setting up ros-humble-moveit-setup-framework (2.5.9-1jammy.20250731.092036) ...
#25 66.44 Setting up ros-humble-moveit-setup-srdf-plugins (2.5.9-1jammy.20250731.093100) ...
#25 66.46 Setting up ros-humble-moveit-setup-app-plugins (2.5.9-1jammy.20250731.093037) ...
#25 66.49 Setting up ros-humble-moveit-setup-controllers (2.5.9-1jammy.20250731.093036) ...
#25 66.52 Setting up ros-humble-moveit-setup-core-plugins (2.5.9-1jammy.20250731.093103) ...
#25 66.57 Setting up ros-humble-moveit-setup-assistant (2.5.9-1jammy.20250731.094927) ...
#25 66.60 Processing triggers for libc-bin (2.35-0ubuntu3.10) ...
#25 DONE 68.8s

#26 [21/30] RUN echo "source /opt/ros/humble/setup.bash" >> /root/.bashrc &&     echo "source /InterbotixControlServer/install/setup.bash" >> /root/.bashrc
#26 DONE 0.9s

#27 [22/30] RUN rosdep install -ryi --from-paths src --skip-keys="interbotix_xsarm_perception gazebo_ros gazebo_ros2_control ros2controlcli"
#27 3.066 #All required rosdeps installed successfully
#27 DONE 3.3s

#28 [23/30] RUN . /opt/ros/humble/setup.bash && colcon build --cmake-clean-cache
#28 8.324 Starting >>> interbotix_xs_msgs
#28 8.392 Starting >>> dynamixel_workbench_toolbox
#28 8.428 Starting >>> interbotix_common_modules
#28 8.477 Starting >>> interbotix_common_sim
#28 19.02 Finished <<< interbotix_common_sim [10.5s]
#28 19.03 Starting >>> interbotix_moveit_interface_msgs
#28 20.53 Finished <<< interbotix_common_modules [12.1s]
#28 20.54 Starting >>> moveit_visual_tools
#28 33.04 --- stderr: dynamixel_workbench_toolbox
#28 33.04 /InterbotixControlServer/workspace/src/interbotix_ros_core/interbotix_ros_xseries/dynamixel_workbench_toolbox/src/dynamixel_workbench_toolbox/dynamixel_driver.cpp: In member function bool DynamixelDriver::readRegister(uint8_t, uint16_t, uint16_t, uint32_t*, const char**):
#28 33.04 /InterbotixControlServer/workspace/src/interbotix_ros_core/interbotix_ros_xseries/dynamixel_workbench_toolbox/src/dynamixel_workbench_toolbox/dynamixel_driver.cpp:776:11: warning: ISO C++ forbids variable length array data_read [-Wvla]
#28 33.04   776 |   uint8_t data_read[length];
#28 33.04       |           ^~~~~~~~~
#28 33.04 /InterbotixControlServer/workspace/src/interbotix_ros_core/interbotix_ros_xseries/dynamixel_workbench_toolbox/src/dynamixel_workbench_toolbox/dynamixel_driver.cpp: In member function bool DynamixelDriver::syncWrite(uint8_t, uint8_t*, uint8_t, int32_t*, uint8_t, const char**):
#28 33.04 /InterbotixControlServer/workspace/src/interbotix_ros_core/interbotix_ros_xseries/dynamixel_workbench_toolbox/src/dynamixel_workbench_toolbox/dynamixel_driver.cpp:1012:11: warning: ISO C++ forbids variable length array multi_parameter [-Wvla]
#28 33.04  1012 |   uint8_t multi_parameter[4*data_num_for_each_id];
#28 33.04       |           ^~~~~~~~~~~~~~~
#28 33.04 ---Finished <<< dynamixel_workbench_toolbox [24.6s]
#28 33.04 
#28 33.04 Starting >>> interbotix_xs_driver
#28 73.28 [Processing: interbotix_moveit_interface_msgs, interbotix_xs_driver, interbotix_xs_msgs, moveit_visual_tools]
#28 73.28 Finished <<< interbotix_xs_driver [40.2s]
#28 73.29 Starting >>> interbotix_rpi_msgs
#28 92.26 Finished <<< interbotix_moveit_interface_msgs [1min 13s]
#28 92.27 Starting >>> interbotix_tf_tools
#28 146.3 [Processing: interbotix_rpi_msgs, interbotix_tf_tools, interbotix_xs_msgs, moveit_visual_tools]
#28 146.3 Finished <<< interbotix_rpi_msgs [1min 13s]
#28 146.3 Starting >>> interbotix_rpi_modules
#28 157.3 Finished <<< interbotix_rpi_modules [11.0s]
#28 157.3 Starting >>> interbotix_rpi_toolbox
#28 164.1 Finished <<< interbotix_rpi_toolbox [6.81s]
#28 184.1 Finished <<< interbotix_tf_tools [1min 32s]
#28 340.5 [Processing: interbotix_xs_msgs, moveit_visual_tools]
#28 340.5 [Processing: interbotix_xs_msgs, moveit_visual_tools]
#28 340.5 [Processing: interbotix_xs_msgs, moveit_visual_tools]
#28 340.5 [Processing: interbotix_xs_msgs, moveit_visual_tools]
#28 340.5 [Processing: interbotix_xs_msgs, moveit_visual_tools]
#28 340.5 Finished <<< interbotix_xs_msgs [5min 32s]
#28 340.5 Starting >>> interbotix_xs_sdk
#28 340.5 Starting >>> interbotix_xs_ros_control
#28 340.5 Starting >>> interbotix_gravity_compensation
#28 516.7 --- stderr: moveit_visual_tools
#28 516.7 moveit_visual_tools: You did not request a specific build type: Choosing 'Release' for maximum performance
#28 516.7 ---
#28 516.7 [Processing: interbotix_gravity_compensation, interbotix_xs_ros_control, interbotix_xs_sdk, moveit_visual_tools]
#28 516.7 [Processing: interbotix_gravity_compensation, interbotix_xs_ros_control, interbotix_xs_sdk, moveit_visual_tools]
#28 516.7 [Processing: interbotix_gravity_compensation, interbotix_xs_ros_control, interbotix_xs_sdk, moveit_visual_tools]
#28 516.7 [Processing: interbotix_gravity_compensation, interbotix_xs_ros_control, interbotix_xs_sdk, moveit_visual_tools]
#28 516.7 [Processing: interbotix_gravity_compensation, interbotix_xs_ros_control, interbotix_xs_sdk, moveit_visual_tools]
#28 516.7 Finished <<< moveit_visual_tools [8min 16s]
#28 516.7 Starting >>> interbotix_moveit_interface
#28 564.5 [Processing: interbotix_gravity_compensation, interbotix_moveit_interface, interbotix_xs_ros_control, interbotix_xs_sdk]
#28 564.5 Finished <<< interbotix_gravity_compensation [3min 44s]
#28 564.6 Starting >>> interbotix_common_toolbox
#28 581.3 Finished <<< interbotix_common_toolbox [16.8s]
#28 618.4 [Processing: interbotix_moveit_interface, interbotix_xs_ros_control, interbotix_xs_sdk]
#28 618.4 Finished <<< interbotix_xs_ros_control [4min 38s]
#28 650.6 [Processing: interbotix_moveit_interface, interbotix_xs_sdk]
#28 650.6 Finished <<< interbotix_xs_sdk [5min 10s]
#28 650.6 Starting >>> interbotix_xs_modules
#28 650.6 Starting >>> interbotix_xs_rviz
#28 650.7 Starting >>> interbotix_ros_xseries
#28 673.3 Finished <<< interbotix_ros_xseries [22.6s]
#28 677.7 Finished <<< interbotix_xs_modules [27.1s]
#28 677.7 Starting >>> interbotix_xsarm_descriptions
#28 703.9 Finished <<< interbotix_xsarm_descriptions [26.2s]
#28 703.9 Starting >>> interbotix_xsarm_control
#28 703.9 Starting >>> interbotix_xsarm_sim
#28 722.3 Finished <<< interbotix_xsarm_control [18.4s]
#28 722.3 Starting >>> interbotix_xsarm_ros_control
#28 724.6 Finished <<< interbotix_xsarm_sim [20.7s]
#28 724.7 Starting >>> interbotix_xsarm_joy
#28 740.7 Finished <<< interbotix_xsarm_ros_control [18.4s]
#28 740.7 Starting >>> interbotix_xsarm_moveit
#28 755.2 Finished <<< interbotix_xsarm_moveit [14.5s]
#28 755.2 Starting >>> interbotix_ros_xsarms
#28 770.9 Finished <<< interbotix_ros_xsarms [15.7s]
#28 770.9 Starting >>> interbotix_xsarm_dual
#28 788.2 Finished <<< interbotix_xsarm_dual [17.3s]
#28 788.2 Starting >>> interbotix_xsarm_gravity_compensation
#28 799.9 Finished <<< interbotix_xsarm_gravity_compensation [11.7s]
#28 799.9 Starting >>> interbotix_xsarm_puppet
#28 888.8 [Processing: interbotix_moveit_interface, interbotix_xs_rviz, interbotix_xsarm_joy, interbotix_xsarm_puppet]
#28 888.8 [Processing: interbotix_moveit_interface, interbotix_xs_rviz, interbotix_xsarm_joy, interbotix_xsarm_p#28 972.6 Finished <<< interbotix_ros_xsarms_examples [16.7s]
#28 978.3 Finished <<< interbotix_xs_rviz [5min 28s]
#28 978.3 Starting >>> interbotix_xs_toolbox
#28 985.0 Finished <<< interbotix_xs_toolbox [6.74s]
#28 1022.8 [Processing: interbotix_xsarm_puppet]
#28 1022.8 Finished <<< interbotix_xsarm_puppet [3min 43s]
#28 1023.1 
#28 1023.1 Summary: 32 packages finished [16min 57s]
#28 1023.1   2 packages had stderr output: dynamixel_workbench_toolbox moveit_visual_tools
#28 DONE 1023.9s

#29 [24/30] RUN pip3 install uv
#29 7.174 Collecting uv
#29 7.533   Downloading uv-0.8.13-py3-none-manylinux_2_28_aarch64.whl (18.3 MB)
#29 10.06       18.3/18.3 MB 6.9 MB/s eta 0:00:00
#29 11.59 Installing collected packages: uv
#29 12.52 Successfully installed uv-0.8.13
#29 12.52 WARNING: Running pip as the 'root' user can result in broken permissions and conflicting behaviour with the system package manager. It is recommended to use a virtual environment instead: https://pip.pypa.io/warnings/venv
#29 DONE 13.2s

#30 [25/30] WORKDIR /InterbotixControlServer
#30 DONE 0.2s

#31 [26/30] COPY . .
#31 DONE 34.1s

#32 [27/30] RUN uv pip install --system -r pyproject.toml
#32 1.562 Using Python 3.10.12 environment at: /usr
#32 3.403 Resolved 43 packages in 1.83s
#32 3.541 Downloading numpy (13.6MiB)
#32 3.548 Downloading uvloop (3.7MiB)
#32 3.551 Downloading pydantic-core (1.8MiB)
#32 3.555 Downloading pygments (1.2MiB)
#32 4.925  Downloading pydantic-core
#32 5.390  Downloading uvloop
#32 5.779  Downloading pygments
#32 7.382  Downloading numpy
#32 7.383 Prepared 41 packages in 3.97s
#32 7.968 Installed 41 packages in 580ms
#32 7.969  + annotated-types==0.7.0
#32 7.969  + anyio==4.10.0
#32 7.969  + certifi==2025.8.3
#32 7.969  + click==8.2.1
#32 7.969  + dnspython==2.7.0
#32 7.969  + email-validator==2.2.0
#32 7.969  + exceptiongroup==1.3.0
#32 7.969  + fastapi==0.116.1
#32 7.969  + fastapi-cli==0.0.8
#32 7.969  + fastapi-cloud-cli==0.1.5
#32 7.969  + h11==0.16.0
#32 7.969  + httpcore==1.0.9
#32 7.969  + httptools==0.6.4
#32 7.969  + httpx==0.28.1
#32 7.969  + idna==3.10
#32 7.969  + jinja2==3.1.6
#32 7.969  + markdown-it-py==4.0.0
#32 7.969  + markupsafe==3.0.2
#32 7.969  + mdurl==0.1.2
#32 7.969  + numpy==2.2.6
#32 7.969  + pydantic==2.11.7
#32 7.969  + pydantic-core==2.33.2
#32 7.969  + pygments==2.19.2
#32 7.969  + python-dotenv==1.1.1
#32 7.969  + python-multipart==0.0.20
#32 7.969  + pyyaml==6.0.2
#32 7.969  + rich==14.1.0
#32 7.969  + rich-toolkit==0.15.0
#32 7.969  + rignore==0.6.4
#32 7.969  + sentry-sdk==2.35.0
#32 7.969  + shellingham==1.5.4
#32 7.969  + sniffio==1.3.1
#32 7.969  + starlette==0.47.3
#32 7.969  + typer==0.16.1
#32 7.969  + typing-extensions==4.14.1
#32 7.978  + typing-inspection==0.4.1
#32 7.978  + urllib3==2.5.0
#32 7.978  + uvicorn==0.35.0
#32 7.978  + uvloop==0.21.0
#32 7.978  + watchfiles==1.1.0
#32 7.978  + websockets==15.0.1
#32 DONE 8.8s

#33 [28/30] RUN uv sync --compile-bytecode
#33 1.260 Resolved 45 packages in 4ms
#33 9.738 Bytecode compiled 1929 files in 8.46s
#33 DONE 10.1s

#34 [29/30] COPY ./scripts/start-commands.sh /scripts/start-commands.sh
#34 DONE 0.2s

#35 [30/30] RUN chmod +x /scripts/start-commands.sh
#35 DONE 0.8s

#36 exporting to image
#36 exporting layers

