[0.264s] Invoking command in '/home/emackinnon1/interbotix_ws/build/interbotix_xsarm_dual': AMENT_PREFIX_PATH=/home/emackinnon1/interbotix_ws/install/interbotix_xsarm_control:/home/emackinnon1/interbotix_ws/install/interbotix_xsarm_descriptions:/home/emackinnon1/interbotix_ws/install/interbotix_xs_modules:/home/emackinnon1/interbotix_ws/install/interbotix_xs_sdk:/home/emackinnon1/interbotix_ws/install/interbotix_xs_driver:/home/emackinnon1/interbotix_ws/install/interbotix_xs_msgs:/home/emackinnon1/interbotix_ws/install/interbotix_common_modules:/home/emackinnon1/interbotix_ws/install/dynamixel_workbench_toolbox:${AMENT_PREFIX_PATH} CMAKE_PREFIX_PATH=/home/emackinnon1/interbotix_ws/install/interbotix_xsarm_control:/home/emackinnon1/interbotix_ws/install/interbotix_xsarm_descriptions:/home/emackinnon1/interbotix_ws/install/interbotix_xs_sdk:/home/emackinnon1/interbotix_ws/install/interbotix_xs_driver:/home/emackinnon1/interbotix_ws/install/interbotix_xs_msgs:/home/emackinnon1/interbotix_ws/install/dynamixel_workbench_toolbox:/opt/ros/humble LD_LIBRARY_PATH=/home/emackinnon1/interbotix_ws/install/interbotix_xs_driver/lib:/home/emackinnon1/interbotix_ws/install/interbotix_xs_msgs/lib:/home/emackinnon1/interbotix_ws/install/dynamixel_workbench_toolbox/lib:${LD_LIBRARY_PATH} PYTHONPATH=/home/emackinnon1/interbotix_ws/install/interbotix_xs_modules/lib/python3.10/site-packages:/home/emackinnon1/interbotix_ws/install/interbotix_xs_msgs/local/lib/python3.10/dist-packages:/home/emackinnon1/interbotix_ws/install/interbotix_common_modules/lib/python3.10/site-packages:${PYTHONPATH} /usr/bin/cmake /home/emackinnon1/interbotix_ws/src/interbotix_ros_manipulators/interbotix_ros_xsarms/examples/interbotix_xsarm_dual -DCMAKE_INSTALL_PREFIX=/home/emackinnon1/interbotix_ws/install/interbotix_xsarm_dual
[0.997s] -- The C compiler identification is GNU 11.4.0
[1.384s] -- The CXX compiler identification is GNU 11.4.0
[1.425s] -- Detecting C compiler ABI info
[2.325s] -- Detecting C compiler ABI info - done
[2.376s] -- Check for working C compiler: /usr/bin/cc - skipped
[2.395s] -- Detecting C compile features
[2.399s] -- Detecting C compile features - done
[2.430s] -- Detecting CXX compiler ABI info
[2.960s] -- Detecting CXX compiler ABI info - done
[2.996s] -- Check for working CXX compiler: /usr/bin/c++ - skipped
[2.999s] -- Detecting CXX compile features
[3.002s] -- Detecting CXX compile features - done
[3.064s] -- Found ament_cmake: 1.3.11 (/opt/ros/humble/share/ament_cmake/cmake)
[5.056s] -- Found Python3: /usr/bin/python3 (found version "3.10.12") found components: Interpreter 
[6.334s] -- Found ament_lint_auto: 0.12.12 (/opt/ros/humble/share/ament_lint_auto/cmake)
[7.316s] -- Added test 'copyright' to check source files copyright and LICENSE
[7.365s] -- Added test 'flake8' to check Python code syntax and style conventions
[7.373s] -- Added test 'lint_cmake' to check CMake code style
[7.379s] -- Added test 'pep257' to check Python code against some of the docstring style conventions in PEP 257
[7.400s] -- Added test 'xmllint' to check XML markup files
[7.415s] -- Configuring done
[7.450s] -- Generating done
[7.467s] -- Build files have been written to: /home/emackinnon1/interbotix_ws/build/interbotix_xsarm_dual
[7.490s] Invoked command in '/home/emackinnon1/interbotix_ws/build/interbotix_xsarm_dual' returned '0': AMENT_PREFIX_PATH=/home/emackinnon1/interbotix_ws/install/interbotix_xsarm_control:/home/emackinnon1/interbotix_ws/install/interbotix_xsarm_descriptions:/home/emackinnon1/interbotix_ws/install/interbotix_xs_modules:/home/emackinnon1/interbotix_ws/install/interbotix_xs_sdk:/home/emackinnon1/interbotix_ws/install/interbotix_xs_driver:/home/emackinnon1/interbotix_ws/install/interbotix_xs_msgs:/home/emackinnon1/interbotix_ws/install/interbotix_common_modules:/home/emackinnon1/interbotix_ws/install/dynamixel_workbench_toolbox:${AMENT_PREFIX_PATH} CMAKE_PREFIX_PATH=/home/emackinnon1/interbotix_ws/install/interbotix_xsarm_control:/home/emackinnon1/interbotix_ws/install/interbotix_xsarm_descriptions:/home/emackinnon1/interbotix_ws/install/interbotix_xs_sdk:/home/emackinnon1/interbotix_ws/install/interbotix_xs_driver:/home/emackinnon1/interbotix_ws/install/interbotix_xs_msgs:/home/emackinnon1/interbotix_ws/install/dynamixel_workbench_toolbox:/opt/ros/humble LD_LIBRARY_PATH=/home/emackinnon1/interbotix_ws/install/interbotix_xs_driver/lib:/home/emackinnon1/interbotix_ws/install/interbotix_xs_msgs/lib:/home/emackinnon1/interbotix_ws/install/dynamixel_workbench_toolbox/lib:${LD_LIBRARY_PATH} PYTHONPATH=/home/emackinnon1/interbotix_ws/install/interbotix_xs_modules/lib/python3.10/site-packages:/home/emackinnon1/interbotix_ws/install/interbotix_xs_msgs/local/lib/python3.10/dist-packages:/home/emackinnon1/interbotix_ws/install/interbotix_common_modules/lib/python3.10/site-packages:${PYTHONPATH} /usr/bin/cmake /home/emackinnon1/interbotix_ws/src/interbotix_ros_manipulators/interbotix_ros_xsarms/examples/interbotix_xsarm_dual -DCMAKE_INSTALL_PREFIX=/home/emackinnon1/interbotix_ws/install/interbotix_xsarm_dual
[7.514s] Invoking command in '/home/emackinnon1/interbotix_ws/build/interbotix_xsarm_dual': AMENT_PREFIX_PATH=/home/emackinnon1/interbotix_ws/install/interbotix_xsarm_control:/home/emackinnon1/interbotix_ws/install/interbotix_xsarm_descriptions:/home/emackinnon1/interbotix_ws/install/interbotix_xs_modules:/home/emackinnon1/interbotix_ws/install/interbotix_xs_sdk:/home/emackinnon1/interbotix_ws/install/interbotix_xs_driver:/home/emackinnon1/interbotix_ws/install/interbotix_xs_msgs:/home/emackinnon1/interbotix_ws/install/interbotix_common_modules:/home/emackinnon1/interbotix_ws/install/dynamixel_workbench_toolbox:${AMENT_PREFIX_PATH} CMAKE_PREFIX_PATH=/home/emackinnon1/interbotix_ws/install/interbotix_xsarm_control:/home/emackinnon1/interbotix_ws/install/interbotix_xsarm_descriptions:/home/emackinnon1/interbotix_ws/install/interbotix_xs_sdk:/home/emackinnon1/interbotix_ws/install/interbotix_xs_driver:/home/emackinnon1/interbotix_ws/install/interbotix_xs_msgs:/home/emackinnon1/interbotix_ws/install/dynamixel_workbench_toolbox:/opt/ros/humble LD_LIBRARY_PATH=/home/emackinnon1/interbotix_ws/install/interbotix_xs_driver/lib:/home/emackinnon1/interbotix_ws/install/interbotix_xs_msgs/lib:/home/emackinnon1/interbotix_ws/install/dynamixel_workbench_toolbox/lib:${LD_LIBRARY_PATH} PYTHONPATH=/home/emackinnon1/interbotix_ws/install/interbotix_xs_modules/lib/python3.10/site-packages:/home/emackinnon1/interbotix_ws/install/interbotix_xs_msgs/local/lib/python3.10/dist-packages:/home/emackinnon1/interbotix_ws/install/interbotix_common_modules/lib/python3.10/site-packages:${PYTHONPATH} /usr/bin/cmake --build /home/emackinnon1/interbotix_ws/build/interbotix_xsarm_dual -- -j4 -l4
[7.846s] Invoked command in '/home/emackinnon1/interbotix_ws/build/interbotix_xsarm_dual' returned '0': AMENT_PREFIX_PATH=/home/emackinnon1/interbotix_ws/install/interbotix_xsarm_control:/home/emackinnon1/interbotix_ws/install/interbotix_xsarm_descriptions:/home/emackinnon1/interbotix_ws/install/interbotix_xs_modules:/home/emackinnon1/interbotix_ws/install/interbotix_xs_sdk:/home/emackinnon1/interbotix_ws/install/interbotix_xs_driver:/home/emackinnon1/interbotix_ws/install/interbotix_xs_msgs:/home/emackinnon1/interbotix_ws/install/interbotix_common_modules:/home/emackinnon1/interbotix_ws/install/dynamixel_workbench_toolbox:${AMENT_PREFIX_PATH} CMAKE_PREFIX_PATH=/home/emackinnon1/interbotix_ws/install/interbotix_xsarm_control:/home/emackinnon1/interbotix_ws/install/interbotix_xsarm_descriptions:/home/emackinnon1/interbotix_ws/install/interbotix_xs_sdk:/home/emackinnon1/interbotix_ws/install/interbotix_xs_driver:/home/emackinnon1/interbotix_ws/install/interbotix_xs_msgs:/home/emackinnon1/interbotix_ws/install/dynamixel_workbench_toolbox:/opt/ros/humble LD_LIBRARY_PATH=/home/emackinnon1/interbotix_ws/install/interbotix_xs_driver/lib:/home/emackinnon1/interbotix_ws/install/interbotix_xs_msgs/lib:/home/emackinnon1/interbotix_ws/install/dynamixel_workbench_toolbox/lib:${LD_LIBRARY_PATH} PYTHONPATH=/home/emackinnon1/interbotix_ws/install/interbotix_xs_modules/lib/python3.10/site-packages:/home/emackinnon1/interbotix_ws/install/interbotix_xs_msgs/local/lib/python3.10/dist-packages:/home/emackinnon1/interbotix_ws/install/interbotix_common_modules/lib/python3.10/site-packages:${PYTHONPATH} /usr/bin/cmake --build /home/emackinnon1/interbotix_ws/build/interbotix_xsarm_dual -- -j4 -l4
[7.849s] Invoking command in '/home/emackinnon1/interbotix_ws/build/interbotix_xsarm_dual': AMENT_PREFIX_PATH=/home/emackinnon1/interbotix_ws/install/interbotix_xsarm_control:/home/emackinnon1/interbotix_ws/install/interbotix_xsarm_descriptions:/home/emackinnon1/interbotix_ws/install/interbotix_xs_modules:/home/emackinnon1/interbotix_ws/install/interbotix_xs_sdk:/home/emackinnon1/interbotix_ws/install/interbotix_xs_driver:/home/emackinnon1/interbotix_ws/install/interbotix_xs_msgs:/home/emackinnon1/interbotix_ws/install/interbotix_common_modules:/home/emackinnon1/interbotix_ws/install/dynamixel_workbench_toolbox:${AMENT_PREFIX_PATH} CMAKE_PREFIX_PATH=/home/emackinnon1/interbotix_ws/install/interbotix_xsarm_control:/home/emackinnon1/interbotix_ws/install/interbotix_xsarm_descriptions:/home/emackinnon1/interbotix_ws/install/interbotix_xs_sdk:/home/emackinnon1/interbotix_ws/install/interbotix_xs_driver:/home/emackinnon1/interbotix_ws/install/interbotix_xs_msgs:/home/emackinnon1/interbotix_ws/install/dynamixel_workbench_toolbox:/opt/ros/humble LD_LIBRARY_PATH=/home/emackinnon1/interbotix_ws/install/interbotix_xs_driver/lib:/home/emackinnon1/interbotix_ws/install/interbotix_xs_msgs/lib:/home/emackinnon1/interbotix_ws/install/dynamixel_workbench_toolbox/lib:${LD_LIBRARY_PATH} PYTHONPATH=/home/emackinnon1/interbotix_ws/install/interbotix_xs_modules/lib/python3.10/site-packages:/home/emackinnon1/interbotix_ws/install/interbotix_xs_msgs/local/lib/python3.10/dist-packages:/home/emackinnon1/interbotix_ws/install/interbotix_common_modules/lib/python3.10/site-packages:${PYTHONPATH} /usr/bin/cmake --install /home/emackinnon1/interbotix_ws/build/interbotix_xsarm_dual
[7.913s] -- Install configuration: ""
[7.916s] -- Installing: /home/emackinnon1/interbotix_ws/install/interbotix_xsarm_dual/lib/interbotix_xsarm_dual/xsarm_dual.py
[7.927s] -- Installing: /home/emackinnon1/interbotix_ws/install/interbotix_xsarm_dual/share/interbotix_xsarm_dual//config
[7.930s] -- Installing: /home/emackinnon1/interbotix_ws/install/interbotix_xsarm_dual/share/interbotix_xsarm_dual//config/modes_1.yaml
[7.933s] -- Installing: /home/emackinnon1/interbotix_ws/install/interbotix_xsarm_dual/share/interbotix_xsarm_dual//config/modes_2.yaml
[7.936s] -- Installing: /home/emackinnon1/interbotix_ws/install/interbotix_xsarm_dual/share/interbotix_xsarm_dual//launch
[7.939s] -- Installing: /home/emackinnon1/interbotix_ws/install/interbotix_xsarm_dual/share/interbotix_xsarm_dual//launch/xsarm_dual.launch.py
[7.943s] -- Installing: /home/emackinnon1/interbotix_ws/install/interbotix_xsarm_dual/share/interbotix_xsarm_dual//rviz
[7.945s] -- Installing: /home/emackinnon1/interbotix_ws/install/interbotix_xsarm_dual/share/interbotix_xsarm_dual//rviz/xsarm_dual.rviz
[7.955s] -- Installing: /home/emackinnon1/interbotix_ws/install/interbotix_xsarm_dual/share/ament_index/resource_index/package_run_dependencies/interbotix_xsarm_dual
[7.959s] -- Installing: /home/emackinnon1/interbotix_ws/install/interbotix_xsarm_dual/share/ament_index/resource_index/parent_prefix_path/interbotix_xsarm_dual
[7.964s] -- Installing: /home/emackinnon1/interbotix_ws/install/interbotix_xsarm_dual/share/interbotix_xsarm_dual/environment/ament_prefix_path.sh
[7.968s] -- Installing: /home/emackinnon1/interbotix_ws/install/interbotix_xsarm_dual/share/interbotix_xsarm_dual/environment/ament_prefix_path.dsv
[7.971s] -- Installing: /home/emackinnon1/interbotix_ws/install/interbotix_xsarm_dual/share/interbotix_xsarm_dual/environment/path.sh
[7.975s] -- Installing: /home/emackinnon1/interbotix_ws/install/interbotix_xsarm_dual/share/interbotix_xsarm_dual/environment/path.dsv
[7.978s] -- Installing: /home/emackinnon1/interbotix_ws/install/interbotix_xsarm_dual/share/interbotix_xsarm_dual/local_setup.bash
[7.981s] -- Installing: /home/emackinnon1/interbotix_ws/install/interbotix_xsarm_dual/share/interbotix_xsarm_dual/local_setup.sh
[7.985s] -- Installing: /home/emackinnon1/interbotix_ws/install/interbotix_xsarm_dual/share/interbotix_xsarm_dual/local_setup.zsh
[7.988s] -- Installing: /home/emackinnon1/interbotix_ws/install/interbotix_xsarm_dual/share/interbotix_xsarm_dual/local_setup.dsv
[7.992s] -- Installing: /home/emackinnon1/interbotix_ws/install/interbotix_xsarm_dual/share/interbotix_xsarm_dual/package.dsv
[7.996s] -- Installing: /home/emackinnon1/interbotix_ws/install/interbotix_xsarm_dual/share/ament_index/resource_index/packages/interbotix_xsarm_dual
[8.000s] -- Installing: /home/emackinnon1/interbotix_ws/install/interbotix_xsarm_dual/share/interbotix_xsarm_dual/cmake/interbotix_xsarm_dualConfig.cmake
[8.003s] -- Installing: /home/emackinnon1/interbotix_ws/install/interbotix_xsarm_dual/share/interbotix_xsarm_dual/cmake/interbotix_xsarm_dualConfig-version.cmake
[8.007s] -- Installing: /home/emackinnon1/interbotix_ws/install/interbotix_xsarm_dual/share/interbotix_xsarm_dual/package.xml
[8.020s] Invoked command in '/home/emackinnon1/interbotix_ws/build/interbotix_xsarm_dual' returned '0': AMENT_PREFIX_PATH=/home/emackinnon1/interbotix_ws/install/interbotix_xsarm_control:/home/emackinnon1/interbotix_ws/install/interbotix_xsarm_descriptions:/home/emackinnon1/interbotix_ws/install/interbotix_xs_modules:/home/emackinnon1/interbotix_ws/install/interbotix_xs_sdk:/home/emackinnon1/interbotix_ws/install/interbotix_xs_driver:/home/emackinnon1/interbotix_ws/install/interbotix_xs_msgs:/home/emackinnon1/interbotix_ws/install/interbotix_common_modules:/home/emackinnon1/interbotix_ws/install/dynamixel_workbench_toolbox:${AMENT_PREFIX_PATH} CMAKE_PREFIX_PATH=/home/emackinnon1/interbotix_ws/install/interbotix_xsarm_control:/home/emackinnon1/interbotix_ws/install/interbotix_xsarm_descriptions:/home/emackinnon1/interbotix_ws/install/interbotix_xs_sdk:/home/emackinnon1/interbotix_ws/install/interbotix_xs_driver:/home/emackinnon1/interbotix_ws/install/interbotix_xs_msgs:/home/emackinnon1/interbotix_ws/install/dynamixel_workbench_toolbox:/opt/ros/humble LD_LIBRARY_PATH=/home/emackinnon1/interbotix_ws/install/interbotix_xs_driver/lib:/home/emackinnon1/interbotix_ws/install/interbotix_xs_msgs/lib:/home/emackinnon1/interbotix_ws/install/dynamixel_workbench_toolbox/lib:${LD_LIBRARY_PATH} PYTHONPATH=/home/emackinnon1/interbotix_ws/install/interbotix_xs_modules/lib/python3.10/site-packages:/home/emackinnon1/interbotix_ws/install/interbotix_xs_msgs/local/lib/python3.10/dist-packages:/home/emackinnon1/interbotix_ws/install/interbotix_common_modules/lib/python3.10/site-packages:${PYTHONPATH} /usr/bin/cmake --install /home/emackinnon1/interbotix_ws/build/interbotix_xsarm_dual
