[0.105s] Invoking command in '/home/emackinnon1/interbotix_ws/build/interbotix_gravity_compensation': AMENT_PREFIX_PATH=/home/emackinnon1/interbotix_ws/install/interbotix_xs_msgs:${AMENT_PREFIX_PATH} CMAKE_PREFIX_PATH=/home/emackinnon1/interbotix_ws/install/interbotix_xs_msgs:/opt/ros/humble LD_LIBRARY_PATH=/home/emackinnon1/interbotix_ws/install/interbotix_xs_msgs/lib:${LD_LIBRARY_PATH} PYTHONPATH=/home/emackinnon1/interbotix_ws/install/interbotix_xs_msgs/local/lib/python3.10/dist-packages:${PYTHONPATH} /usr/bin/cmake /home/emackinnon1/interbotix_ws/src/interbotix_ros_toolboxes/interbotix_common_toolbox/interbotix_gravity_compensation -DCMAKE_INSTALL_PREFIX=/home/emackinnon1/interbotix_ws/install/interbotix_gravity_compensation
[0.532s] -- The C compiler identification is GNU 11.4.0
[0.903s] -- The CXX compiler identification is GNU 11.4.0
[0.945s] -- Detecting C compiler ABI info
[1.461s] -- Detecting C compiler ABI info - done
[1.496s] -- Check for working C compiler: /usr/bin/cc - skipped
[1.497s] -- Detecting C compile features
[1.499s] -- Detecting C compile features - done
[1.515s] -- Detecting CXX compiler ABI info
[2.044s] -- Detecting CXX compiler ABI info - done
[2.078s] -- Check for working CXX compiler: /usr/bin/c++ - skipped
[2.081s] -- Detecting CXX compile features
[2.084s] -- Detecting CXX compile features - done
[2.127s] -- Found ament_cmake: 1.3.11 (/opt/ros/humble/share/ament_cmake/cmake)
[3.331s] -- Found Python3: /usr/bin/python3 (found version "3.10.12") found components: Interpreter 
[4.117s] -- Found interbotix_xs_msgs: 0.0.0 (/home/emackinnon1/interbotix_ws/install/interbotix_xs_msgs/share/interbotix_xs_msgs/cmake)
[4.510s] -- Found rosidl_generator_c: 3.1.6 (/opt/ros/humble/share/rosidl_generator_c/cmake)
[4.568s] -- Found rosidl_adapter: 3.1.6 (/opt/ros/humble/share/rosidl_adapter/cmake)
[4.644s] -- Found rosidl_generator_cpp: 3.1.6 (/opt/ros/humble/share/rosidl_generator_cpp/cmake)
[4.737s] -- Using all available rosidl_typesupport_c: rosidl_typesupport_fastrtps_c;rosidl_typesupport_introspection_c
[4.879s] -- Using all available rosidl_typesupport_cpp: rosidl_typesupport_fastrtps_cpp;rosidl_typesupport_introspection_cpp
[5.330s] -- Found kdl_parser: 2.6.4 (/opt/ros/humble/share/kdl_parser/cmake)
[5.521s] -- Found eigen3_cmake_module: 0.1.1 (/opt/ros/humble/share/eigen3_cmake_module/cmake)
[5.526s] -- Found Eigen3: TRUE (found version "3.4.0") 
[5.527s] -- Ensuring Eigen3 include directory is part of orocos-kdl CMake target
[5.572s] -- Found rclcpp: 16.0.12 (/opt/ros/humble/share/rclcpp/cmake)
[5.903s] -- Found rmw_implementation_cmake: 6.1.2 (/opt/ros/humble/share/rmw_implementation_cmake/cmake)
[5.934s] -- Found rmw_fastrtps_cpp: 6.2.7 (/opt/ros/humble/share/rmw_fastrtps_cpp/cmake)
[6.618s] -- Found OpenSSL: /usr/lib/aarch64-linux-gnu/libcrypto.so (found version "3.0.2")  
[6.905s] -- Found FastRTPS: /opt/ros/humble/include  
[7.393s] -- Using RMW implementation 'rmw_fastrtps_cpp' as default
[7.515s] -- Looking for pthread.h
[7.972s] -- Looking for pthread.h - found
[7.975s] -- Performing Test CMAKE_HAVE_LIBC_PTHREAD
[8.419s] -- Performing Test CMAKE_HAVE_LIBC_PTHREAD - Success
[8.424s] -- Found Threads: TRUE  
[8.702s] -- Found sensor_msgs: 4.8.0 (/opt/ros/humble/share/sensor_msgs/cmake)
[8.807s] -- Found std_srvs: 4.8.0 (/opt/ros/humble/share/std_srvs/cmake)
[8.888s] -- Found yaml_cpp_vendor: 8.0.2 (/opt/ros/humble/share/yaml_cpp_vendor/cmake)
[8.959s] -- Found ament_lint_auto: 0.12.12 (/opt/ros/humble/share/ament_lint_auto/cmake)
[9.614s] -- Added test 'copyright' to check source files copyright and LICENSE
[9.628s] -- Added test 'cppcheck' to perform static code analysis on C / C++ code
[9.629s] -- Configured cppcheck include dirs: /home/emackinnon1/interbotix_ws/src/interbotix_ros_toolboxes/interbotix_common_toolbox/interbotix_gravity_compensation/include
[9.630s] -- Configured cppcheck exclude dirs and/or files: 
[9.643s] -- Added test 'cpplint' to check C / C++ code against the Google style
[9.643s] -- Configured cpplint exclude dirs and/or files: 
[9.651s] -- Added test 'lint_cmake' to check CMake code style
[9.666s] -- Added test 'uncrustify' to check C / C++ code style
[9.666s] -- Configured uncrustify additional arguments: 
[9.671s] -- Added test 'xmllint' to check XML markup files
[9.680s] -- Configuring done
[9.766s] -- Generating done
[9.788s] -- Build files have been written to: /home/emackinnon1/interbotix_ws/build/interbotix_gravity_compensation
[9.847s] Invoked command in '/home/emackinnon1/interbotix_ws/build/interbotix_gravity_compensation' returned '0': AMENT_PREFIX_PATH=/home/emackinnon1/interbotix_ws/install/interbotix_xs_msgs:${AMENT_PREFIX_PATH} CMAKE_PREFIX_PATH=/home/emackinnon1/interbotix_ws/install/interbotix_xs_msgs:/opt/ros/humble LD_LIBRARY_PATH=/home/emackinnon1/interbotix_ws/install/interbotix_xs_msgs/lib:${LD_LIBRARY_PATH} PYTHONPATH=/home/emackinnon1/interbotix_ws/install/interbotix_xs_msgs/local/lib/python3.10/dist-packages:${PYTHONPATH} /usr/bin/cmake /home/emackinnon1/interbotix_ws/src/interbotix_ros_toolboxes/interbotix_common_toolbox/interbotix_gravity_compensation -DCMAKE_INSTALL_PREFIX=/home/emackinnon1/interbotix_ws/install/interbotix_gravity_compensation
[9.849s] Invoking command in '/home/emackinnon1/interbotix_ws/build/interbotix_gravity_compensation': AMENT_PREFIX_PATH=/home/emackinnon1/interbotix_ws/install/interbotix_xs_msgs:${AMENT_PREFIX_PATH} CMAKE_PREFIX_PATH=/home/emackinnon1/interbotix_ws/install/interbotix_xs_msgs:/opt/ros/humble LD_LIBRARY_PATH=/home/emackinnon1/interbotix_ws/install/interbotix_xs_msgs/lib:${LD_LIBRARY_PATH} PYTHONPATH=/home/emackinnon1/interbotix_ws/install/interbotix_xs_msgs/local/lib/python3.10/dist-packages:${PYTHONPATH} /usr/bin/cmake --build /home/emackinnon1/interbotix_ws/build/interbotix_gravity_compensation -- -j4 -l4
[10.120s] [ 33%] [32mBuilding CXX object CMakeFiles/interbotix_gravity_compensation.dir/src/interbotix_gravity_compensation_node.cpp.o[0m
[10.172s] [ 66%] [32mBuilding CXX object CMakeFiles/interbotix_gravity_compensation.dir/src/interbotix_gravity_compensation.cpp.o[0m
[125.862s] [100%] [32m[1mLinking CXX executable interbotix_gravity_compensation[0m
[130.926s] [100%] Built target interbotix_gravity_compensation
[130.992s] Invoked command in '/home/emackinnon1/interbotix_ws/build/interbotix_gravity_compensation' returned '0': AMENT_PREFIX_PATH=/home/emackinnon1/interbotix_ws/install/interbotix_xs_msgs:${AMENT_PREFIX_PATH} CMAKE_PREFIX_PATH=/home/emackinnon1/interbotix_ws/install/interbotix_xs_msgs:/opt/ros/humble LD_LIBRARY_PATH=/home/emackinnon1/interbotix_ws/install/interbotix_xs_msgs/lib:${LD_LIBRARY_PATH} PYTHONPATH=/home/emackinnon1/interbotix_ws/install/interbotix_xs_msgs/local/lib/python3.10/dist-packages:${PYTHONPATH} /usr/bin/cmake --build /home/emackinnon1/interbotix_ws/build/interbotix_gravity_compensation -- -j4 -l4
[130.995s] Invoking command in '/home/emackinnon1/interbotix_ws/build/interbotix_gravity_compensation': AMENT_PREFIX_PATH=/home/emackinnon1/interbotix_ws/install/interbotix_xs_msgs:${AMENT_PREFIX_PATH} CMAKE_PREFIX_PATH=/home/emackinnon1/interbotix_ws/install/interbotix_xs_msgs:/opt/ros/humble LD_LIBRARY_PATH=/home/emackinnon1/interbotix_ws/install/interbotix_xs_msgs/lib:${LD_LIBRARY_PATH} PYTHONPATH=/home/emackinnon1/interbotix_ws/install/interbotix_xs_msgs/local/lib/python3.10/dist-packages:${PYTHONPATH} /usr/bin/cmake --install /home/emackinnon1/interbotix_ws/build/interbotix_gravity_compensation
[131.045s] -- Install configuration: ""
[131.046s] -- Installing: /home/emackinnon1/interbotix_ws/install/interbotix_gravity_compensation/lib/interbotix_gravity_compensation/interbotix_gravity_compensation
[131.097s] -- Set runtime path of "/home/emackinnon1/interbotix_ws/install/interbotix_gravity_compensation/lib/interbotix_gravity_compensation/interbotix_gravity_compensation" to ""
[131.098s] -- Installing: /home/emackinnon1/interbotix_ws/install/interbotix_gravity_compensation/share/interbotix_gravity_compensation/config
[131.099s] -- Installing: /home/emackinnon1/interbotix_ws/install/interbotix_gravity_compensation/share/interbotix_gravity_compensation/config/motor_specs_example.yaml
[131.102s] -- Installing: /home/emackinnon1/interbotix_ws/install/interbotix_gravity_compensation/share/ament_index/resource_index/package_run_dependencies/interbotix_gravity_compensation
[131.105s] -- Installing: /home/emackinnon1/interbotix_ws/install/interbotix_gravity_compensation/share/ament_index/resource_index/parent_prefix_path/interbotix_gravity_compensation
[131.108s] -- Installing: /home/emackinnon1/interbotix_ws/install/interbotix_gravity_compensation/share/interbotix_gravity_compensation/environment/ament_prefix_path.sh
[131.111s] -- Installing: /home/emackinnon1/interbotix_ws/install/interbotix_gravity_compensation/share/interbotix_gravity_compensation/environment/ament_prefix_path.dsv
[131.114s] -- Installing: /home/emackinnon1/interbotix_ws/install/interbotix_gravity_compensation/share/interbotix_gravity_compensation/environment/path.sh
[131.116s] -- Installing: /home/emackinnon1/interbotix_ws/install/interbotix_gravity_compensation/share/interbotix_gravity_compensation/environment/path.dsv
[131.118s] -- Installing: /home/emackinnon1/interbotix_ws/install/interbotix_gravity_compensation/share/interbotix_gravity_compensation/local_setup.bash
[131.120s] -- Installing: /home/emackinnon1/interbotix_ws/install/interbotix_gravity_compensation/share/interbotix_gravity_compensation/local_setup.sh
[131.122s] -- Installing: /home/emackinnon1/interbotix_ws/install/interbotix_gravity_compensation/share/interbotix_gravity_compensation/local_setup.zsh
[131.124s] -- Installing: /home/emackinnon1/interbotix_ws/install/interbotix_gravity_compensation/share/interbotix_gravity_compensation/local_setup.dsv
[131.126s] -- Installing: /home/emackinnon1/interbotix_ws/install/interbotix_gravity_compensation/share/interbotix_gravity_compensation/package.dsv
[131.129s] -- Installing: /home/emackinnon1/interbotix_ws/install/interbotix_gravity_compensation/share/ament_index/resource_index/packages/interbotix_gravity_compensation
[131.132s] -- Installing: /home/emackinnon1/interbotix_ws/install/interbotix_gravity_compensation/share/interbotix_gravity_compensation/cmake/interbotix_gravity_compensationConfig.cmake
[131.134s] -- Installing: /home/emackinnon1/interbotix_ws/install/interbotix_gravity_compensation/share/interbotix_gravity_compensation/cmake/interbotix_gravity_compensationConfig-version.cmake
[131.136s] -- Installing: /home/emackinnon1/interbotix_ws/install/interbotix_gravity_compensation/share/interbotix_gravity_compensation/package.xml
[131.155s] Invoked command in '/home/emackinnon1/interbotix_ws/build/interbotix_gravity_compensation' returned '0': AMENT_PREFIX_PATH=/home/emackinnon1/interbotix_ws/install/interbotix_xs_msgs:${AMENT_PREFIX_PATH} CMAKE_PREFIX_PATH=/home/emackinnon1/interbotix_ws/install/interbotix_xs_msgs:/opt/ros/humble LD_LIBRARY_PATH=/home/emackinnon1/interbotix_ws/install/interbotix_xs_msgs/lib:${LD_LIBRARY_PATH} PYTHONPATH=/home/emackinnon1/interbotix_ws/install/interbotix_xs_msgs/local/lib/python3.10/dist-packages:${PYTHONPATH} /usr/bin/cmake --install /home/emackinnon1/interbotix_ws/build/interbotix_gravity_compensation
