[0.083s] Invoking command in '/home/emackinnon1/interbotix_ws/build/interbotix_common_toolbox': AMENT_PREFIX_PATH=/home/emackinnon1/interbotix_ws/install/interbotix_gravity_compensation:/home/emackinnon1/interbotix_ws/install/interbotix_xs_msgs:/home/emackinnon1/interbotix_ws/install/interbotix_common_sim:/home/emackinnon1/interbotix_ws/install/interbotix_common_modules:${AMENT_PREFIX_PATH} CMAKE_PREFIX_PATH=/home/emackinnon1/interbotix_ws/install/interbotix_gravity_compensation:/home/emackinnon1/interbotix_ws/install/interbotix_xs_msgs:/home/emackinnon1/interbotix_ws/install/interbotix_common_sim:/opt/ros/humble LD_LIBRARY_PATH=/home/emackinnon1/interbotix_ws/install/interbotix_xs_msgs/lib:${LD_LIBRARY_PATH} PYTHONPATH=/home/emackinnon1/interbotix_ws/install/interbotix_xs_msgs/local/lib/python3.10/dist-packages:/home/emackinnon1/interbotix_ws/install/interbotix_common_modules/lib/python3.10/site-packages:${PYTHONPATH} /usr/bin/cmake /home/emackinnon1/interbotix_ws/src/interbotix_ros_toolboxes/interbotix_common_toolbox/interbotix_common_toolbox -DCMAKE_INSTALL_PREFIX=/home/emackinnon1/interbotix_ws/install/interbotix_common_toolbox
[0.453s] -- The C compiler identification is GNU 11.4.0
[0.809s] -- The CXX compiler identification is GNU 11.4.0
[0.853s] -- Detecting C compiler ABI info
[1.359s] -- Detecting C compiler ABI info - done
[1.393s] -- Check for working C compiler: /usr/bin/cc - skipped
[1.396s] -- Detecting C compile features
[1.400s] -- Detecting C compile features - done
[1.421s] -- Detecting CXX compiler ABI info
[2.028s] -- Detecting CXX compiler ABI info - done
[2.074s] -- Check for working CXX compiler: /usr/bin/c++ - skipped
[2.078s] -- Detecting CXX compile features
[2.083s] -- Detecting CXX compile features - done
[2.141s] -- Found ament_cmake: 1.3.11 (/opt/ros/humble/share/ament_cmake/cmake)
[3.685s] -- Found Python3: /usr/bin/python3 (found version "3.10.12") found components: Interpreter 
[4.740s] -- Found ament_lint_auto: 0.12.12 (/opt/ros/humble/share/ament_lint_auto/cmake)
[5.602s] -- Added test 'copyright' to check source files copyright and LICENSE
[5.616s] -- Added test 'lint_cmake' to check CMake code style
[5.625s] -- Added test 'xmllint' to check XML markup files
[5.644s] -- Configuring done
[5.682s] -- Generating done
[5.697s] -- Build files have been written to: /home/emackinnon1/interbotix_ws/build/interbotix_common_toolbox
[5.736s] Invoked command in '/home/emackinnon1/interbotix_ws/build/interbotix_common_toolbox' returned '0': AMENT_PREFIX_PATH=/home/emackinnon1/interbotix_ws/install/interbotix_gravity_compensation:/home/emackinnon1/interbotix_ws/install/interbotix_xs_msgs:/home/emackinnon1/interbotix_ws/install/interbotix_common_sim:/home/emackinnon1/interbotix_ws/install/interbotix_common_modules:${AMENT_PREFIX_PATH} CMAKE_PREFIX_PATH=/home/emackinnon1/interbotix_ws/install/interbotix_gravity_compensation:/home/emackinnon1/interbotix_ws/install/interbotix_xs_msgs:/home/emackinnon1/interbotix_ws/install/interbotix_common_sim:/opt/ros/humble LD_LIBRARY_PATH=/home/emackinnon1/interbotix_ws/install/interbotix_xs_msgs/lib:${LD_LIBRARY_PATH} PYTHONPATH=/home/emackinnon1/interbotix_ws/install/interbotix_xs_msgs/local/lib/python3.10/dist-packages:/home/emackinnon1/interbotix_ws/install/interbotix_common_modules/lib/python3.10/site-packages:${PYTHONPATH} /usr/bin/cmake /home/emackinnon1/interbotix_ws/src/interbotix_ros_toolboxes/interbotix_common_toolbox/interbotix_common_toolbox -DCMAKE_INSTALL_PREFIX=/home/emackinnon1/interbotix_ws/install/interbotix_common_toolbox
[5.738s] Invoking command in '/home/emackinnon1/interbotix_ws/build/interbotix_common_toolbox': AMENT_PREFIX_PATH=/home/emackinnon1/interbotix_ws/install/interbotix_gravity_compensation:/home/emackinnon1/interbotix_ws/install/interbotix_xs_msgs:/home/emackinnon1/interbotix_ws/install/interbotix_common_sim:/home/emackinnon1/interbotix_ws/install/interbotix_common_modules:${AMENT_PREFIX_PATH} CMAKE_PREFIX_PATH=/home/emackinnon1/interbotix_ws/install/interbotix_gravity_compensation:/home/emackinnon1/interbotix_ws/install/interbotix_xs_msgs:/home/emackinnon1/interbotix_ws/install/interbotix_common_sim:/opt/ros/humble LD_LIBRARY_PATH=/home/emackinnon1/interbotix_ws/install/interbotix_xs_msgs/lib:${LD_LIBRARY_PATH} PYTHONPATH=/home/emackinnon1/interbotix_ws/install/interbotix_xs_msgs/local/lib/python3.10/dist-packages:/home/emackinnon1/interbotix_ws/install/interbotix_common_modules/lib/python3.10/site-packages:${PYTHONPATH} /usr/bin/cmake --build /home/emackinnon1/interbotix_ws/build/interbotix_common_toolbox -- -j4 -l4
[5.969s] Invoked command in '/home/emackinnon1/interbotix_ws/build/interbotix_common_toolbox' returned '0': AMENT_PREFIX_PATH=/home/emackinnon1/interbotix_ws/install/interbotix_gravity_compensation:/home/emackinnon1/interbotix_ws/install/interbotix_xs_msgs:/home/emackinnon1/interbotix_ws/install/interbotix_common_sim:/home/emackinnon1/interbotix_ws/install/interbotix_common_modules:${AMENT_PREFIX_PATH} CMAKE_PREFIX_PATH=/home/emackinnon1/interbotix_ws/install/interbotix_gravity_compensation:/home/emackinnon1/interbotix_ws/install/interbotix_xs_msgs:/home/emackinnon1/interbotix_ws/install/interbotix_common_sim:/opt/ros/humble LD_LIBRARY_PATH=/home/emackinnon1/interbotix_ws/install/interbotix_xs_msgs/lib:${LD_LIBRARY_PATH} PYTHONPATH=/home/emackinnon1/interbotix_ws/install/interbotix_xs_msgs/local/lib/python3.10/dist-packages:/home/emackinnon1/interbotix_ws/install/interbotix_common_modules/lib/python3.10/site-packages:${PYTHONPATH} /usr/bin/cmake --build /home/emackinnon1/interbotix_ws/build/interbotix_common_toolbox -- -j4 -l4
[5.979s] Invoking command in '/home/emackinnon1/interbotix_ws/build/interbotix_common_toolbox': AMENT_PREFIX_PATH=/home/emackinnon1/interbotix_ws/install/interbotix_gravity_compensation:/home/emackinnon1/interbotix_ws/install/interbotix_xs_msgs:/home/emackinnon1/interbotix_ws/install/interbotix_common_sim:/home/emackinnon1/interbotix_ws/install/interbotix_common_modules:${AMENT_PREFIX_PATH} CMAKE_PREFIX_PATH=/home/emackinnon1/interbotix_ws/install/interbotix_gravity_compensation:/home/emackinnon1/interbotix_ws/install/interbotix_xs_msgs:/home/emackinnon1/interbotix_ws/install/interbotix_common_sim:/opt/ros/humble LD_LIBRARY_PATH=/home/emackinnon1/interbotix_ws/install/interbotix_xs_msgs/lib:${LD_LIBRARY_PATH} PYTHONPATH=/home/emackinnon1/interbotix_ws/install/interbotix_xs_msgs/local/lib/python3.10/dist-packages:/home/emackinnon1/interbotix_ws/install/interbotix_common_modules/lib/python3.10/site-packages:${PYTHONPATH} /usr/bin/cmake --install /home/emackinnon1/interbotix_ws/build/interbotix_common_toolbox
[6.026s] -- Install configuration: ""
[6.036s] -- Installing: /home/emackinnon1/interbotix_ws/install/interbotix_common_toolbox/share/ament_index/resource_index/package_run_dependencies/interbotix_common_toolbox
[6.039s] -- Installing: /home/emackinnon1/interbotix_ws/install/interbotix_common_toolbox/share/ament_index/resource_index/parent_prefix_path/interbotix_common_toolbox
[6.043s] -- Installing: /home/emackinnon1/interbotix_ws/install/interbotix_common_toolbox/share/interbotix_common_toolbox/environment/ament_prefix_path.sh
[6.048s] -- Installing: /home/emackinnon1/interbotix_ws/install/interbotix_common_toolbox/share/interbotix_common_toolbox/environment/ament_prefix_path.dsv
[6.050s] -- Installing: /home/emackinnon1/interbotix_ws/install/interbotix_common_toolbox/share/interbotix_common_toolbox/environment/path.sh
[6.053s] -- Installing: /home/emackinnon1/interbotix_ws/install/interbotix_common_toolbox/share/interbotix_common_toolbox/environment/path.dsv
[6.056s] -- Installing: /home/emackinnon1/interbotix_ws/install/interbotix_common_toolbox/share/interbotix_common_toolbox/local_setup.bash
[6.059s] -- Installing: /home/emackinnon1/interbotix_ws/install/interbotix_common_toolbox/share/interbotix_common_toolbox/local_setup.sh
[6.062s] -- Installing: /home/emackinnon1/interbotix_ws/install/interbotix_common_toolbox/share/interbotix_common_toolbox/local_setup.zsh
[6.065s] -- Installing: /home/emackinnon1/interbotix_ws/install/interbotix_common_toolbox/share/interbotix_common_toolbox/local_setup.dsv
[6.068s] -- Installing: /home/emackinnon1/interbotix_ws/install/interbotix_common_toolbox/share/interbotix_common_toolbox/package.dsv
[6.071s] -- Installing: /home/emackinnon1/interbotix_ws/install/interbotix_common_toolbox/share/ament_index/resource_index/packages/interbotix_common_toolbox
[6.075s] -- Installing: /home/emackinnon1/interbotix_ws/install/interbotix_common_toolbox/share/interbotix_common_toolbox/cmake/interbotix_common_toolboxConfig.cmake
[6.078s] -- Installing: /home/emackinnon1/interbotix_ws/install/interbotix_common_toolbox/share/interbotix_common_toolbox/cmake/interbotix_common_toolboxConfig-version.cmake
[6.081s] -- Installing: /home/emackinnon1/interbotix_ws/install/interbotix_common_toolbox/share/interbotix_common_toolbox/package.xml
[6.101s] Invoked command in '/home/emackinnon1/interbotix_ws/build/interbotix_common_toolbox' returned '0': AMENT_PREFIX_PATH=/home/emackinnon1/interbotix_ws/install/interbotix_gravity_compensation:/home/emackinnon1/interbotix_ws/install/interbotix_xs_msgs:/home/emackinnon1/interbotix_ws/install/interbotix_common_sim:/home/emackinnon1/interbotix_ws/install/interbotix_common_modules:${AMENT_PREFIX_PATH} CMAKE_PREFIX_PATH=/home/emackinnon1/interbotix_ws/install/interbotix_gravity_compensation:/home/emackinnon1/interbotix_ws/install/interbotix_xs_msgs:/home/emackinnon1/interbotix_ws/install/interbotix_common_sim:/opt/ros/humble LD_LIBRARY_PATH=/home/emackinnon1/interbotix_ws/install/interbotix_xs_msgs/lib:${LD_LIBRARY_PATH} PYTHONPATH=/home/emackinnon1/interbotix_ws/install/interbotix_xs_msgs/local/lib/python3.10/dist-packages:/home/emackinnon1/interbotix_ws/install/interbotix_common_modules/lib/python3.10/site-packages:${PYTHONPATH} /usr/bin/cmake --install /home/emackinnon1/interbotix_ws/build/interbotix_common_toolbox
