[2.113s] Invoking command in '/home/emackinnon1/interbotix_ws/build/interbotix_common_sim': CMAKE_PREFIX_PATH=/opt/ros/humble /usr/bin/cmake /home/emackinnon1/interbotix_ws/src/interbotix_ros_toolboxes/interbotix_common_toolbox/interbotix_common_sim -DCMAKE_INSTALL_PREFIX=/home/emackinnon1/interbotix_ws/install/interbotix_common_sim
[2.509s] -- The C compiler identification is GNU 11.4.0
[2.887s] -- The CXX compiler identification is GNU 11.4.0
[2.924s] -- Detecting C compiler ABI info
[3.447s] -- Detecting C compiler ABI info - done
[3.487s] -- Check for working C compiler: /usr/bin/cc - skipped
[3.489s] -- Detecting C compile features
[3.491s] -- Detecting C compile features - done
[3.504s] -- Detecting CXX compiler ABI info
[3.903s] -- Detecting CXX compiler ABI info - done
[3.933s] -- Check for working CXX compiler: /usr/bin/c++ - skipped
[3.935s] -- Detecting CXX compile features
[3.938s] -- Detecting CXX compile features - done
[3.973s] -- Found ament_cmake: 1.3.11 (/opt/ros/humble/share/ament_cmake/cmake)
[4.905s] -- Found Python3: /usr/bin/python3 (found version "3.10.12") found components: Interpreter 
[5.773s] -- Found ament_lint_auto: 0.12.12 (/opt/ros/humble/share/ament_lint_auto/cmake)
[6.224s] -- Configuring done
[6.252s] -- Generating done
[6.268s] -- Build files have been written to: /home/emackinnon1/interbotix_ws/build/interbotix_common_sim
[6.295s] Invoked command in '/home/emackinnon1/interbotix_ws/build/interbotix_common_sim' returned '0': CMAKE_PREFIX_PATH=/opt/ros/humble /usr/bin/cmake /home/emackinnon1/interbotix_ws/src/interbotix_ros_toolboxes/interbotix_common_toolbox/interbotix_common_sim -DCMAKE_INSTALL_PREFIX=/home/emackinnon1/interbotix_ws/install/interbotix_common_sim
[6.297s] Invoking command in '/home/emackinnon1/interbotix_ws/build/interbotix_common_sim': CMAKE_PREFIX_PATH=/opt/ros/humble /usr/bin/cmake --build /home/emackinnon1/interbotix_ws/build/interbotix_common_sim -- -j4 -l4
[6.481s] Invoked command in '/home/emackinnon1/interbotix_ws/build/interbotix_common_sim' returned '0': CMAKE_PREFIX_PATH=/opt/ros/humble /usr/bin/cmake --build /home/emackinnon1/interbotix_ws/build/interbotix_common_sim -- -j4 -l4
[6.540s] Invoking command in '/home/emackinnon1/interbotix_ws/build/interbotix_common_sim': CMAKE_PREFIX_PATH=/opt/ros/humble /usr/bin/cmake --install /home/emackinnon1/interbotix_ws/build/interbotix_common_sim
[6.581s] -- Install configuration: ""
[6.582s] -- Installing: /home/emackinnon1/interbotix_ws/install/interbotix_common_sim/share/interbotix_common_sim/models
[6.582s] -- Installing: /home/emackinnon1/interbotix_ws/install/interbotix_common_sim/share/interbotix_common_sim/models/VisionKit
[6.583s] -- Installing: /home/emackinnon1/interbotix_ws/install/interbotix_common_sim/share/interbotix_common_sim/models/VisionKit/stand.stl
[6.587s] -- Installing: /home/emackinnon1/interbotix_ws/install/interbotix_common_sim/share/interbotix_common_sim/models/VisionKit/VisionKit.sdf
[6.589s] -- Installing: /home/emackinnon1/interbotix_ws/install/interbotix_common_sim/share/interbotix_common_sim/models/VisionKit/model.config
[6.590s] -- Installing: /home/emackinnon1/interbotix_ws/install/interbotix_common_sim/share/interbotix_common_sim/models/RealSenseD415
[6.591s] -- Installing: /home/emackinnon1/interbotix_ws/install/interbotix_common_sim/share/interbotix_common_sim/models/RealSenseD415/camera.stl
[6.592s] -- Installing: /home/emackinnon1/interbotix_ws/install/interbotix_common_sim/share/interbotix_common_sim/models/RealSenseD415/model.config
[6.600s] -- Installing: /home/emackinnon1/interbotix_ws/install/interbotix_common_sim/share/interbotix_common_sim/models/RealSenseD415/RealSenseD415.sdf
[6.601s] -- Installing: /home/emackinnon1/interbotix_ws/install/interbotix_common_sim/share/interbotix_common_sim/models/TrossenRoboticsOfficeBuilding
[6.601s] -- Installing: /home/emackinnon1/interbotix_ws/install/interbotix_common_sim/share/interbotix_common_sim/models/TrossenRoboticsOfficeBuilding/model.config
[6.602s] -- Installing: /home/emackinnon1/interbotix_ws/install/interbotix_common_sim/share/interbotix_common_sim/models/TrossenRoboticsOfficeBuilding/TrossenRoboticsOfficeBuilding.sdf
[6.602s] -- Installing: /home/emackinnon1/interbotix_ws/install/interbotix_common_sim/share/interbotix_common_sim/worlds
[6.602s] -- Installing: /home/emackinnon1/interbotix_ws/install/interbotix_common_sim/share/interbotix_common_sim/worlds/vision_kit.world
[6.603s] -- Installing: /home/emackinnon1/interbotix_ws/install/interbotix_common_sim/share/interbotix_common_sim/worlds/interbotix.world
[6.604s] -- Installing: /home/emackinnon1/interbotix_ws/install/interbotix_common_sim/share/interbotix_common_sim/media
[6.605s] -- Installing: /home/emackinnon1/interbotix_ws/install/interbotix_common_sim/share/interbotix_common_sim/media/materials
[6.606s] -- Installing: /home/emackinnon1/interbotix_ws/install/interbotix_common_sim/share/interbotix_common_sim/media/materials/scripts
[6.608s] -- Installing: /home/emackinnon1/interbotix_ws/install/interbotix_common_sim/share/interbotix_common_sim/media/materials/scripts/interbotix_black.material
[6.610s] -- Installing: /home/emackinnon1/interbotix_ws/install/interbotix_common_sim/share/interbotix_common_sim/media/materials/scripts/interbotix_texture.gazebo
[6.611s] -- Installing: /home/emackinnon1/interbotix_ws/install/interbotix_common_sim/share/interbotix_common_sim/media/materials/textures
[6.613s] -- Installing: /home/emackinnon1/interbotix_ws/install/interbotix_common_sim/share/interbotix_common_sim/media/materials/textures/interbotix_black.png
[6.615s] -- Installing: /home/emackinnon1/interbotix_ws/install/interbotix_common_sim/share/interbotix_common_sim/media/interbotix_black.png
[6.617s] -- Installing: /home/emackinnon1/interbotix_ws/install/interbotix_common_sim/share/ament_index/resource_index/package_run_dependencies/interbotix_common_sim
[6.620s] -- Installing: /home/emackinnon1/interbotix_ws/install/interbotix_common_sim/share/ament_index/resource_index/parent_prefix_path/interbotix_common_sim
[6.622s] -- Installing: /home/emackinnon1/interbotix_ws/install/interbotix_common_sim/share/interbotix_common_sim/environment/ament_prefix_path.sh
[6.624s] -- Installing: /home/emackinnon1/interbotix_ws/install/interbotix_common_sim/share/interbotix_common_sim/environment/ament_prefix_path.dsv
[6.626s] -- Installing: /home/emackinnon1/interbotix_ws/install/interbotix_common_sim/share/interbotix_common_sim/environment/path.sh
[6.627s] -- Installing: /home/emackinnon1/interbotix_ws/install/interbotix_common_sim/share/interbotix_common_sim/environment/path.dsv
[6.629s] -- Installing: /home/emackinnon1/interbotix_ws/install/interbotix_common_sim/share/interbotix_common_sim/local_setup.bash
[6.631s] -- Installing: /home/emackinnon1/interbotix_ws/install/interbotix_common_sim/share/interbotix_common_sim/local_setup.sh
[6.633s] -- Installing: /home/emackinnon1/interbotix_ws/install/interbotix_common_sim/share/interbotix_common_sim/local_setup.zsh
[6.634s] -- Installing: /home/emackinnon1/interbotix_ws/install/interbotix_common_sim/share/interbotix_common_sim/local_setup.dsv
[6.636s] -- Installing: /home/emackinnon1/interbotix_ws/install/interbotix_common_sim/share/interbotix_common_sim/package.dsv
[6.638s] -- Installing: /home/emackinnon1/interbotix_ws/install/interbotix_common_sim/share/ament_index/resource_index/packages/interbotix_common_sim
[6.640s] -- Installing: /home/emackinnon1/interbotix_ws/install/interbotix_common_sim/share/interbotix_common_sim/cmake/interbotix_common_simConfig.cmake
[6.642s] -- Installing: /home/emackinnon1/interbotix_ws/install/interbotix_common_sim/share/interbotix_common_sim/cmake/interbotix_common_simConfig-version.cmake
[6.644s] -- Installing: /home/emackinnon1/interbotix_ws/install/interbotix_common_sim/share/interbotix_common_sim/package.xml
[6.657s] Invoked command in '/home/emackinnon1/interbotix_ws/build/interbotix_common_sim' returned '0': CMAKE_PREFIX_PATH=/opt/ros/humble /usr/bin/cmake --install /home/emackinnon1/interbotix_ws/build/interbotix_common_sim
