[0.078s] Invoking command in '/home/emackinnon1/interbotix_ws/build/interbotix_xs_driver': AMENT_PREFIX_PATH=/home/emackinnon1/interbotix_ws/install/dynamixel_workbench_toolbox:${AMENT_PREFIX_PATH} CMAKE_PREFIX_PATH=/home/emackinnon1/interbotix_ws/install/dynamixel_workbench_toolbox:/opt/ros/humble LD_LIBRARY_PATH=/home/emackinnon1/interbotix_ws/install/dynamixel_workbench_toolbox/lib:${LD_LIBRARY_PATH} /usr/bin/cmake /home/emackinnon1/interbotix_ws/src/interbotix_ros_core/interbotix_ros_xseries/interbotix_xs_driver -DCMAKE_INSTALL_PREFIX=/home/emackinnon1/interbotix_ws/install/interbotix_xs_driver
[0.534s] -- The CXX compiler identification is GNU 11.4.0
[0.588s] -- Detecting CXX compiler ABI info
[1.074s] -- Detecting CXX compiler ABI info - done
[1.101s] -- Check for working CXX compiler: /usr/bin/c++ - skipped
[1.104s] -- Detecting CXX compile features
[1.107s] -- Detecting CXX compile features - done
[1.113s] -- Found dynamixel_workbench_toolbox: 2.2.2 (/home/emackinnon1/interbotix_ws/install/dynamixel_workbench_toolbox/share/dynamixel_workbench_toolbox/cmake)
[2.242s] -- Found Python3: /usr/bin/python3 (found version "3.10.12") found components: Interpreter 
[4.166s] -- Found rosidl_generator_c: 3.1.6 (/opt/ros/humble/share/rosidl_generator_c/cmake)
[4.297s] -- Found rosidl_adapter: 3.1.6 (/opt/ros/humble/share/rosidl_adapter/cmake)
[4.402s] -- Found rosidl_generator_cpp: 3.1.6 (/opt/ros/humble/share/rosidl_generator_cpp/cmake)
[4.512s] -- Using all available rosidl_typesupport_c: rosidl_typesupport_fastrtps_c;rosidl_typesupport_introspection_c
[4.742s] -- Using all available rosidl_typesupport_cpp: rosidl_typesupport_fastrtps_cpp;rosidl_typesupport_introspection_cpp
[5.453s] -- Found rmw_implementation_cmake: 6.1.2 (/opt/ros/humble/share/rmw_implementation_cmake/cmake)
[5.487s] -- Found rmw_fastrtps_cpp: 6.2.7 (/opt/ros/humble/share/rmw_fastrtps_cpp/cmake)
[6.632s] -- Found OpenSSL: /usr/lib/aarch64-linux-gnu/libcrypto.so (found version "3.0.2")  
[7.016s] -- Found FastRTPS: /opt/ros/humble/include  
[7.556s] -- Using RMW implementation 'rmw_fastrtps_cpp' as default
[7.662s] -- Looking for C++ include pthread.h
[8.577s] -- Looking for C++ include pthread.h - found
[8.580s] -- Performing Test CMAKE_HAVE_LIBC_PTHREAD
[9.456s] -- Performing Test CMAKE_HAVE_LIBC_PTHREAD - Success
[9.465s] -- Found Threads: TRUE  
[10.337s] -- Found ament_lint_auto: 0.12.12 (/opt/ros/humble/share/ament_lint_auto/cmake)
[11.793s] -- Added test 'copyright' to check source files copyright and LICENSE
[11.839s] -- Added test 'cppcheck' to perform static code analysis on C / C++ code
[11.840s] -- Configured cppcheck include dirs: /home/emackinnon1/interbotix_ws/src/interbotix_ros_core/interbotix_ros_xseries/interbotix_xs_driver/include;$<BUILD_INTERFACE:/home/emackinnon1/interbotix_ws/src/interbotix_ros_core/interbotix_ros_xseries/interbotix_xs_driver/include>
[11.850s] -- Configured cppcheck exclude dirs and/or files: 
[11.891s] -- Added test 'cpplint' to check C / C++ code against the Google style
[11.892s] -- Configured cpplint exclude dirs and/or files: 
[11.915s] -- Added test 'lint_cmake' to check CMake code style
[11.960s] -- Added test 'uncrustify' to check C / C++ code style
[11.969s] -- Configured uncrustify additional arguments: 
[11.975s] -- Added test 'xmllint' to check XML markup files
[12.013s] -- Configuring done
[12.255s] -- Generating done
[12.316s] -- Build files have been written to: /home/emackinnon1/interbotix_ws/build/interbotix_xs_driver
[12.441s] Invoked command in '/home/emackinnon1/interbotix_ws/build/interbotix_xs_driver' returned '0': AMENT_PREFIX_PATH=/home/emackinnon1/interbotix_ws/install/dynamixel_workbench_toolbox:${AMENT_PREFIX_PATH} CMAKE_PREFIX_PATH=/home/emackinnon1/interbotix_ws/install/dynamixel_workbench_toolbox:/opt/ros/humble LD_LIBRARY_PATH=/home/emackinnon1/interbotix_ws/install/dynamixel_workbench_toolbox/lib:${LD_LIBRARY_PATH} /usr/bin/cmake /home/emackinnon1/interbotix_ws/src/interbotix_ros_core/interbotix_ros_xseries/interbotix_xs_driver -DCMAKE_INSTALL_PREFIX=/home/emackinnon1/interbotix_ws/install/interbotix_xs_driver
[12.444s] Invoking command in '/home/emackinnon1/interbotix_ws/build/interbotix_xs_driver': AMENT_PREFIX_PATH=/home/emackinnon1/interbotix_ws/install/dynamixel_workbench_toolbox:${AMENT_PREFIX_PATH} CMAKE_PREFIX_PATH=/home/emackinnon1/interbotix_ws/install/dynamixel_workbench_toolbox:/opt/ros/humble LD_LIBRARY_PATH=/home/emackinnon1/interbotix_ws/install/dynamixel_workbench_toolbox/lib:${LD_LIBRARY_PATH} /usr/bin/cmake --build /home/emackinnon1/interbotix_ws/build/interbotix_xs_driver -- -j4 -l4
[13.100s] [ 33%] [32mBuilding CXX object CMakeFiles/interbotix_xs_driver.dir/src/xs_driver.cpp.o[0m
[13.126s] [ 66%] [32mBuilding CXX object CMakeFiles/interbotix_xs_driver.dir/src/xs_logging.cpp.o[0m
[39.515s] [100%] [32m[1mLinking CXX shared library libinterbotix_xs_driver.so[0m
[40.627s] [100%] Built target interbotix_xs_driver
[40.692s] Invoked command in '/home/emackinnon1/interbotix_ws/build/interbotix_xs_driver' returned '0': AMENT_PREFIX_PATH=/home/emackinnon1/interbotix_ws/install/dynamixel_workbench_toolbox:${AMENT_PREFIX_PATH} CMAKE_PREFIX_PATH=/home/emackinnon1/interbotix_ws/install/dynamixel_workbench_toolbox:/opt/ros/humble LD_LIBRARY_PATH=/home/emackinnon1/interbotix_ws/install/dynamixel_workbench_toolbox/lib:${LD_LIBRARY_PATH} /usr/bin/cmake --build /home/emackinnon1/interbotix_ws/build/interbotix_xs_driver -- -j4 -l4
[40.694s] Invoking command in '/home/emackinnon1/interbotix_ws/build/interbotix_xs_driver': AMENT_PREFIX_PATH=/home/emackinnon1/interbotix_ws/install/dynamixel_workbench_toolbox:${AMENT_PREFIX_PATH} CMAKE_PREFIX_PATH=/home/emackinnon1/interbotix_ws/install/dynamixel_workbench_toolbox:/opt/ros/humble LD_LIBRARY_PATH=/home/emackinnon1/interbotix_ws/install/dynamixel_workbench_toolbox/lib:${LD_LIBRARY_PATH} /usr/bin/cmake --install /home/emackinnon1/interbotix_ws/build/interbotix_xs_driver
[40.732s] -- Install configuration: ""
[40.733s] -- Installing: /home/emackinnon1/interbotix_ws/install/interbotix_xs_driver/lib/libinterbotix_xs_driver.so
[40.750s] -- Set runtime path of "/home/emackinnon1/interbotix_ws/install/interbotix_xs_driver/lib/libinterbotix_xs_driver.so" to ""
[40.751s] -- Installing: /home/emackinnon1/interbotix_ws/install/interbotix_xs_driver/include/interbotix_xs_driver/version.hpp
[40.753s] -- Up-to-date: /home/emackinnon1/interbotix_ws/install/interbotix_xs_driver/include/interbotix_xs_driver
[40.755s] -- Installing: /home/emackinnon1/interbotix_ws/install/interbotix_xs_driver/include/interbotix_xs_driver/xs_common.hpp
[40.757s] -- Installing: /home/emackinnon1/interbotix_ws/install/interbotix_xs_driver/include/interbotix_xs_driver/xs_driver.hpp
[40.758s] -- Installing: /home/emackinnon1/interbotix_ws/install/interbotix_xs_driver/include/interbotix_xs_driver/xs_logging.hpp
[40.760s] -- Installing: /home/emackinnon1/interbotix_ws/install/interbotix_xs_driver/share/interbotix_xs_driver/package.xml
[40.763s] -- Installing: /home/emackinnon1/interbotix_ws/install/interbotix_xs_driver/share/ament_index/resource_index/package_run_dependencies/interbotix_xs_driver
[40.766s] -- Installing: /home/emackinnon1/interbotix_ws/install/interbotix_xs_driver/share/ament_index/resource_index/parent_prefix_path/interbotix_xs_driver
[40.768s] -- Installing: /home/emackinnon1/interbotix_ws/install/interbotix_xs_driver/share/interbotix_xs_driver/environment/ament_prefix_path.sh
[40.769s] -- Installing: /home/emackinnon1/interbotix_ws/install/interbotix_xs_driver/share/interbotix_xs_driver/environment/ament_prefix_path.dsv
[40.780s] -- Installing: /home/emackinnon1/interbotix_ws/install/interbotix_xs_driver/share/interbotix_xs_driver/environment/path.sh
[40.781s] -- Installing: /home/emackinnon1/interbotix_ws/install/interbotix_xs_driver/share/interbotix_xs_driver/environment/path.dsv
[40.783s] -- Installing: /home/emackinnon1/interbotix_ws/install/interbotix_xs_driver/share/interbotix_xs_driver/local_setup.bash
[40.785s] -- Installing: /home/emackinnon1/interbotix_ws/install/interbotix_xs_driver/share/interbotix_xs_driver/local_setup.sh
[40.786s] -- Installing: /home/emackinnon1/interbotix_ws/install/interbotix_xs_driver/share/interbotix_xs_driver/local_setup.zsh
[40.788s] -- Installing: /home/emackinnon1/interbotix_ws/install/interbotix_xs_driver/share/interbotix_xs_driver/local_setup.dsv
[40.791s] -- Installing: /home/emackinnon1/interbotix_ws/install/interbotix_xs_driver/share/interbotix_xs_driver/package.dsv
[40.794s] -- Installing: /home/emackinnon1/interbotix_ws/install/interbotix_xs_driver/share/ament_index/resource_index/packages/interbotix_xs_driver
[40.796s] -- Installing: /home/emackinnon1/interbotix_ws/install/interbotix_xs_driver/share/interbotix_xs_driver/cmake/export_interbotix_xs_driverExport.cmake
[40.799s] -- Installing: /home/emackinnon1/interbotix_ws/install/interbotix_xs_driver/share/interbotix_xs_driver/cmake/export_interbotix_xs_driverExport-noconfig.cmake
[40.801s] -- Installing: /home/emackinnon1/interbotix_ws/install/interbotix_xs_driver/share/interbotix_xs_driver/cmake/ament_cmake_export_dependencies-extras.cmake
[40.803s] -- Installing: /home/emackinnon1/interbotix_ws/install/interbotix_xs_driver/share/interbotix_xs_driver/cmake/ament_cmake_export_targets-extras.cmake
[40.805s] -- Installing: /home/emackinnon1/interbotix_ws/install/interbotix_xs_driver/share/interbotix_xs_driver/cmake/interbotix_xs_driverConfig.cmake
[40.807s] -- Installing: /home/emackinnon1/interbotix_ws/install/interbotix_xs_driver/share/interbotix_xs_driver/cmake/interbotix_xs_driverConfig-version.cmake
[40.810s] -- Up-to-date: /home/emackinnon1/interbotix_ws/install/interbotix_xs_driver/share/interbotix_xs_driver/package.xml
[40.827s] Invoked command in '/home/emackinnon1/interbotix_ws/build/interbotix_xs_driver' returned '0': AMENT_PREFIX_PATH=/home/emackinnon1/interbotix_ws/install/dynamixel_workbench_toolbox:${AMENT_PREFIX_PATH} CMAKE_PREFIX_PATH=/home/emackinnon1/interbotix_ws/install/dynamixel_workbench_toolbox:/opt/ros/humble LD_LIBRARY_PATH=/home/emackinnon1/interbotix_ws/install/dynamixel_workbench_toolbox/lib:${LD_LIBRARY_PATH} /usr/bin/cmake --install /home/emackinnon1/interbotix_ws/build/interbotix_xs_driver
