[0.057s] Invoking command in '/home/emackinnon1/interbotix_ws/build/interbotix_moveit_interface_msgs': CMAKE_PREFIX_PATH=/opt/ros/humble /usr/bin/cmake /home/emackinnon1/interbotix_ws/src/interbotix_ros_toolboxes/interbotix_common_toolbox/interbotix_moveit_interface_msgs -DCMAKE_INSTALL_PREFIX=/home/emackinnon1/interbotix_ws/install/interbotix_moveit_interface_msgs
[0.418s] -- The C compiler identification is GNU 11.4.0
[0.792s] -- The CXX compiler identification is GNU 11.4.0
[0.831s] -- Detecting C compiler ABI info
[1.312s] -- Detecting C compiler ABI info - done
[1.343s] -- Check for working C compiler: /usr/bin/cc - skipped
[1.345s] -- Detecting C compile features
[1.348s] -- Detecting C compile features - done
[1.366s] -- Detecting CXX compiler ABI info
[1.914s] -- Detecting CXX compiler ABI info - done
[1.960s] -- Check for working CXX compiler: /usr/bin/c++ - skipped
[1.963s] -- Detecting CXX compile features
[1.967s] -- Detecting CXX compile features - done
[2.004s] -- Found rosidl_default_generators: 1.2.0 (/opt/ros/humble/share/rosidl_default_generators/cmake)
[2.029s] -- Found ament_cmake_core: 1.3.11 (/opt/ros/humble/share/ament_cmake_core/cmake)
[3.332s] -- Found Python3: /usr/bin/python3 (found version "3.10.12") found components: Interpreter 
[4.009s] -- Using all available rosidl_typesupport_c: rosidl_typesupport_fastrtps_c;rosidl_typesupport_introspection_c
[4.145s] -- Found rosidl_adapter: 3.1.6 (/opt/ros/humble/share/rosidl_adapter/cmake)
[5.192s] -- Using all available rosidl_typesupport_cpp: rosidl_typesupport_fastrtps_cpp;rosidl_typesupport_introspection_cpp
[5.561s] -- Found std_msgs: 4.8.0 (/opt/ros/humble/share/std_msgs/cmake)
[5.800s] -- Found geometry_msgs: 4.8.0 (/opt/ros/humble/share/geometry_msgs/cmake)
[7.787s] -- Found ament_cmake_ros: 0.10.0 (/opt/ros/humble/share/ament_cmake_ros/cmake)
[10.232s] -- Using all available rosidl_typesupport_c: rosidl_typesupport_fastrtps_c;rosidl_typesupport_introspection_c
[12.963s] -- Using all available rosidl_typesupport_cpp: rosidl_typesupport_fastrtps_cpp;rosidl_typesupport_introspection_cpp
[13.098s] -- Found PythonInterp: /usr/bin/python3 (found suitable version "3.10.12", minimum required is "3.6") 
[13.127s] -- Found python_cmake_module: 0.10.0 (/opt/ros/humble/share/python_cmake_module/cmake)
[13.274s] -- Found PythonLibs: /usr/lib/aarch64-linux-gnu/libpython3.10.so (found suitable version "3.10.12", minimum required is "3.5") 
[13.276s] -- Using PYTHON_EXECUTABLE: /usr/bin/python3
[13.277s] -- Using PYTHON_INCLUDE_DIRS: /usr/include/python3.10
[13.277s] -- Using PYTHON_LIBRARIES: /usr/lib/aarch64-linux-gnu/libpython3.10.so
[13.405s] -- Found PythonExtra: .so  
[13.877s] -- Found ament_lint_auto: 0.12.12 (/opt/ros/humble/share/ament_lint_auto/cmake)
[14.178s] -- Configuring done
[14.483s] -- Generating done
[14.559s] -- Build files have been written to: /home/emackinnon1/interbotix_ws/build/interbotix_moveit_interface_msgs
[14.589s] Invoked command in '/home/emackinnon1/interbotix_ws/build/interbotix_moveit_interface_msgs' returned '0': CMAKE_PREFIX_PATH=/opt/ros/humble /usr/bin/cmake /home/emackinnon1/interbotix_ws/src/interbotix_ros_toolboxes/interbotix_common_toolbox/interbotix_moveit_interface_msgs -DCMAKE_INSTALL_PREFIX=/home/emackinnon1/interbotix_ws/install/interbotix_moveit_interface_msgs
[14.592s] Invoking command in '/home/emackinnon1/interbotix_ws/build/interbotix_moveit_interface_msgs': CMAKE_PREFIX_PATH=/opt/ros/humble /usr/bin/cmake --build /home/emackinnon1/interbotix_ws/build/interbotix_moveit_interface_msgs -- -j4 -l4
[14.904s] [  3%] [34m[1mGenerating C code for ROS interfaces[0m
[14.942s] [  6%] [34m[1mGenerating C++ code for ROS interfaces[0m
[15.109s] [  6%] Built target ament_cmake_python_copy_interbotix_moveit_interface_msgs
[18.051s] [  9%] [32mBuilding C object CMakeFiles/interbotix_moveit_interface_msgs__rosidl_generator_c.dir/rosidl_generator_c/interbotix_moveit_interface_msgs/srv/detail/move_it_plan__functions.c.o[0m
[18.794s] [ 12%] [32m[1mLinking C shared library libinterbotix_moveit_interface_msgs__rosidl_generator_c.so[0m
[19.031s] [ 12%] Built target interbotix_moveit_interface_msgs__cpp
[19.041s] running egg_info
[19.046s] creating interbotix_moveit_interface_msgs.egg-info
[19.048s] writing interbotix_moveit_interface_msgs.egg-info/PKG-INFO
[19.051s] writing dependency_links to interbotix_moveit_interface_msgs.egg-info/dependency_links.txt
[19.054s] writing top-level names to interbotix_moveit_interface_msgs.egg-info/top_level.txt
[19.059s] writing manifest file 'interbotix_moveit_interface_msgs.egg-info/SOURCES.txt'
[19.071s] reading manifest file 'interbotix_moveit_interface_msgs.egg-info/SOURCES.txt'
[19.084s] writing manifest file 'interbotix_moveit_interface_msgs.egg-info/SOURCES.txt'
[19.145s] [ 16%] [34m[1mGenerating C++ type support dispatch for ROS interfaces[0m
[19.218s] [ 19%] [34m[1mGenerating C++ type support for eProsima Fast-RTPS[0m
[19.353s] [ 19%] Built target interbotix_moveit_interface_msgs__rosidl_generator_c
[19.371s] [ 19%] Built target ament_cmake_python_build_interbotix_moveit_interface_msgs_egg
[19.505s] [ 22%] [34m[1mGenerating C++ introspection for ROS interfaces[0m
[19.520s] [ 25%] [34m[1mGenerating C type support for eProsima Fast-RTPS[0m
[22.223s] [ 29%] [32mBuilding CXX object CMakeFiles/interbotix_moveit_interface_msgs__rosidl_typesupport_fastrtps_c.dir/rosidl_typesupport_fastrtps_c/interbotix_moveit_interface_msgs/srv/detail/move_it_plan__type_support_c.cpp.o[0m
[23.796s] [ 32%] [32mBuilding CXX object CMakeFiles/interbotix_moveit_interface_msgs__rosidl_typesupport_cpp.dir/rosidl_typesupport_cpp/interbotix_moveit_interface_msgs/srv/move_it_plan__type_support.cpp.o[0m
[23.917s] [ 35%] [32mBuilding CXX object CMakeFiles/interbotix_moveit_interface_msgs__rosidl_typesupport_introspection_cpp.dir/rosidl_typesupport_introspection_cpp/interbotix_moveit_interface_msgs/srv/detail/move_it_plan__type_support.cpp.o[0m
[24.975s] [ 38%] [32mBuilding CXX object CMakeFiles/interbotix_moveit_interface_msgs__rosidl_typesupport_fastrtps_cpp.dir/rosidl_typesupport_fastrtps_cpp/interbotix_moveit_interface_msgs/srv/detail/dds_fastrtps/move_it_plan__type_support.cpp.o[0m
[26.813s] [ 41%] [32m[1mLinking CXX shared library libinterbotix_moveit_interface_msgs__rosidl_typesupport_fastrtps_c.so[0m
[27.901s] [ 41%] Built target interbotix_moveit_interface_msgs__rosidl_typesupport_fastrtps_c
[28.013s] [ 45%] [34m[1mGenerating C introspection for ROS interfaces[0m
[28.967s] [ 48%] [32m[1mLinking CXX shared library libinterbotix_moveit_interface_msgs__rosidl_typesupport_cpp.so[0m
[29.476s] [ 48%] Built target interbotix_moveit_interface_msgs__rosidl_typesupport_cpp
[29.657s] [ 51%] [34m[1mGenerating C type support dispatch for ROS interfaces[0m
[29.738s] [ 54%] [32m[1mLinking CXX shared library libinterbotix_moveit_interface_msgs__rosidl_typesupport_introspection_cpp.so[0m
[30.486s] [ 54%] Built target interbotix_moveit_interface_msgs__rosidl_typesupport_introspection_cpp
[31.419s] [ 58%] [32m[1mLinking CXX shared library libinterbotix_moveit_interface_msgs__rosidl_typesupport_fastrtps_cpp.so[0m
[32.311s] [ 61%] [32mBuilding C object CMakeFiles/interbotix_moveit_interface_msgs__rosidl_typesupport_introspection_c.dir/rosidl_typesupport_introspection_c/interbotix_moveit_interface_msgs/srv/detail/move_it_plan__type_support.c.o[0m
[32.355s] [ 61%] Built target interbotix_moveit_interface_msgs__rosidl_typesupport_fastrtps_cpp
[32.692s] [ 64%] [32m[1mLinking C shared library libinterbotix_moveit_interface_msgs__rosidl_typesupport_introspection_c.so[0m
[32.710s] [ 67%] [32mBuilding CXX object CMakeFiles/interbotix_moveit_interface_msgs__rosidl_typesupport_c.dir/rosidl_typesupport_c/interbotix_moveit_interface_msgs/srv/move_it_plan__type_support.cpp.o[0m
[32.912s] [ 67%] Built target interbotix_moveit_interface_msgs__rosidl_typesupport_introspection_c
[33.165s] [ 70%] [32m[1mLinking CXX shared library libinterbotix_moveit_interface_msgs__rosidl_typesupport_c.so[0m
[33.467s] [ 70%] Built target interbotix_moveit_interface_msgs__rosidl_typesupport_c
[33.673s] [ 70%] Built target interbotix_moveit_interface_msgs
[33.827s] [ 74%] [34m[1mGenerating Python code for ROS interfaces[0m
[37.862s] [ 74%] Built target interbotix_moveit_interface_msgs__py
[38.102s] [ 77%] [32mBuilding C object CMakeFiles/interbotix_moveit_interface_msgs__rosidl_generator_py.dir/rosidl_generator_py/interbotix_moveit_interface_msgs/srv/_move_it_plan_s.c.o[0m
[39.617s] [ 80%] [32m[1mLinking C shared library rosidl_generator_py/interbotix_moveit_interface_msgs/libinterbotix_moveit_interface_msgs__rosidl_generator_py.so[0m
[40.264s] [ 80%] Built target interbotix_moveit_interface_msgs__rosidl_generator_py
[40.463s] [ 83%] [32mBuilding C object CMakeFiles/interbotix_moveit_interface_msgs__rosidl_typesupport_fastrtps_c__pyext.dir/rosidl_generator_py/interbotix_moveit_interface_msgs/_interbotix_moveit_interface_msgs_s.ep.rosidl_typesupport_fastrtps_c.c.o[0m
[41.401s] [ 87%] [32m[1mLinking C shared library rosidl_generator_py/interbotix_moveit_interface_msgs/interbotix_moveit_interface_msgs_s__rosidl_typesupport_fastrtps_c.cpython-310-aarch64-linux-gnu.so[0m
[41.867s] [ 87%] Built target interbotix_moveit_interface_msgs__rosidl_typesupport_fastrtps_c__pyext
[42.073s] [ 90%] [32mBuilding C object CMakeFiles/interbotix_moveit_interface_msgs__rosidl_typesupport_c__pyext.dir/rosidl_generator_py/interbotix_moveit_interface_msgs/_interbotix_moveit_interface_msgs_s.ep.rosidl_typesupport_c.c.o[0m
[42.847s] [ 93%] [32m[1mLinking C shared library rosidl_generator_py/interbotix_moveit_interface_msgs/interbotix_moveit_interface_msgs_s__rosidl_typesupport_c.cpython-310-aarch64-linux-gnu.so[0m
[43.118s] [ 93%] Built target interbotix_moveit_interface_msgs__rosidl_typesupport_c__pyext
[43.222s] [ 96%] [32mBuilding C object CMakeFiles/interbotix_moveit_interface_msgs__rosidl_typesupport_introspection_c__pyext.dir/rosidl_generator_py/interbotix_moveit_interface_msgs/_interbotix_moveit_interface_msgs_s.ep.rosidl_typesupport_introspection_c.c.o[0m
[43.905s] [100%] [32m[1mLinking C shared library rosidl_generator_py/interbotix_moveit_interface_msgs/interbotix_moveit_interface_msgs_s__rosidl_typesupport_introspection_c.cpython-310-aarch64-linux-gnu.so[0m
[44.199s] [100%] Built target interbotix_moveit_interface_msgs__rosidl_typesupport_introspection_c__pyext
[44.263s] Invoked command in '/home/emackinnon1/interbotix_ws/build/interbotix_moveit_interface_msgs' returned '0': CMAKE_PREFIX_PATH=/opt/ros/humble /usr/bin/cmake --build /home/emackinnon1/interbotix_ws/build/interbotix_moveit_interface_msgs -- -j4 -l4
[44.265s] Invoking command in '/home/emackinnon1/interbotix_ws/build/interbotix_moveit_interface_msgs': CMAKE_PREFIX_PATH=/opt/ros/humble /usr/bin/cmake --install /home/emackinnon1/interbotix_ws/build/interbotix_moveit_interface_msgs
[44.305s] -- Install configuration: ""
[44.308s] -- Installing: /home/emackinnon1/interbotix_ws/install/interbotix_moveit_interface_msgs/share/ament_index/resource_index/rosidl_interfaces/interbotix_moveit_interface_msgs
[44.311s] -- Installing: /home/emackinnon1/interbotix_ws/install/interbotix_moveit_interface_msgs/include/interbotix_moveit_interface_msgs/interbotix_moveit_interface_msgs
[44.313s] -- Installing: /home/emackinnon1/interbotix_ws/install/interbotix_moveit_interface_msgs/include/interbotix_moveit_interface_msgs/interbotix_moveit_interface_msgs/srv
[44.315s] -- Installing: /home/emackinnon1/interbotix_ws/install/interbotix_moveit_interface_msgs/include/interbotix_moveit_interface_msgs/interbotix_moveit_interface_msgs/srv/move_it_plan.h
[44.318s] -- Installing: /home/emackinnon1/interbotix_ws/install/interbotix_moveit_interface_msgs/include/interbotix_moveit_interface_msgs/interbotix_moveit_interface_msgs/srv/detail
[44.320s] -- Installing: /home/emackinnon1/interbotix_ws/install/interbotix_moveit_interface_msgs/include/interbotix_moveit_interface_msgs/interbotix_moveit_interface_msgs/srv/detail/move_it_plan__functions.c
[44.323s] -- Installing: /home/emackinnon1/interbotix_ws/install/interbotix_moveit_interface_msgs/include/interbotix_moveit_interface_msgs/interbotix_moveit_interface_msgs/srv/detail/move_it_plan__functions.h
[44.327s] -- Installing: /home/emackinnon1/interbotix_ws/install/interbotix_moveit_interface_msgs/include/interbotix_moveit_interface_msgs/interbotix_moveit_interface_msgs/srv/detail/move_it_plan__type_support.h
[44.329s] -- Installing: /home/emackinnon1/interbotix_ws/install/interbotix_moveit_interface_msgs/include/interbotix_moveit_interface_msgs/interbotix_moveit_interface_msgs/srv/detail/move_it_plan__struct.h
[44.332s] -- Installing: /home/emackinnon1/interbotix_ws/install/interbotix_moveit_interface_msgs/include/interbotix_moveit_interface_msgs/interbotix_moveit_interface_msgs/msg
[44.335s] -- Installing: /home/emackinnon1/interbotix_ws/install/interbotix_moveit_interface_msgs/include/interbotix_moveit_interface_msgs/interbotix_moveit_interface_msgs/msg/rosidl_generator_c__visibility_control.h
[44.338s] -- Installing: /home/emackinnon1/interbotix_ws/install/interbotix_moveit_interface_msgs/share/interbotix_moveit_interface_msgs/environment/library_path.sh
[44.341s] -- Installing: /home/emackinnon1/interbotix_ws/install/interbotix_moveit_interface_msgs/share/interbotix_moveit_interface_msgs/environment/library_path.dsv
[44.344s] -- Installing: /home/emackinnon1/interbotix_ws/install/interbotix_moveit_interface_msgs/lib/libinterbotix_moveit_interface_msgs__rosidl_generator_c.so
[44.350s] -- Set runtime path of "/home/emackinnon1/interbotix_ws/install/interbotix_moveit_interface_msgs/lib/libinterbotix_moveit_interface_msgs__rosidl_generator_c.so" to ""
[44.351s] -- Up-to-date: /home/emackinnon1/interbotix_ws/install/interbotix_moveit_interface_msgs/include/interbotix_moveit_interface_msgs/interbotix_moveit_interface_msgs
[44.353s] -- Up-to-date: /home/emackinnon1/interbotix_ws/install/interbotix_moveit_interface_msgs/include/interbotix_moveit_interface_msgs/interbotix_moveit_interface_msgs/srv
[44.355s] -- Up-to-date: /home/emackinnon1/interbotix_ws/install/interbotix_moveit_interface_msgs/include/interbotix_moveit_interface_msgs/interbotix_moveit_interface_msgs/srv/detail
[44.357s] -- Installing: /home/emackinnon1/interbotix_ws/install/interbotix_moveit_interface_msgs/include/interbotix_moveit_interface_msgs/interbotix_moveit_interface_msgs/srv/detail/move_it_plan__rosidl_typesupport_fastrtps_c.h
[44.360s] -- Up-to-date: /home/emackinnon1/interbotix_ws/install/interbotix_moveit_interface_msgs/include/interbotix_moveit_interface_msgs/interbotix_moveit_interface_msgs/msg
[44.362s] -- Installing: /home/emackinnon1/interbotix_ws/install/interbotix_moveit_interface_msgs/include/interbotix_moveit_interface_msgs/interbotix_moveit_interface_msgs/msg/rosidl_typesupport_fastrtps_c__visibility_control.h
[44.365s] -- Installing: /home/emackinnon1/interbotix_ws/install/interbotix_moveit_interface_msgs/lib/libinterbotix_moveit_interface_msgs__rosidl_typesupport_fastrtps_c.so
[44.370s] -- Set runtime path of "/home/emackinnon1/interbotix_ws/install/interbotix_moveit_interface_msgs/lib/libinterbotix_moveit_interface_msgs__rosidl_typesupport_fastrtps_c.so" to ""
[44.372s] -- Up-to-date: /home/emackinnon1/interbotix_ws/install/interbotix_moveit_interface_msgs/include/interbotix_moveit_interface_msgs/interbotix_moveit_interface_msgs
[44.372s] -- Up-to-date: /home/emackinnon1/interbotix_ws/install/interbotix_moveit_interface_msgs/include/interbotix_moveit_interface_msgs/interbotix_moveit_interface_msgs/srv
[44.374s] -- Up-to-date: /home/emackinnon1/interbotix_ws/install/interbotix_moveit_interface_msgs/include/interbotix_moveit_interface_msgs/interbotix_moveit_interface_msgs/srv/detail
[44.375s] -- Installing: /home/emackinnon1/interbotix_ws/install/interbotix_moveit_interface_msgs/include/interbotix_moveit_interface_msgs/interbotix_moveit_interface_msgs/srv/detail/move_it_plan__type_support.c
[44.379s] -- Installing: /home/emackinnon1/interbotix_ws/install/interbotix_moveit_interface_msgs/include/interbotix_moveit_interface_msgs/interbotix_moveit_interface_msgs/srv/detail/move_it_plan__rosidl_typesupport_introspection_c.h
[44.382s] -- Up-to-date: /home/emackinnon1/interbotix_ws/install/interbotix_moveit_interface_msgs/include/interbotix_moveit_interface_msgs/interbotix_moveit_interface_msgs/msg
[44.385s] -- Installing: /home/emackinnon1/interbotix_ws/install/interbotix_moveit_interface_msgs/include/interbotix_moveit_interface_msgs/interbotix_moveit_interface_msgs/msg/rosidl_typesupport_introspection_c__visibility_control.h
[44.389s] -- Installing: /home/emackinnon1/interbotix_ws/install/interbotix_moveit_interface_msgs/lib/libinterbotix_moveit_interface_msgs__rosidl_typesupport_introspection_c.so
[44.393s] -- Set runtime path of "/home/emackinnon1/interbotix_ws/install/interbotix_moveit_interface_msgs/lib/libinterbotix_moveit_interface_msgs__rosidl_typesupport_introspection_c.so" to ""
[44.395s] -- Installing: /home/emackinnon1/interbotix_ws/install/interbotix_moveit_interface_msgs/lib/libinterbotix_moveit_interface_msgs__rosidl_typesupport_c.so
[44.399s] -- Set runtime path of "/home/emackinnon1/interbotix_ws/install/interbotix_moveit_interface_msgs/lib/libinterbotix_moveit_interface_msgs__rosidl_typesupport_c.so" to ""
[44.400s] -- Up-to-date: /home/emackinnon1/interbotix_ws/install/interbotix_moveit_interface_msgs/include/interbotix_moveit_interface_msgs/interbotix_moveit_interface_msgs
[44.402s] -- Up-to-date: /home/emackinnon1/interbotix_ws/install/interbotix_moveit_interface_msgs/include/interbotix_moveit_interface_msgs/interbotix_moveit_interface_msgs/srv
[44.403s] -- Installing: /home/emackinnon1/interbotix_ws/install/interbotix_moveit_interface_msgs/include/interbotix_moveit_interface_msgs/interbotix_moveit_interface_msgs/srv/move_it_plan.hpp
[44.406s] -- Up-to-date: /home/emackinnon1/interbotix_ws/install/interbotix_moveit_interface_msgs/include/interbotix_moveit_interface_msgs/interbotix_moveit_interface_msgs/srv/detail
[44.407s] -- Installing: /home/emackinnon1/interbotix_ws/install/interbotix_moveit_interface_msgs/include/interbotix_moveit_interface_msgs/interbotix_moveit_interface_msgs/srv/detail/move_it_plan__builder.hpp
[44.410s] -- Installing: /home/emackinnon1/interbotix_ws/install/interbotix_moveit_interface_msgs/include/interbotix_moveit_interface_msgs/interbotix_moveit_interface_msgs/srv/detail/move_it_plan__traits.hpp
[44.413s] -- Installing: /home/emackinnon1/interbotix_ws/install/interbotix_moveit_interface_msgs/include/interbotix_moveit_interface_msgs/interbotix_moveit_interface_msgs/srv/detail/move_it_plan__struct.hpp
[44.416s] -- Installing: /home/emackinnon1/interbotix_ws/install/interbotix_moveit_interface_msgs/include/interbotix_moveit_interface_msgs/interbotix_moveit_interface_msgs/srv/detail/move_it_plan__type_support.hpp
[44.419s] -- Up-to-date: /home/emackinnon1/interbotix_ws/install/interbotix_moveit_interface_msgs/include/interbotix_moveit_interface_msgs/interbotix_moveit_interface_msgs/msg
[44.420s] -- Installing: /home/emackinnon1/interbotix_ws/install/interbotix_moveit_interface_msgs/include/interbotix_moveit_interface_msgs/interbotix_moveit_interface_msgs/msg/rosidl_generator_cpp__visibility_control.hpp
[44.423s] -- Up-to-date: /home/emackinnon1/interbotix_ws/install/interbotix_moveit_interface_msgs/include/interbotix_moveit_interface_msgs/interbotix_moveit_interface_msgs
[44.425s] -- Up-to-date: /home/emackinnon1/interbotix_ws/install/interbotix_moveit_interface_msgs/include/interbotix_moveit_interface_msgs/interbotix_moveit_interface_msgs/srv
[44.427s] -- Up-to-date: /home/emackinnon1/interbotix_ws/install/interbotix_moveit_interface_msgs/include/interbotix_moveit_interface_msgs/interbotix_moveit_interface_msgs/srv/detail
[44.428s] -- Installing: /home/emackinnon1/interbotix_ws/install/interbotix_moveit_interface_msgs/include/interbotix_moveit_interface_msgs/interbotix_moveit_interface_msgs/srv/detail/dds_fastrtps
[44.430s] -- Installing: /home/emackinnon1/interbotix_ws/install/interbotix_moveit_interface_msgs/include/interbotix_moveit_interface_msgs/interbotix_moveit_interface_msgs/srv/detail/move_it_plan__rosidl_typesupport_fastrtps_cpp.hpp
[44.433s] -- Up-to-date: /home/emackinnon1/interbotix_ws/install/interbotix_moveit_interface_msgs/include/interbotix_moveit_interface_msgs/interbotix_moveit_interface_msgs/msg
[44.435s] -- Installing: /home/emackinnon1/interbotix_ws/install/interbotix_moveit_interface_msgs/include/interbotix_moveit_interface_msgs/interbotix_moveit_interface_msgs/msg/rosidl_typesupport_fastrtps_cpp__visibility_control.h
[44.439s] -- Installing: /home/emackinnon1/interbotix_ws/install/interbotix_moveit_interface_msgs/lib/libinterbotix_moveit_interface_msgs__rosidl_typesupport_fastrtps_cpp.so
[44.444s] -- Set runtime path of "/home/emackinnon1/interbotix_ws/install/interbotix_moveit_interface_msgs/lib/libinterbotix_moveit_interface_msgs__rosidl_typesupport_fastrtps_cpp.so" to ""
[44.446s] -- Up-to-date: /home/emackinnon1/interbotix_ws/install/interbotix_moveit_interface_msgs/include/interbotix_moveit_interface_msgs/interbotix_moveit_interface_msgs
[44.447s] -- Up-to-date: /home/emackinnon1/interbotix_ws/install/interbotix_moveit_interface_msgs/include/interbotix_moveit_interface_msgs/interbotix_moveit_interface_msgs/srv
[44.450s] -- Up-to-date: /home/emackinnon1/interbotix_ws/install/interbotix_moveit_interface_msgs/include/interbotix_moveit_interface_msgs/interbotix_moveit_interface_msgs/srv/detail
[44.452s] -- Installing: /home/emackinnon1/interbotix_ws/install/interbotix_moveit_interface_msgs/include/interbotix_moveit_interface_msgs/interbotix_moveit_interface_msgs/srv/detail/move_it_plan__rosidl_typesupport_introspection_cpp.hpp
[44.456s] -- Installing: /home/emackinnon1/interbotix_ws/install/interbotix_moveit_interface_msgs/include/interbotix_moveit_interface_msgs/interbotix_moveit_interface_msgs/srv/detail/move_it_plan__type_support.cpp
[44.459s] -- Installing: /home/emackinnon1/interbotix_ws/install/interbotix_moveit_interface_msgs/lib/libinterbotix_moveit_interface_msgs__rosidl_typesupport_introspection_cpp.so
[44.464s] -- Set runtime path of "/home/emackinnon1/interbotix_ws/install/interbotix_moveit_interface_msgs/lib/libinterbotix_moveit_interface_msgs__rosidl_typesupport_introspection_cpp.so" to ""
[44.466s] -- Installing: /home/emackinnon1/interbotix_ws/install/interbotix_moveit_interface_msgs/lib/libinterbotix_moveit_interface_msgs__rosidl_typesupport_cpp.so
[44.469s] -- Set runtime path of "/home/emackinnon1/interbotix_ws/install/interbotix_moveit_interface_msgs/lib/libinterbotix_moveit_interface_msgs__rosidl_typesupport_cpp.so" to ""
[44.471s] -- Installing: /home/emackinnon1/interbotix_ws/install/interbotix_moveit_interface_msgs/share/interbotix_moveit_interface_msgs/environment/pythonpath.sh
[44.474s] -- Installing: /home/emackinnon1/interbotix_ws/install/interbotix_moveit_interface_msgs/share/interbotix_moveit_interface_msgs/environment/pythonpath.dsv
[44.477s] -- Installing: /home/emackinnon1/interbotix_ws/install/interbotix_moveit_interface_msgs/local/lib/python3.10/dist-packages/interbotix_moveit_interface_msgs-0.0.0-py3.10.egg-info
[44.480s] -- Installing: /home/emackinnon1/interbotix_ws/install/interbotix_moveit_interface_msgs/local/lib/python3.10/dist-packages/interbotix_moveit_interface_msgs-0.0.0-py3.10.egg-info/PKG-INFO
[44.484s] -- Installing: /home/emackinnon1/interbotix_ws/install/interbotix_moveit_interface_msgs/local/lib/python3.10/dist-packages/interbotix_moveit_interface_msgs-0.0.0-py3.10.egg-info/top_level.txt
[44.488s] -- Installing: /home/emackinnon1/interbotix_ws/install/interbotix_moveit_interface_msgs/local/lib/python3.10/dist-packages/interbotix_moveit_interface_msgs-0.0.0-py3.10.egg-info/dependency_links.txt
[44.491s] -- Installing: /home/emackinnon1/interbotix_ws/install/interbotix_moveit_interface_msgs/local/lib/python3.10/dist-packages/interbotix_moveit_interface_msgs-0.0.0-py3.10.egg-info/SOURCES.txt
[44.494s] -- Installing: /home/emackinnon1/interbotix_ws/install/interbotix_moveit_interface_msgs/local/lib/python3.10/dist-packages/interbotix_moveit_interface_msgs
[44.496s] -- Installing: /home/emackinnon1/interbotix_ws/install/interbotix_moveit_interface_msgs/local/lib/python3.10/dist-packages/interbotix_moveit_interface_msgs/srv
[44.499s] -- Installing: /home/emackinnon1/interbotix_ws/install/interbotix_moveit_interface_msgs/local/lib/python3.10/dist-packages/interbotix_moveit_interface_msgs/srv/_move_it_plan_s.c
[44.502s] -- Installing: /home/emackinnon1/interbotix_ws/install/interbotix_moveit_interface_msgs/local/lib/python3.10/dist-packages/interbotix_moveit_interface_msgs/srv/__init__.py
[44.504s] -- Installing: /home/emackinnon1/interbotix_ws/install/interbotix_moveit_interface_msgs/local/lib/python3.10/dist-packages/interbotix_moveit_interface_msgs/srv/_move_it_plan.py
[44.507s] -- Installing: /home/emackinnon1/interbotix_ws/install/interbotix_moveit_interface_msgs/local/lib/python3.10/dist-packages/interbotix_moveit_interface_msgs/interbotix_moveit_interface_msgs_s__rosidl_typesupport_c.cpython-310-aarch64-linux-gnu.so
[44.510s] -- Installing: /home/emackinnon1/interbotix_ws/install/interbotix_moveit_interface_msgs/local/lib/python3.10/dist-packages/interbotix_moveit_interface_msgs/libinterbotix_moveit_interface_msgs__rosidl_generator_py.so
[44.513s] -- Installing: /home/emackinnon1/interbotix_ws/install/interbotix_moveit_interface_msgs/local/lib/python3.10/dist-packages/interbotix_moveit_interface_msgs/_interbotix_moveit_interface_msgs_s.ep.rosidl_typesupport_fastrtps_c.c
[44.516s] -- Installing: /home/emackinnon1/interbotix_ws/install/interbotix_moveit_interface_msgs/local/lib/python3.10/dist-packages/interbotix_moveit_interface_msgs/__init__.py
[44.518s] -- Installing: /home/emackinnon1/interbotix_ws/install/interbotix_moveit_interface_msgs/local/lib/python3.10/dist-packages/interbotix_moveit_interface_msgs/interbotix_moveit_interface_msgs_s__rosidl_typesupport_fastrtps_c.cpython-310-aarch64-linux-gnu.so
[44.522s] -- Installing: /home/emackinnon1/interbotix_ws/install/interbotix_moveit_interface_msgs/local/lib/python3.10/dist-packages/interbotix_moveit_interface_msgs/_interbotix_moveit_interface_msgs_s.ep.rosidl_typesupport_introspection_c.c
[44.525s] -- Installing: /home/emackinnon1/interbotix_ws/install/interbotix_moveit_interface_msgs/local/lib/python3.10/dist-packages/interbotix_moveit_interface_msgs/interbotix_moveit_interface_msgs_s__rosidl_typesupport_introspection_c.cpython-310-aarch64-linux-gnu.so
[44.528s] -- Installing: /home/emackinnon1/interbotix_ws/install/interbotix_moveit_interface_msgs/local/lib/python3.10/dist-packages/interbotix_moveit_interface_msgs/_interbotix_moveit_interface_msgs_s.ep.rosidl_typesupport_c.c
[44.747s] Listing '/home/emackinnon1/interbotix_ws/install/interbotix_moveit_interface_msgs/local/lib/python3.10/dist-packages/interbotix_moveit_interface_msgs'...
[44.747s] Compiling '/home/emackinnon1/interbotix_ws/install/interbotix_moveit_interface_msgs/local/lib/python3.10/dist-packages/interbotix_moveit_interface_msgs/__init__.py'...
[44.748s] Listing '/home/emackinnon1/interbotix_ws/install/interbotix_moveit_interface_msgs/local/lib/python3.10/dist-packages/interbotix_moveit_interface_msgs/srv'...
[44.749s] Compiling '/home/emackinnon1/interbotix_ws/install/interbotix_moveit_interface_msgs/local/lib/python3.10/dist-packages/interbotix_moveit_interface_msgs/srv/__init__.py'...
[44.749s] Compiling '/home/emackinnon1/interbotix_ws/install/interbotix_moveit_interface_msgs/local/lib/python3.10/dist-packages/interbotix_moveit_interface_msgs/srv/_move_it_plan.py'...
[44.790s] -- Installing: /home/emackinnon1/interbotix_ws/install/interbotix_moveit_interface_msgs/local/lib/python3.10/dist-packages/interbotix_moveit_interface_msgs/interbotix_moveit_interface_msgs_s__rosidl_typesupport_fastrtps_c.cpython-310-aarch64-linux-gnu.so
[44.794s] -- Set runtime path of "/home/emackinnon1/interbotix_ws/install/interbotix_moveit_interface_msgs/local/lib/python3.10/dist-packages/interbotix_moveit_interface_msgs/interbotix_moveit_interface_msgs_s__rosidl_typesupport_fastrtps_c.cpython-310-aarch64-linux-gnu.so" to ""
[44.798s] -- Installing: /home/emackinnon1/interbotix_ws/install/interbotix_moveit_interface_msgs/local/lib/python3.10/dist-packages/interbotix_moveit_interface_msgs/interbotix_moveit_interface_msgs_s__rosidl_typesupport_introspection_c.cpython-310-aarch64-linux-gnu.so
[44.805s] -- Set runtime path of "/home/emackinnon1/interbotix_ws/install/interbotix_moveit_interface_msgs/local/lib/python3.10/dist-packages/interbotix_moveit_interface_msgs/interbotix_moveit_interface_msgs_s__rosidl_typesupport_introspection_c.cpython-310-aarch64-linux-gnu.so" to ""
[44.808s] -- Installing: /home/emackinnon1/interbotix_ws/install/interbotix_moveit_interface_msgs/local/lib/python3.10/dist-packages/interbotix_moveit_interface_msgs/interbotix_moveit_interface_msgs_s__rosidl_typesupport_c.cpython-310-aarch64-linux-gnu.so
[44.813s] -- Set runtime path of "/home/emackinnon1/interbotix_ws/install/interbotix_moveit_interface_msgs/local/lib/python3.10/dist-packages/interbotix_moveit_interface_msgs/interbotix_moveit_interface_msgs_s__rosidl_typesupport_c.cpython-310-aarch64-linux-gnu.so" to ""
[44.817s] -- Installing: /home/emackinnon1/interbotix_ws/install/interbotix_moveit_interface_msgs/lib/libinterbotix_moveit_interface_msgs__rosidl_generator_py.so
[44.822s] -- Set runtime path of "/home/emackinnon1/interbotix_ws/install/interbotix_moveit_interface_msgs/lib/libinterbotix_moveit_interface_msgs__rosidl_generator_py.so" to ""
[44.824s] -- Installing: /home/emackinnon1/interbotix_ws/install/interbotix_moveit_interface_msgs/share/interbotix_moveit_interface_msgs/srv/MoveItPlan.idl
[44.827s] -- Installing: /home/emackinnon1/interbotix_ws/install/interbotix_moveit_interface_msgs/share/interbotix_moveit_interface_msgs/srv/MoveItPlan.srv
[44.830s] -- Installing: /home/emackinnon1/interbotix_ws/install/interbotix_moveit_interface_msgs/share/interbotix_moveit_interface_msgs/srv/MoveItPlan_Request.msg
[44.833s] -- Installing: /home/emackinnon1/interbotix_ws/install/interbotix_moveit_interface_msgs/share/interbotix_moveit_interface_msgs/srv/MoveItPlan_Response.msg
[44.837s] -- Installing: /home/emackinnon1/interbotix_ws/install/interbotix_moveit_interface_msgs/share/ament_index/resource_index/package_run_dependencies/interbotix_moveit_interface_msgs
[44.842s] -- Installing: /home/emackinnon1/interbotix_ws/install/interbotix_moveit_interface_msgs/share/ament_index/resource_index/parent_prefix_path/interbotix_moveit_interface_msgs
[44.845s] -- Installing: /home/emackinnon1/interbotix_ws/install/interbotix_moveit_interface_msgs/share/interbotix_moveit_interface_msgs/environment/ament_prefix_path.sh
[44.848s] -- Installing: /home/emackinnon1/interbotix_ws/install/interbotix_moveit_interface_msgs/share/interbotix_moveit_interface_msgs/environment/ament_prefix_path.dsv
[44.852s] -- Installing: /home/emackinnon1/interbotix_ws/install/interbotix_moveit_interface_msgs/share/interbotix_moveit_interface_msgs/environment/path.sh
[44.855s] -- Installing: /home/emackinnon1/interbotix_ws/install/interbotix_moveit_interface_msgs/share/interbotix_moveit_interface_msgs/environment/path.dsv
[44.858s] -- Installing: /home/emackinnon1/interbotix_ws/install/interbotix_moveit_interface_msgs/share/interbotix_moveit_interface_msgs/local_setup.bash
[44.861s] -- Installing: /home/emackinnon1/interbotix_ws/install/interbotix_moveit_interface_msgs/share/interbotix_moveit_interface_msgs/local_setup.sh
[44.864s] -- Installing: /home/emackinnon1/interbotix_ws/install/interbotix_moveit_interface_msgs/share/interbotix_moveit_interface_msgs/local_setup.zsh
[44.867s] -- Installing: /home/emackinnon1/interbotix_ws/install/interbotix_moveit_interface_msgs/share/interbotix_moveit_interface_msgs/local_setup.dsv
[44.868s] -- Installing: /home/emackinnon1/interbotix_ws/install/interbotix_moveit_interface_msgs/share/interbotix_moveit_interface_msgs/package.dsv
[44.871s] -- Installing: /home/emackinnon1/interbotix_ws/install/interbotix_moveit_interface_msgs/share/ament_index/resource_index/packages/interbotix_moveit_interface_msgs
[44.873s] -- Installing: /home/emackinnon1/interbotix_ws/install/interbotix_moveit_interface_msgs/share/interbotix_moveit_interface_msgs/cmake/export_interbotix_moveit_interface_msgs__rosidl_generator_cExport.cmake
[44.875s] -- Installing: /home/emackinnon1/interbotix_ws/install/interbotix_moveit_interface_msgs/share/interbotix_moveit_interface_msgs/cmake/export_interbotix_moveit_interface_msgs__rosidl_generator_cExport-noconfig.cmake
[44.878s] -- Installing: /home/emackinnon1/interbotix_ws/install/interbotix_moveit_interface_msgs/share/interbotix_moveit_interface_msgs/cmake/export_interbotix_moveit_interface_msgs__rosidl_typesupport_fastrtps_cExport.cmake
[44.881s] -- Installing: /home/emackinnon1/interbotix_ws/install/interbotix_moveit_interface_msgs/share/interbotix_moveit_interface_msgs/cmake/export_interbotix_moveit_interface_msgs__rosidl_typesupport_fastrtps_cExport-noconfig.cmake
[44.883s] -- Installing: /home/emackinnon1/interbotix_ws/install/interbotix_moveit_interface_msgs/share/interbotix_moveit_interface_msgs/cmake/interbotix_moveit_interface_msgs__rosidl_typesupport_introspection_cExport.cmake
[44.888s] -- Installing: /home/emackinnon1/interbotix_ws/install/interbotix_moveit_interface_msgs/share/interbotix_moveit_interface_msgs/cmake/interbotix_moveit_interface_msgs__rosidl_typesupport_introspection_cExport-noconfig.cmake
[44.892s] -- Installing: /home/emackinnon1/interbotix_ws/install/interbotix_moveit_interface_msgs/share/interbotix_moveit_interface_msgs/cmake/interbotix_moveit_interface_msgs__rosidl_typesupport_cExport.cmake
[44.897s] -- Installing: /home/emackinnon1/interbotix_ws/install/interbotix_moveit_interface_msgs/share/interbotix_moveit_interface_msgs/cmake/interbotix_moveit_interface_msgs__rosidl_typesupport_cExport-noconfig.cmake
[44.901s] -- Installing: /home/emackinnon1/interbotix_ws/install/interbotix_moveit_interface_msgs/share/interbotix_moveit_interface_msgs/cmake/export_interbotix_moveit_interface_msgs__rosidl_generator_cppExport.cmake
[44.904s] -- Installing: /home/emackinnon1/interbotix_ws/install/interbotix_moveit_interface_msgs/share/interbotix_moveit_interface_msgs/cmake/export_interbotix_moveit_interface_msgs__rosidl_typesupport_fastrtps_cppExport.cmake
[44.908s] -- Installing: /home/emackinnon1/interbotix_ws/install/interbotix_moveit_interface_msgs/share/interbotix_moveit_interface_msgs/cmake/export_interbotix_moveit_interface_msgs__rosidl_typesupport_fastrtps_cppExport-noconfig.cmake
[44.912s] -- Installing: /home/emackinnon1/interbotix_ws/install/interbotix_moveit_interface_msgs/share/interbotix_moveit_interface_msgs/cmake/interbotix_moveit_interface_msgs__rosidl_typesupport_introspection_cppExport.cmake
[44.915s] -- Installing: /home/emackinnon1/interbotix_ws/install/interbotix_moveit_interface_msgs/share/interbotix_moveit_interface_msgs/cmake/interbotix_moveit_interface_msgs__rosidl_typesupport_introspection_cppExport-noconfig.cmake
[44.919s] -- Installing: /home/emackinnon1/interbotix_ws/install/interbotix_moveit_interface_msgs/share/interbotix_moveit_interface_msgs/cmake/interbotix_moveit_interface_msgs__rosidl_typesupport_cppExport.cmake
[44.924s] -- Installing: /home/emackinnon1/interbotix_ws/install/interbotix_moveit_interface_msgs/share/interbotix_moveit_interface_msgs/cmake/interbotix_moveit_interface_msgs__rosidl_typesupport_cppExport-noconfig.cmake
[44.928s] -- Installing: /home/emackinnon1/interbotix_ws/install/interbotix_moveit_interface_msgs/share/interbotix_moveit_interface_msgs/cmake/export_interbotix_moveit_interface_msgs__rosidl_generator_pyExport.cmake
[44.932s] -- Installing: /home/emackinnon1/interbotix_ws/install/interbotix_moveit_interface_msgs/share/interbotix_moveit_interface_msgs/cmake/export_interbotix_moveit_interface_msgs__rosidl_generator_pyExport-noconfig.cmake
[44.936s] -- Installing: /home/emackinnon1/interbotix_ws/install/interbotix_moveit_interface_msgs/share/interbotix_moveit_interface_msgs/cmake/rosidl_cmake-extras.cmake
[44.939s] -- Installing: /home/emackinnon1/interbotix_ws/install/interbotix_moveit_interface_msgs/share/interbotix_moveit_interface_msgs/cmake/ament_cmake_export_dependencies-extras.cmake
[44.943s] -- Installing: /home/emackinnon1/interbotix_ws/install/interbotix_moveit_interface_msgs/share/interbotix_moveit_interface_msgs/cmake/ament_cmake_export_include_directories-extras.cmake
[44.947s] -- Installing: /home/emackinnon1/interbotix_ws/install/interbotix_moveit_interface_msgs/share/interbotix_moveit_interface_msgs/cmake/ament_cmake_export_libraries-extras.cmake
[44.952s] -- Installing: /home/emackinnon1/interbotix_ws/install/interbotix_moveit_interface_msgs/share/interbotix_moveit_interface_msgs/cmake/ament_cmake_export_targets-extras.cmake
[44.956s] -- Installing: /home/emackinnon1/interbotix_ws/install/interbotix_moveit_interface_msgs/share/interbotix_moveit_interface_msgs/cmake/rosidl_cmake_export_typesupport_targets-extras.cmake
[44.959s] -- Installing: /home/emackinnon1/interbotix_ws/install/interbotix_moveit_interface_msgs/share/interbotix_moveit_interface_msgs/cmake/rosidl_cmake_export_typesupport_libraries-extras.cmake
[44.963s] -- Installing: /home/emackinnon1/interbotix_ws/install/interbotix_moveit_interface_msgs/share/interbotix_moveit_interface_msgs/cmake/interbotix_moveit_interface_msgsConfig.cmake
[44.966s] -- Installing: /home/emackinnon1/interbotix_ws/install/interbotix_moveit_interface_msgs/share/interbotix_moveit_interface_msgs/cmake/interbotix_moveit_interface_msgsConfig-version.cmake
[44.970s] -- Installing: /home/emackinnon1/interbotix_ws/install/interbotix_moveit_interface_msgs/share/interbotix_moveit_interface_msgs/package.xml
[44.987s] Invoked command in '/home/emackinnon1/interbotix_ws/build/interbotix_moveit_interface_msgs' returned '0': CMAKE_PREFIX_PATH=/opt/ros/humble /usr/bin/cmake --install /home/emackinnon1/interbotix_ws/build/interbotix_moveit_interface_msgs
