[0.160s] Invoking command in '/home/emackinnon1/interbotix_ws/build/interbotix_xsarm_control': AMENT_PREFIX_PATH=/home/emackinnon1/interbotix_ws/install/interbotix_xsarm_descriptions:/home/emackinnon1/interbotix_ws/install/interbotix_xs_modules:/home/emackinnon1/interbotix_ws/install/interbotix_xs_sdk:/home/emackinnon1/interbotix_ws/install/interbotix_xs_driver:/home/emackinnon1/interbotix_ws/install/interbotix_xs_msgs:/home/emackinnon1/interbotix_ws/install/interbotix_common_modules:/home/emackinnon1/interbotix_ws/install/dynamixel_workbench_toolbox:${AMENT_PREFIX_PATH} CMAKE_PREFIX_PATH=/home/emackinnon1/interbotix_ws/install/interbotix_xsarm_descriptions:/home/emackinnon1/interbotix_ws/install/interbotix_xs_sdk:/home/emackinnon1/interbotix_ws/install/interbotix_xs_driver:/home/emackinnon1/interbotix_ws/install/interbotix_xs_msgs:/home/emackinnon1/interbotix_ws/install/dynamixel_workbench_toolbox:/opt/ros/humble LD_LIBRARY_PATH=/home/emackinnon1/interbotix_ws/install/interbotix_xs_driver/lib:/home/emackinnon1/interbotix_ws/install/interbotix_xs_msgs/lib:/home/emackinnon1/interbotix_ws/install/dynamixel_workbench_toolbox/lib:${LD_LIBRARY_PATH} PYTHONPATH=/home/emackinnon1/interbotix_ws/install/interbotix_xs_modules/lib/python3.10/site-packages:/home/emackinnon1/interbotix_ws/install/interbotix_xs_msgs/local/lib/python3.10/dist-packages:/home/emackinnon1/interbotix_ws/install/interbotix_common_modules/lib/python3.10/site-packages:${PYTHONPATH} /usr/bin/cmake /home/emackinnon1/interbotix_ws/src/interbotix_ros_manipulators/interbotix_ros_xsarms/interbotix_xsarm_control -DCMAKE_INSTALL_PREFIX=/home/emackinnon1/interbotix_ws/install/interbotix_xsarm_control
[0.558s] -- The C compiler identification is GNU 11.4.0
[0.918s] -- The CXX compiler identification is GNU 11.4.0
[0.952s] -- Detecting C compiler ABI info
[1.782s] -- Detecting C compiler ABI info - done
[1.851s] -- Check for working C compiler: /usr/bin/cc - skipped
[1.853s] -- Detecting C compile features
[1.856s] -- Detecting C compile features - done
[1.885s] -- Detecting CXX compiler ABI info
[2.521s] -- Detecting CXX compiler ABI info - done
[2.586s] -- Check for working CXX compiler: /usr/bin/c++ - skipped
[2.588s] -- Detecting CXX compile features
[2.590s] -- Detecting CXX compile features - done
[2.638s] -- Found ament_cmake: 1.3.11 (/opt/ros/humble/share/ament_cmake/cmake)
[3.974s] -- Found Python3: /usr/bin/python3 (found version "3.10.12") found components: Interpreter 
[5.473s] -- Found ament_lint_auto: 0.12.12 (/opt/ros/humble/share/ament_lint_auto/cmake)
[6.710s] -- Added test 'copyright' to check source files copyright and LICENSE
[6.766s] -- Added test 'flake8' to check Python code syntax and style conventions
[6.775s] -- Added test 'lint_cmake' to check CMake code style
[6.782s] -- Added test 'pep257' to check Python code against some of the docstring style conventions in PEP 257
[6.812s] -- Added test 'xmllint' to check XML markup files
[6.827s] -- Configuring done
[6.863s] -- Generating done
[6.880s] -- Build files have been written to: /home/emackinnon1/interbotix_ws/build/interbotix_xsarm_control
[6.920s] Invoked command in '/home/emackinnon1/interbotix_ws/build/interbotix_xsarm_control' returned '0': AMENT_PREFIX_PATH=/home/emackinnon1/interbotix_ws/install/interbotix_xsarm_descriptions:/home/emackinnon1/interbotix_ws/install/interbotix_xs_modules:/home/emackinnon1/interbotix_ws/install/interbotix_xs_sdk:/home/emackinnon1/interbotix_ws/install/interbotix_xs_driver:/home/emackinnon1/interbotix_ws/install/interbotix_xs_msgs:/home/emackinnon1/interbotix_ws/install/interbotix_common_modules:/home/emackinnon1/interbotix_ws/install/dynamixel_workbench_toolbox:${AMENT_PREFIX_PATH} CMAKE_PREFIX_PATH=/home/emackinnon1/interbotix_ws/install/interbotix_xsarm_descriptions:/home/emackinnon1/interbotix_ws/install/interbotix_xs_sdk:/home/emackinnon1/interbotix_ws/install/interbotix_xs_driver:/home/emackinnon1/interbotix_ws/install/interbotix_xs_msgs:/home/emackinnon1/interbotix_ws/install/dynamixel_workbench_toolbox:/opt/ros/humble LD_LIBRARY_PATH=/home/emackinnon1/interbotix_ws/install/interbotix_xs_driver/lib:/home/emackinnon1/interbotix_ws/install/interbotix_xs_msgs/lib:/home/emackinnon1/interbotix_ws/install/dynamixel_workbench_toolbox/lib:${LD_LIBRARY_PATH} PYTHONPATH=/home/emackinnon1/interbotix_ws/install/interbotix_xs_modules/lib/python3.10/site-packages:/home/emackinnon1/interbotix_ws/install/interbotix_xs_msgs/local/lib/python3.10/dist-packages:/home/emackinnon1/interbotix_ws/install/interbotix_common_modules/lib/python3.10/site-packages:${PYTHONPATH} /usr/bin/cmake /home/emackinnon1/interbotix_ws/src/interbotix_ros_manipulators/interbotix_ros_xsarms/interbotix_xsarm_control -DCMAKE_INSTALL_PREFIX=/home/emackinnon1/interbotix_ws/install/interbotix_xsarm_control
[6.930s] Invoking command in '/home/emackinnon1/interbotix_ws/build/interbotix_xsarm_control': AMENT_PREFIX_PATH=/home/emackinnon1/interbotix_ws/install/interbotix_xsarm_descriptions:/home/emackinnon1/interbotix_ws/install/interbotix_xs_modules:/home/emackinnon1/interbotix_ws/install/interbotix_xs_sdk:/home/emackinnon1/interbotix_ws/install/interbotix_xs_driver:/home/emackinnon1/interbotix_ws/install/interbotix_xs_msgs:/home/emackinnon1/interbotix_ws/install/interbotix_common_modules:/home/emackinnon1/interbotix_ws/install/dynamixel_workbench_toolbox:${AMENT_PREFIX_PATH} CMAKE_PREFIX_PATH=/home/emackinnon1/interbotix_ws/install/interbotix_xsarm_descriptions:/home/emackinnon1/interbotix_ws/install/interbotix_xs_sdk:/home/emackinnon1/interbotix_ws/install/interbotix_xs_driver:/home/emackinnon1/interbotix_ws/install/interbotix_xs_msgs:/home/emackinnon1/interbotix_ws/install/dynamixel_workbench_toolbox:/opt/ros/humble LD_LIBRARY_PATH=/home/emackinnon1/interbotix_ws/install/interbotix_xs_driver/lib:/home/emackinnon1/interbotix_ws/install/interbotix_xs_msgs/lib:/home/emackinnon1/interbotix_ws/install/dynamixel_workbench_toolbox/lib:${LD_LIBRARY_PATH} PYTHONPATH=/home/emackinnon1/interbotix_ws/install/interbotix_xs_modules/lib/python3.10/site-packages:/home/emackinnon1/interbotix_ws/install/interbotix_xs_msgs/local/lib/python3.10/dist-packages:/home/emackinnon1/interbotix_ws/install/interbotix_common_modules/lib/python3.10/site-packages:${PYTHONPATH} /usr/bin/cmake --build /home/emackinnon1/interbotix_ws/build/interbotix_xsarm_control -- -j4 -l4
[7.444s] Invoked command in '/home/emackinnon1/interbotix_ws/build/interbotix_xsarm_control' returned '0': AMENT_PREFIX_PATH=/home/emackinnon1/interbotix_ws/install/interbotix_xsarm_descriptions:/home/emackinnon1/interbotix_ws/install/interbotix_xs_modules:/home/emackinnon1/interbotix_ws/install/interbotix_xs_sdk:/home/emackinnon1/interbotix_ws/install/interbotix_xs_driver:/home/emackinnon1/interbotix_ws/install/interbotix_xs_msgs:/home/emackinnon1/interbotix_ws/install/interbotix_common_modules:/home/emackinnon1/interbotix_ws/install/dynamixel_workbench_toolbox:${AMENT_PREFIX_PATH} CMAKE_PREFIX_PATH=/home/emackinnon1/interbotix_ws/install/interbotix_xsarm_descriptions:/home/emackinnon1/interbotix_ws/install/interbotix_xs_sdk:/home/emackinnon1/interbotix_ws/install/interbotix_xs_driver:/home/emackinnon1/interbotix_ws/install/interbotix_xs_msgs:/home/emackinnon1/interbotix_ws/install/dynamixel_workbench_toolbox:/opt/ros/humble LD_LIBRARY_PATH=/home/emackinnon1/interbotix_ws/install/interbotix_xs_driver/lib:/home/emackinnon1/interbotix_ws/install/interbotix_xs_msgs/lib:/home/emackinnon1/interbotix_ws/install/dynamixel_workbench_toolbox/lib:${LD_LIBRARY_PATH} PYTHONPATH=/home/emackinnon1/interbotix_ws/install/interbotix_xs_modules/lib/python3.10/site-packages:/home/emackinnon1/interbotix_ws/install/interbotix_xs_msgs/local/lib/python3.10/dist-packages:/home/emackinnon1/interbotix_ws/install/interbotix_common_modules/lib/python3.10/site-packages:${PYTHONPATH} /usr/bin/cmake --build /home/emackinnon1/interbotix_ws/build/interbotix_xsarm_control -- -j4 -l4
[7.452s] Invoking command in '/home/emackinnon1/interbotix_ws/build/interbotix_xsarm_control': AMENT_PREFIX_PATH=/home/emackinnon1/interbotix_ws/install/interbotix_xsarm_descriptions:/home/emackinnon1/interbotix_ws/install/interbotix_xs_modules:/home/emackinnon1/interbotix_ws/install/interbotix_xs_sdk:/home/emackinnon1/interbotix_ws/install/interbotix_xs_driver:/home/emackinnon1/interbotix_ws/install/interbotix_xs_msgs:/home/emackinnon1/interbotix_ws/install/interbotix_common_modules:/home/emackinnon1/interbotix_ws/install/dynamixel_workbench_toolbox:${AMENT_PREFIX_PATH} CMAKE_PREFIX_PATH=/home/emackinnon1/interbotix_ws/install/interbotix_xsarm_descriptions:/home/emackinnon1/interbotix_ws/install/interbotix_xs_sdk:/home/emackinnon1/interbotix_ws/install/interbotix_xs_driver:/home/emackinnon1/interbotix_ws/install/interbotix_xs_msgs:/home/emackinnon1/interbotix_ws/install/dynamixel_workbench_toolbox:/opt/ros/humble LD_LIBRARY_PATH=/home/emackinnon1/interbotix_ws/install/interbotix_xs_driver/lib:/home/emackinnon1/interbotix_ws/install/interbotix_xs_msgs/lib:/home/emackinnon1/interbotix_ws/install/dynamixel_workbench_toolbox/lib:${LD_LIBRARY_PATH} PYTHONPATH=/home/emackinnon1/interbotix_ws/install/interbotix_xs_modules/lib/python3.10/site-packages:/home/emackinnon1/interbotix_ws/install/interbotix_xs_msgs/local/lib/python3.10/dist-packages:/home/emackinnon1/interbotix_ws/install/interbotix_common_modules/lib/python3.10/site-packages:${PYTHONPATH} /usr/bin/cmake --install /home/emackinnon1/interbotix_ws/build/interbotix_xsarm_control
[7.544s] -- Install configuration: ""
[7.546s] -- Installing: /home/emackinnon1/interbotix_ws/install/interbotix_xsarm_control/lib/interbotix_xsarm_control/bartender.py
[7.548s] -- Installing: /home/emackinnon1/interbotix_ws/install/interbotix_xsarm_control/lib/interbotix_xsarm_control/ee_cartesian_trajectory.py
[7.550s] -- Installing: /home/emackinnon1/interbotix_ws/install/interbotix_xsarm_control/lib/interbotix_xsarm_control/ee_pose_components.py
[7.564s] -- Installing: /home/emackinnon1/interbotix_ws/install/interbotix_xsarm_control/lib/interbotix_xsarm_control/ee_pose_matrix_control.py
[7.566s] -- Installing: /home/emackinnon1/interbotix_ws/install/interbotix_xsarm_control/lib/interbotix_xsarm_control/gripper_control.py
[7.568s] -- Installing: /home/emackinnon1/interbotix_ws/install/interbotix_xsarm_control/lib/interbotix_xsarm_control/joint_current_control.py
[7.571s] -- Installing: /home/emackinnon1/interbotix_ws/install/interbotix_xsarm_control/lib/interbotix_xsarm_control/joint_position_control.py
[7.573s] -- Installing: /home/emackinnon1/interbotix_ws/install/interbotix_xsarm_control/lib/interbotix_xsarm_control/joint_pwm_control.py
[7.574s] -- Installing: /home/emackinnon1/interbotix_ws/install/interbotix_xsarm_control/lib/interbotix_xsarm_control/joint_trajectory_control.py
[7.583s] -- Installing: /home/emackinnon1/interbotix_ws/install/interbotix_xsarm_control/share/interbotix_xsarm_control//launch
[7.587s] -- Installing: /home/emackinnon1/interbotix_ws/install/interbotix_xsarm_control/share/interbotix_xsarm_control//launch/xsarm_control.launch.py
[7.593s] -- Installing: /home/emackinnon1/interbotix_ws/install/interbotix_xsarm_control/share/interbotix_xsarm_control//config
[7.595s] -- Installing: /home/emackinnon1/interbotix_ws/install/interbotix_xsarm_control/share/interbotix_xsarm_control//config/rx150.yaml
[7.607s] -- Installing: /home/emackinnon1/interbotix_ws/install/interbotix_xsarm_control/share/interbotix_xsarm_control//config/px100.yaml
[7.609s] -- Installing: /home/emackinnon1/interbotix_ws/install/interbotix_xsarm_control/share/interbotix_xsarm_control//config/px150.yaml
[7.612s] -- Installing: /home/emackinnon1/interbotix_ws/install/interbotix_xsarm_control/share/interbotix_xsarm_control//config/mobile_wx250s.yaml
[7.614s] -- Installing: /home/emackinnon1/interbotix_ws/install/interbotix_xsarm_control/share/interbotix_xsarm_control//config/wx250.yaml
[7.615s] -- Installing: /home/emackinnon1/interbotix_ws/install/interbotix_xsarm_control/share/interbotix_xsarm_control//config/wx200.yaml
[7.616s] -- Installing: /home/emackinnon1/interbotix_ws/install/interbotix_xsarm_control/share/interbotix_xsarm_control//config/vx250.yaml
[7.627s] -- Installing: /home/emackinnon1/interbotix_ws/install/interbotix_xsarm_control/share/interbotix_xsarm_control//config/aloha_vx300s.yaml
[7.629s] -- Installing: /home/emackinnon1/interbotix_ws/install/interbotix_xsarm_control/share/interbotix_xsarm_control//config/wx250s.yaml
[7.631s] -- Installing: /home/emackinnon1/interbotix_ws/install/interbotix_xsarm_control/share/interbotix_xsarm_control//config/mobile_wx200.yaml
[7.633s] -- Installing: /home/emackinnon1/interbotix_ws/install/interbotix_xsarm_control/share/interbotix_xsarm_control//config/vx300.yaml
[7.634s] -- Installing: /home/emackinnon1/interbotix_ws/install/interbotix_xsarm_control/share/interbotix_xsarm_control//config/modes.yaml
[7.636s] -- Installing: /home/emackinnon1/interbotix_ws/install/interbotix_xsarm_control/share/interbotix_xsarm_control//config/mobile_px100.yaml
[7.644s] -- Installing: /home/emackinnon1/interbotix_ws/install/interbotix_xsarm_control/share/interbotix_xsarm_control//config/vx300s.yaml
[7.648s] -- Installing: /home/emackinnon1/interbotix_ws/install/interbotix_xsarm_control/share/interbotix_xsarm_control//config/rx200.yaml
[7.653s] -- Installing: /home/emackinnon1/interbotix_ws/install/interbotix_xsarm_control/share/interbotix_xsarm_control//config/aloha_wx250s.yaml
[7.661s] -- Installing: /home/emackinnon1/interbotix_ws/install/interbotix_xsarm_control/share/ament_index/resource_index/package_run_dependencies/interbotix_xsarm_control
[7.663s] -- Installing: /home/emackinnon1/interbotix_ws/install/interbotix_xsarm_control/share/ament_index/resource_index/parent_prefix_path/interbotix_xsarm_control
[7.665s] -- Installing: /home/emackinnon1/interbotix_ws/install/interbotix_xsarm_control/share/interbotix_xsarm_control/environment/ament_prefix_path.sh
[7.667s] -- Installing: /home/emackinnon1/interbotix_ws/install/interbotix_xsarm_control/share/interbotix_xsarm_control/environment/ament_prefix_path.dsv
[7.670s] -- Installing: /home/emackinnon1/interbotix_ws/install/interbotix_xsarm_control/share/interbotix_xsarm_control/environment/path.sh
[7.671s] -- Installing: /home/emackinnon1/interbotix_ws/install/interbotix_xsarm_control/share/interbotix_xsarm_control/environment/path.dsv
[7.679s] -- Installing: /home/emackinnon1/interbotix_ws/install/interbotix_xsarm_control/share/interbotix_xsarm_control/local_setup.bash
[7.680s] -- Installing: /home/emackinnon1/interbotix_ws/install/interbotix_xsarm_control/share/interbotix_xsarm_control/local_setup.sh
[7.681s] -- Installing: /home/emackinnon1/interbotix_ws/install/interbotix_xsarm_control/share/interbotix_xsarm_control/local_setup.zsh
[7.681s] -- Installing: /home/emackinnon1/interbotix_ws/install/interbotix_xsarm_control/share/interbotix_xsarm_control/local_setup.dsv
[7.685s] -- Installing: /home/emackinnon1/interbotix_ws/install/interbotix_xsarm_control/share/interbotix_xsarm_control/package.dsv
[7.695s] -- Installing: /home/emackinnon1/interbotix_ws/install/interbotix_xsarm_control/share/ament_index/resource_index/packages/interbotix_xsarm_control
[7.695s] -- Installing: /home/emackinnon1/interbotix_ws/install/interbotix_xsarm_control/share/interbotix_xsarm_control/cmake/interbotix_xsarm_controlConfig.cmake
[7.696s] -- Installing: /home/emackinnon1/interbotix_ws/install/interbotix_xsarm_control/share/interbotix_xsarm_control/cmake/interbotix_xsarm_controlConfig-version.cmake
[7.700s] -- Installing: /home/emackinnon1/interbotix_ws/install/interbotix_xsarm_control/share/interbotix_xsarm_control/package.xml
[7.702s] Invoked command in '/home/emackinnon1/interbotix_ws/build/interbotix_xsarm_control' returned '0': AMENT_PREFIX_PATH=/home/emackinnon1/interbotix_ws/install/interbotix_xsarm_descriptions:/home/emackinnon1/interbotix_ws/install/interbotix_xs_modules:/home/emackinnon1/interbotix_ws/install/interbotix_xs_sdk:/home/emackinnon1/interbotix_ws/install/interbotix_xs_driver:/home/emackinnon1/interbotix_ws/install/interbotix_xs_msgs:/home/emackinnon1/interbotix_ws/install/interbotix_common_modules:/home/emackinnon1/interbotix_ws/install/dynamixel_workbench_toolbox:${AMENT_PREFIX_PATH} CMAKE_PREFIX_PATH=/home/emackinnon1/interbotix_ws/install/interbotix_xsarm_descriptions:/home/emackinnon1/interbotix_ws/install/interbotix_xs_sdk:/home/emackinnon1/interbotix_ws/install/interbotix_xs_driver:/home/emackinnon1/interbotix_ws/install/interbotix_xs_msgs:/home/emackinnon1/interbotix_ws/install/dynamixel_workbench_toolbox:/opt/ros/humble LD_LIBRARY_PATH=/home/emackinnon1/interbotix_ws/install/interbotix_xs_driver/lib:/home/emackinnon1/interbotix_ws/install/interbotix_xs_msgs/lib:/home/emackinnon1/interbotix_ws/install/dynamixel_workbench_toolbox/lib:${LD_LIBRARY_PATH} PYTHONPATH=/home/emackinnon1/interbotix_ws/install/interbotix_xs_modules/lib/python3.10/site-packages:/home/emackinnon1/interbotix_ws/install/interbotix_xs_msgs/local/lib/python3.10/dist-packages:/home/emackinnon1/interbotix_ws/install/interbotix_common_modules/lib/python3.10/site-packages:${PYTHONPATH} /usr/bin/cmake --install /home/emackinnon1/interbotix_ws/build/interbotix_xsarm_control
