[0.076s] Invoking command in '/home/emackinnon1/interbotix_ws/build/interbotix_rpi_toolbox': AMENT_PREFIX_PATH=/home/emackinnon1/interbotix_ws/install/interbotix_rpi_modules:/home/emackinnon1/interbotix_ws/install/interbotix_rpi_msgs:${AMENT_PREFIX_PATH} CMAKE_PREFIX_PATH=/home/emackinnon1/interbotix_ws/install/interbotix_rpi_msgs:/opt/ros/humble LD_LIBRARY_PATH=/home/emackinnon1/interbotix_ws/install/interbotix_rpi_msgs/lib:${LD_LIBRARY_PATH} PYTHONPATH=/home/emackinnon1/interbotix_ws/install/interbotix_rpi_modules/lib/python3.10/site-packages:/home/emackinnon1/interbotix_ws/install/interbotix_rpi_msgs/local/lib/python3.10/dist-packages:${PYTHONPATH} /usr/bin/cmake /home/emackinnon1/interbotix_ws/src/interbotix_ros_toolboxes/interbotix_rpi_toolbox/interbotix_rpi_toolbox -DCMAKE_INSTALL_PREFIX=/home/emackinnon1/interbotix_ws/install/interbotix_rpi_toolbox
[0.462s] -- The C compiler identification is GNU 11.4.0
[0.840s] -- The CXX compiler identification is GNU 11.4.0
[0.885s] -- Detecting C compiler ABI info
[1.369s] -- Detecting C compiler ABI info - done
[1.411s] -- Check for working C compiler: /usr/bin/cc - skipped
[1.415s] -- Detecting C compile features
[1.418s] -- Detecting C compile features - done
[1.440s] -- Detecting CXX compiler ABI info
[1.955s] -- Detecting CXX compiler ABI info - done
[1.986s] -- Check for working CXX compiler: /usr/bin/c++ - skipped
[1.987s] -- Detecting CXX compile features
[1.989s] -- Detecting CXX compile features - done
[2.028s] -- Found ament_cmake: 1.3.11 (/opt/ros/humble/share/ament_cmake/cmake)
[3.196s] -- Found Python3: /usr/bin/python3 (found version "3.10.12") found components: Interpreter 
[4.098s] -- Found ament_lint_auto: 0.12.12 (/opt/ros/humble/share/ament_lint_auto/cmake)
[4.848s] -- Added test 'copyright' to check source files copyright and LICENSE
[4.866s] -- Added test 'lint_cmake' to check CMake code style
[4.874s] -- Added test 'xmllint' to check XML markup files
[4.885s] -- Configuring done
[4.920s] -- Generating done
[4.934s] -- Build files have been written to: /home/emackinnon1/interbotix_ws/build/interbotix_rpi_toolbox
[4.968s] Invoked command in '/home/emackinnon1/interbotix_ws/build/interbotix_rpi_toolbox' returned '0': AMENT_PREFIX_PATH=/home/emackinnon1/interbotix_ws/install/interbotix_rpi_modules:/home/emackinnon1/interbotix_ws/install/interbotix_rpi_msgs:${AMENT_PREFIX_PATH} CMAKE_PREFIX_PATH=/home/emackinnon1/interbotix_ws/install/interbotix_rpi_msgs:/opt/ros/humble LD_LIBRARY_PATH=/home/emackinnon1/interbotix_ws/install/interbotix_rpi_msgs/lib:${LD_LIBRARY_PATH} PYTHONPATH=/home/emackinnon1/interbotix_ws/install/interbotix_rpi_modules/lib/python3.10/site-packages:/home/emackinnon1/interbotix_ws/install/interbotix_rpi_msgs/local/lib/python3.10/dist-packages:${PYTHONPATH} /usr/bin/cmake /home/emackinnon1/interbotix_ws/src/interbotix_ros_toolboxes/interbotix_rpi_toolbox/interbotix_rpi_toolbox -DCMAKE_INSTALL_PREFIX=/home/emackinnon1/interbotix_ws/install/interbotix_rpi_toolbox
[4.971s] Invoking command in '/home/emackinnon1/interbotix_ws/build/interbotix_rpi_toolbox': AMENT_PREFIX_PATH=/home/emackinnon1/interbotix_ws/install/interbotix_rpi_modules:/home/emackinnon1/interbotix_ws/install/interbotix_rpi_msgs:${AMENT_PREFIX_PATH} CMAKE_PREFIX_PATH=/home/emackinnon1/interbotix_ws/install/interbotix_rpi_msgs:/opt/ros/humble LD_LIBRARY_PATH=/home/emackinnon1/interbotix_ws/install/interbotix_rpi_msgs/lib:${LD_LIBRARY_PATH} PYTHONPATH=/home/emackinnon1/interbotix_ws/install/interbotix_rpi_modules/lib/python3.10/site-packages:/home/emackinnon1/interbotix_ws/install/interbotix_rpi_msgs/local/lib/python3.10/dist-packages:${PYTHONPATH} /usr/bin/cmake --build /home/emackinnon1/interbotix_ws/build/interbotix_rpi_toolbox -- -j4 -l4
[5.213s] Invoked command in '/home/emackinnon1/interbotix_ws/build/interbotix_rpi_toolbox' returned '0': AMENT_PREFIX_PATH=/home/emackinnon1/interbotix_ws/install/interbotix_rpi_modules:/home/emackinnon1/interbotix_ws/install/interbotix_rpi_msgs:${AMENT_PREFIX_PATH} CMAKE_PREFIX_PATH=/home/emackinnon1/interbotix_ws/install/interbotix_rpi_msgs:/opt/ros/humble LD_LIBRARY_PATH=/home/emackinnon1/interbotix_ws/install/interbotix_rpi_msgs/lib:${LD_LIBRARY_PATH} PYTHONPATH=/home/emackinnon1/interbotix_ws/install/interbotix_rpi_modules/lib/python3.10/site-packages:/home/emackinnon1/interbotix_ws/install/interbotix_rpi_msgs/local/lib/python3.10/dist-packages:${PYTHONPATH} /usr/bin/cmake --build /home/emackinnon1/interbotix_ws/build/interbotix_rpi_toolbox -- -j4 -l4
[5.217s] Invoking command in '/home/emackinnon1/interbotix_ws/build/interbotix_rpi_toolbox': AMENT_PREFIX_PATH=/home/emackinnon1/interbotix_ws/install/interbotix_rpi_modules:/home/emackinnon1/interbotix_ws/install/interbotix_rpi_msgs:${AMENT_PREFIX_PATH} CMAKE_PREFIX_PATH=/home/emackinnon1/interbotix_ws/install/interbotix_rpi_msgs:/opt/ros/humble LD_LIBRARY_PATH=/home/emackinnon1/interbotix_ws/install/interbotix_rpi_msgs/lib:${LD_LIBRARY_PATH} PYTHONPATH=/home/emackinnon1/interbotix_ws/install/interbotix_rpi_modules/lib/python3.10/site-packages:/home/emackinnon1/interbotix_ws/install/interbotix_rpi_msgs/local/lib/python3.10/dist-packages:${PYTHONPATH} /usr/bin/cmake --install /home/emackinnon1/interbotix_ws/build/interbotix_rpi_toolbox
[5.270s] -- Install configuration: ""
[5.273s] -- Installing: /home/emackinnon1/interbotix_ws/install/interbotix_rpi_toolbox/share/ament_index/resource_index/package_run_dependencies/interbotix_rpi_toolbox
[5.278s] -- Installing: /home/emackinnon1/interbotix_ws/install/interbotix_rpi_toolbox/share/ament_index/resource_index/parent_prefix_path/interbotix_rpi_toolbox
[5.282s] -- Installing: /home/emackinnon1/interbotix_ws/install/interbotix_rpi_toolbox/share/interbotix_rpi_toolbox/environment/ament_prefix_path.sh
[5.286s] -- Installing: /home/emackinnon1/interbotix_ws/install/interbotix_rpi_toolbox/share/interbotix_rpi_toolbox/environment/ament_prefix_path.dsv
[5.290s] -- Installing: /home/emackinnon1/interbotix_ws/install/interbotix_rpi_toolbox/share/interbotix_rpi_toolbox/environment/path.sh
[5.293s] -- Installing: /home/emackinnon1/interbotix_ws/install/interbotix_rpi_toolbox/share/interbotix_rpi_toolbox/environment/path.dsv
[5.297s] -- Installing: /home/emackinnon1/interbotix_ws/install/interbotix_rpi_toolbox/share/interbotix_rpi_toolbox/local_setup.bash
[5.302s] -- Installing: /home/emackinnon1/interbotix_ws/install/interbotix_rpi_toolbox/share/interbotix_rpi_toolbox/local_setup.sh
[5.305s] -- Installing: /home/emackinnon1/interbotix_ws/install/interbotix_rpi_toolbox/share/interbotix_rpi_toolbox/local_setup.zsh
[5.309s] -- Installing: /home/emackinnon1/interbotix_ws/install/interbotix_rpi_toolbox/share/interbotix_rpi_toolbox/local_setup.dsv
[5.313s] -- Installing: /home/emackinnon1/interbotix_ws/install/interbotix_rpi_toolbox/share/interbotix_rpi_toolbox/package.dsv
[5.319s] -- Installing: /home/emackinnon1/interbotix_ws/install/interbotix_rpi_toolbox/share/ament_index/resource_index/packages/interbotix_rpi_toolbox
[5.323s] -- Installing: /home/emackinnon1/interbotix_ws/install/interbotix_rpi_toolbox/share/interbotix_rpi_toolbox/cmake/interbotix_rpi_toolboxConfig.cmake
[5.327s] -- Installing: /home/emackinnon1/interbotix_ws/install/interbotix_rpi_toolbox/share/interbotix_rpi_toolbox/cmake/interbotix_rpi_toolboxConfig-version.cmake
[5.331s] -- Installing: /home/emackinnon1/interbotix_ws/install/interbotix_rpi_toolbox/share/interbotix_rpi_toolbox/package.xml
[5.352s] Invoked command in '/home/emackinnon1/interbotix_ws/build/interbotix_rpi_toolbox' returned '0': AMENT_PREFIX_PATH=/home/emackinnon1/interbotix_ws/install/interbotix_rpi_modules:/home/emackinnon1/interbotix_ws/install/interbotix_rpi_msgs:${AMENT_PREFIX_PATH} CMAKE_PREFIX_PATH=/home/emackinnon1/interbotix_ws/install/interbotix_rpi_msgs:/opt/ros/humble LD_LIBRARY_PATH=/home/emackinnon1/interbotix_ws/install/interbotix_rpi_msgs/lib:${LD_LIBRARY_PATH} PYTHONPATH=/home/emackinnon1/interbotix_ws/install/interbotix_rpi_modules/lib/python3.10/site-packages:/home/emackinnon1/interbotix_ws/install/interbotix_rpi_msgs/local/lib/python3.10/dist-packages:${PYTHONPATH} /usr/bin/cmake --install /home/emackinnon1/interbotix_ws/build/interbotix_rpi_toolbox
