[0.186s] Invoking command in '/home/emackinnon1/interbotix_ws/build/interbotix_xsarm_joy': AMENT_PREFIX_PATH=/home/emackinnon1/interbotix_ws/install/interbotix_xsarm_control:/home/emackinnon1/interbotix_ws/install/interbotix_xsarm_descriptions:/home/emackinnon1/interbotix_ws/install/interbotix_xs_modules:/home/emackinnon1/interbotix_ws/install/interbotix_xs_sdk:/home/emackinnon1/interbotix_ws/install/interbotix_xs_driver:/home/emackinnon1/interbotix_ws/install/interbotix_xs_msgs:/home/emackinnon1/interbotix_ws/install/interbotix_common_modules:/home/emackinnon1/interbotix_ws/install/dynamixel_workbench_toolbox:${AMENT_PREFIX_PATH} CMAKE_PREFIX_PATH=/home/emackinnon1/interbotix_ws/install/interbotix_xsarm_control:/home/emackinnon1/interbotix_ws/install/interbotix_xsarm_descriptions:/home/emackinnon1/interbotix_ws/install/interbotix_xs_sdk:/home/emackinnon1/interbotix_ws/install/interbotix_xs_driver:/home/emackinnon1/interbotix_ws/install/interbotix_xs_msgs:/home/emackinnon1/interbotix_ws/install/dynamixel_workbench_toolbox:/opt/ros/humble LD_LIBRARY_PATH=/home/emackinnon1/interbotix_ws/install/interbotix_xs_driver/lib:/home/emackinnon1/interbotix_ws/install/interbotix_xs_msgs/lib:/home/emackinnon1/interbotix_ws/install/dynamixel_workbench_toolbox/lib:${LD_LIBRARY_PATH} PYTHONPATH=/home/emackinnon1/interbotix_ws/install/interbotix_xs_modules/lib/python3.10/site-packages:/home/emackinnon1/interbotix_ws/install/interbotix_xs_msgs/local/lib/python3.10/dist-packages:/home/emackinnon1/interbotix_ws/install/interbotix_common_modules/lib/python3.10/site-packages:${PYTHONPATH} /usr/bin/cmake /home/emackinnon1/interbotix_ws/src/interbotix_ros_manipulators/interbotix_ros_xsarms/examples/interbotix_xsarm_joy -DCMAKE_INSTALL_PREFIX=/home/emackinnon1/interbotix_ws/install/interbotix_xsarm_joy
[0.867s] -- The C compiler identification is GNU 11.4.0
[1.505s] -- The CXX compiler identification is GNU 11.4.0
[1.586s] -- Detecting C compiler ABI info
[2.456s] -- Detecting C compiler ABI info - done
[2.511s] -- Check for working C compiler: /usr/bin/cc - skipped
[2.513s] -- Detecting C compile features
[2.515s] -- Detecting C compile features - done
[2.543s] -- Detecting CXX compiler ABI info
[3.251s] -- Detecting CXX compiler ABI info - done
[3.327s] -- Check for working CXX compiler: /usr/bin/c++ - skipped
[3.330s] -- Detecting CXX compile features
[3.334s] -- Detecting CXX compile features - done
[3.391s] -- Found ament_cmake: 1.3.11 (/opt/ros/humble/share/ament_cmake/cmake)
[4.928s] -- Found Python3: /usr/bin/python3 (found version "3.10.12") found components: Interpreter 
[6.300s] -- Found interbotix_xs_msgs: 0.0.0 (/home/emackinnon1/interbotix_ws/install/interbotix_xs_msgs/share/interbotix_xs_msgs/cmake)
[6.996s] -- Found rosidl_generator_c: 3.1.6 (/opt/ros/humble/share/rosidl_generator_c/cmake)
[7.096s] -- Found rosidl_adapter: 3.1.6 (/opt/ros/humble/share/rosidl_adapter/cmake)
[7.204s] -- Found rosidl_generator_cpp: 3.1.6 (/opt/ros/humble/share/rosidl_generator_cpp/cmake)
[7.337s] -- Using all available rosidl_typesupport_c: rosidl_typesupport_fastrtps_c;rosidl_typesupport_introspection_c
[7.543s] -- Using all available rosidl_typesupport_cpp: rosidl_typesupport_fastrtps_cpp;rosidl_typesupport_introspection_cpp
[8.373s] -- Found rclcpp: 16.0.12 (/opt/ros/humble/share/rclcpp/cmake)
[8.960s] -- Found rmw_implementation_cmake: 6.1.2 (/opt/ros/humble/share/rmw_implementation_cmake/cmake)
[9.018s] -- Found rmw_fastrtps_cpp: 6.2.7 (/opt/ros/humble/share/rmw_fastrtps_cpp/cmake)
[10.220s] -- Found OpenSSL: /usr/lib/aarch64-linux-gnu/libcrypto.so (found version "3.0.2")  
[10.724s] -- Found FastRTPS: /opt/ros/humble/include  
[11.418s] -- Using RMW implementation 'rmw_fastrtps_cpp' as default
[11.679s] -- Looking for pthread.h
[12.510s] -- Looking for pthread.h - found
[12.522s] -- Performing Test CMAKE_HAVE_LIBC_PTHREAD
[13.363s] -- Performing Test CMAKE_HAVE_LIBC_PTHREAD - Success
[13.377s] -- Found Threads: TRUE  
[13.808s] -- Found sensor_msgs: 4.8.0 (/opt/ros/humble/share/sensor_msgs/cmake)
[13.989s] -- Found ament_lint_auto: 0.12.12 (/opt/ros/humble/share/ament_lint_auto/cmake)
[14.944s] -- Added test 'copyright' to check source files copyright and LICENSE
[14.972s] -- Added test 'cppcheck' to perform static code analysis on C / C++ code
[14.973s] -- Configured cppcheck include dirs: 
[14.973s] -- Configured cppcheck exclude dirs and/or files: 
[14.988s] -- Added test 'cpplint' to check C / C++ code against the Google style
[14.988s] -- Configured cpplint exclude dirs and/or files: 
[14.993s] -- Added test 'flake8' to check Python code syntax and style conventions
[14.999s] -- Added test 'lint_cmake' to check CMake code style
[15.004s] -- Added test 'pep257' to check Python code against some of the docstring style conventions in PEP 257
[15.018s] -- Added test 'uncrustify' to check C / C++ code style
[15.019s] -- Configured uncrustify additional arguments: 
[15.024s] -- Added test 'xmllint' to check XML markup files
[15.036s] -- Configuring done
[15.133s] -- Generating done
[15.168s] -- Build files have been written to: /home/emackinnon1/interbotix_ws/build/interbotix_xsarm_joy
[15.217s] Invoked command in '/home/emackinnon1/interbotix_ws/build/interbotix_xsarm_joy' returned '0': AMENT_PREFIX_PATH=/home/emackinnon1/interbotix_ws/install/interbotix_xsarm_control:/home/emackinnon1/interbotix_ws/install/interbotix_xsarm_descriptions:/home/emackinnon1/interbotix_ws/install/interbotix_xs_modules:/home/emackinnon1/interbotix_ws/install/interbotix_xs_sdk:/home/emackinnon1/interbotix_ws/install/interbotix_xs_driver:/home/emackinnon1/interbotix_ws/install/interbotix_xs_msgs:/home/emackinnon1/interbotix_ws/install/interbotix_common_modules:/home/emackinnon1/interbotix_ws/install/dynamixel_workbench_toolbox:${AMENT_PREFIX_PATH} CMAKE_PREFIX_PATH=/home/emackinnon1/interbotix_ws/install/interbotix_xsarm_control:/home/emackinnon1/interbotix_ws/install/interbotix_xsarm_descriptions:/home/emackinnon1/interbotix_ws/install/interbotix_xs_sdk:/home/emackinnon1/interbotix_ws/install/interbotix_xs_driver:/home/emackinnon1/interbotix_ws/install/interbotix_xs_msgs:/home/emackinnon1/interbotix_ws/install/dynamixel_workbench_toolbox:/opt/ros/humble LD_LIBRARY_PATH=/home/emackinnon1/interbotix_ws/install/interbotix_xs_driver/lib:/home/emackinnon1/interbotix_ws/install/interbotix_xs_msgs/lib:/home/emackinnon1/interbotix_ws/install/dynamixel_workbench_toolbox/lib:${LD_LIBRARY_PATH} PYTHONPATH=/home/emackinnon1/interbotix_ws/install/interbotix_xs_modules/lib/python3.10/site-packages:/home/emackinnon1/interbotix_ws/install/interbotix_xs_msgs/local/lib/python3.10/dist-packages:/home/emackinnon1/interbotix_ws/install/interbotix_common_modules/lib/python3.10/site-packages:${PYTHONPATH} /usr/bin/cmake /home/emackinnon1/interbotix_ws/src/interbotix_ros_manipulators/interbotix_ros_xsarms/examples/interbotix_xsarm_joy -DCMAKE_INSTALL_PREFIX=/home/emackinnon1/interbotix_ws/install/interbotix_xsarm_joy
[15.238s] Invoking command in '/home/emackinnon1/interbotix_ws/build/interbotix_xsarm_joy': AMENT_PREFIX_PATH=/home/emackinnon1/interbotix_ws/install/interbotix_xsarm_control:/home/emackinnon1/interbotix_ws/install/interbotix_xsarm_descriptions:/home/emackinnon1/interbotix_ws/install/interbotix_xs_modules:/home/emackinnon1/interbotix_ws/install/interbotix_xs_sdk:/home/emackinnon1/interbotix_ws/install/interbotix_xs_driver:/home/emackinnon1/interbotix_ws/install/interbotix_xs_msgs:/home/emackinnon1/interbotix_ws/install/interbotix_common_modules:/home/emackinnon1/interbotix_ws/install/dynamixel_workbench_toolbox:${AMENT_PREFIX_PATH} CMAKE_PREFIX_PATH=/home/emackinnon1/interbotix_ws/install/interbotix_xsarm_control:/home/emackinnon1/interbotix_ws/install/interbotix_xsarm_descriptions:/home/emackinnon1/interbotix_ws/install/interbotix_xs_sdk:/home/emackinnon1/interbotix_ws/install/interbotix_xs_driver:/home/emackinnon1/interbotix_ws/install/interbotix_xs_msgs:/home/emackinnon1/interbotix_ws/install/dynamixel_workbench_toolbox:/opt/ros/humble LD_LIBRARY_PATH=/home/emackinnon1/interbotix_ws/install/interbotix_xs_driver/lib:/home/emackinnon1/interbotix_ws/install/interbotix_xs_msgs/lib:/home/emackinnon1/interbotix_ws/install/dynamixel_workbench_toolbox/lib:${LD_LIBRARY_PATH} PYTHONPATH=/home/emackinnon1/interbotix_ws/install/interbotix_xs_modules/lib/python3.10/site-packages:/home/emackinnon1/interbotix_ws/install/interbotix_xs_msgs/local/lib/python3.10/dist-packages:/home/emackinnon1/interbotix_ws/install/interbotix_common_modules/lib/python3.10/site-packages:${PYTHONPATH} /usr/bin/cmake --build /home/emackinnon1/interbotix_ws/build/interbotix_xsarm_joy -- -j4 -l4
[15.668s] [ 50%] [32mBuilding CXX object CMakeFiles/xsarm_joy.dir/src/xsarm_joy.cpp.o[0m
[76.686s] [100%] [32m[1mLinking CXX executable xsarm_joy[0m
[80.368s] [100%] Built target xsarm_joy
[80.455s] Invoked command in '/home/emackinnon1/interbotix_ws/build/interbotix_xsarm_joy' returned '0': AMENT_PREFIX_PATH=/home/emackinnon1/interbotix_ws/install/interbotix_xsarm_control:/home/emackinnon1/interbotix_ws/install/interbotix_xsarm_descriptions:/home/emackinnon1/interbotix_ws/install/interbotix_xs_modules:/home/emackinnon1/interbotix_ws/install/interbotix_xs_sdk:/home/emackinnon1/interbotix_ws/install/interbotix_xs_driver:/home/emackinnon1/interbotix_ws/install/interbotix_xs_msgs:/home/emackinnon1/interbotix_ws/install/interbotix_common_modules:/home/emackinnon1/interbotix_ws/install/dynamixel_workbench_toolbox:${AMENT_PREFIX_PATH} CMAKE_PREFIX_PATH=/home/emackinnon1/interbotix_ws/install/interbotix_xsarm_control:/home/emackinnon1/interbotix_ws/install/interbotix_xsarm_descriptions:/home/emackinnon1/interbotix_ws/install/interbotix_xs_sdk:/home/emackinnon1/interbotix_ws/install/interbotix_xs_driver:/home/emackinnon1/interbotix_ws/install/interbotix_xs_msgs:/home/emackinnon1/interbotix_ws/install/dynamixel_workbench_toolbox:/opt/ros/humble LD_LIBRARY_PATH=/home/emackinnon1/interbotix_ws/install/interbotix_xs_driver/lib:/home/emackinnon1/interbotix_ws/install/interbotix_xs_msgs/lib:/home/emackinnon1/interbotix_ws/install/dynamixel_workbench_toolbox/lib:${LD_LIBRARY_PATH} PYTHONPATH=/home/emackinnon1/interbotix_ws/install/interbotix_xs_modules/lib/python3.10/site-packages:/home/emackinnon1/interbotix_ws/install/interbotix_xs_msgs/local/lib/python3.10/dist-packages:/home/emackinnon1/interbotix_ws/install/interbotix_common_modules/lib/python3.10/site-packages:${PYTHONPATH} /usr/bin/cmake --build /home/emackinnon1/interbotix_ws/build/interbotix_xsarm_joy -- -j4 -l4
[80.467s] Invoking command in '/home/emackinnon1/interbotix_ws/build/interbotix_xsarm_joy': AMENT_PREFIX_PATH=/home/emackinnon1/interbotix_ws/install/interbotix_xsarm_control:/home/emackinnon1/interbotix_ws/install/interbotix_xsarm_descriptions:/home/emackinnon1/interbotix_ws/install/interbotix_xs_modules:/home/emackinnon1/interbotix_ws/install/interbotix_xs_sdk:/home/emackinnon1/interbotix_ws/install/interbotix_xs_driver:/home/emackinnon1/interbotix_ws/install/interbotix_xs_msgs:/home/emackinnon1/interbotix_ws/install/interbotix_common_modules:/home/emackinnon1/interbotix_ws/install/dynamixel_workbench_toolbox:${AMENT_PREFIX_PATH} CMAKE_PREFIX_PATH=/home/emackinnon1/interbotix_ws/install/interbotix_xsarm_control:/home/emackinnon1/interbotix_ws/install/interbotix_xsarm_descriptions:/home/emackinnon1/interbotix_ws/install/interbotix_xs_sdk:/home/emackinnon1/interbotix_ws/install/interbotix_xs_driver:/home/emackinnon1/interbotix_ws/install/interbotix_xs_msgs:/home/emackinnon1/interbotix_ws/install/dynamixel_workbench_toolbox:/opt/ros/humble LD_LIBRARY_PATH=/home/emackinnon1/interbotix_ws/install/interbotix_xs_driver/lib:/home/emackinnon1/interbotix_ws/install/interbotix_xs_msgs/lib:/home/emackinnon1/interbotix_ws/install/dynamixel_workbench_toolbox/lib:${LD_LIBRARY_PATH} PYTHONPATH=/home/emackinnon1/interbotix_ws/install/interbotix_xs_modules/lib/python3.10/site-packages:/home/emackinnon1/interbotix_ws/install/interbotix_xs_msgs/local/lib/python3.10/dist-packages:/home/emackinnon1/interbotix_ws/install/interbotix_common_modules/lib/python3.10/site-packages:${PYTHONPATH} /usr/bin/cmake --install /home/emackinnon1/interbotix_ws/build/interbotix_xsarm_joy
[80.526s] -- Install configuration: ""
[80.531s] -- Installing: /home/emackinnon1/interbotix_ws/install/interbotix_xsarm_joy/lib/interbotix_xsarm_joy/xsarm_joy
[80.573s] -- Set runtime path of "/home/emackinnon1/interbotix_ws/install/interbotix_xsarm_joy/lib/interbotix_xsarm_joy/xsarm_joy" to ""
[80.576s] -- Installing: /home/emackinnon1/interbotix_ws/install/interbotix_xsarm_joy/lib/interbotix_xsarm_joy/xsarm_robot.py
[80.580s] -- Installing: /home/emackinnon1/interbotix_ws/install/interbotix_xsarm_joy/share/interbotix_xsarm_joy//config
[80.583s] -- Installing: /home/emackinnon1/interbotix_ws/install/interbotix_xsarm_joy/share/interbotix_xsarm_joy//config/modes.yaml
[80.586s] -- Installing: /home/emackinnon1/interbotix_ws/install/interbotix_xsarm_joy/share/interbotix_xsarm_joy//launch
[80.589s] -- Installing: /home/emackinnon1/interbotix_ws/install/interbotix_xsarm_joy/share/interbotix_xsarm_joy//launch/xsarm_joy.launch.py
[80.595s] -- Installing: /home/emackinnon1/interbotix_ws/install/interbotix_xsarm_joy/share/ament_index/resource_index/package_run_dependencies/interbotix_xsarm_joy
[80.600s] -- Installing: /home/emackinnon1/interbotix_ws/install/interbotix_xsarm_joy/share/ament_index/resource_index/parent_prefix_path/interbotix_xsarm_joy
[80.604s] -- Installing: /home/emackinnon1/interbotix_ws/install/interbotix_xsarm_joy/share/interbotix_xsarm_joy/environment/ament_prefix_path.sh
[80.608s] -- Installing: /home/emackinnon1/interbotix_ws/install/interbotix_xsarm_joy/share/interbotix_xsarm_joy/environment/ament_prefix_path.dsv
[80.612s] -- Installing: /home/emackinnon1/interbotix_ws/install/interbotix_xsarm_joy/share/interbotix_xsarm_joy/environment/path.sh
[80.616s] -- Installing: /home/emackinnon1/interbotix_ws/install/interbotix_xsarm_joy/share/interbotix_xsarm_joy/environment/path.dsv
[80.619s] -- Installing: /home/emackinnon1/interbotix_ws/install/interbotix_xsarm_joy/share/interbotix_xsarm_joy/local_setup.bash
[80.623s] -- Installing: /home/emackinnon1/interbotix_ws/install/interbotix_xsarm_joy/share/interbotix_xsarm_joy/local_setup.sh
[80.626s] -- Installing: /home/emackinnon1/interbotix_ws/install/interbotix_xsarm_joy/share/interbotix_xsarm_joy/local_setup.zsh
[80.630s] -- Installing: /home/emackinnon1/interbotix_ws/install/interbotix_xsarm_joy/share/interbotix_xsarm_joy/local_setup.dsv
[80.634s] -- Installing: /home/emackinnon1/interbotix_ws/install/interbotix_xsarm_joy/share/interbotix_xsarm_joy/package.dsv
[80.638s] -- Installing: /home/emackinnon1/interbotix_ws/install/interbotix_xsarm_joy/share/ament_index/resource_index/packages/interbotix_xsarm_joy
[80.642s] -- Installing: /home/emackinnon1/interbotix_ws/install/interbotix_xsarm_joy/share/interbotix_xsarm_joy/cmake/interbotix_xsarm_joyConfig.cmake
[80.646s] -- Installing: /home/emackinnon1/interbotix_ws/install/interbotix_xsarm_joy/share/interbotix_xsarm_joy/cmake/interbotix_xsarm_joyConfig-version.cmake
[80.649s] -- Installing: /home/emackinnon1/interbotix_ws/install/interbotix_xsarm_joy/share/interbotix_xsarm_joy/package.xml
[80.671s] Invoked command in '/home/emackinnon1/interbotix_ws/build/interbotix_xsarm_joy' returned '0': AMENT_PREFIX_PATH=/home/emackinnon1/interbotix_ws/install/interbotix_xsarm_control:/home/emackinnon1/interbotix_ws/install/interbotix_xsarm_descriptions:/home/emackinnon1/interbotix_ws/install/interbotix_xs_modules:/home/emackinnon1/interbotix_ws/install/interbotix_xs_sdk:/home/emackinnon1/interbotix_ws/install/interbotix_xs_driver:/home/emackinnon1/interbotix_ws/install/interbotix_xs_msgs:/home/emackinnon1/interbotix_ws/install/interbotix_common_modules:/home/emackinnon1/interbotix_ws/install/dynamixel_workbench_toolbox:${AMENT_PREFIX_PATH} CMAKE_PREFIX_PATH=/home/emackinnon1/interbotix_ws/install/interbotix_xsarm_control:/home/emackinnon1/interbotix_ws/install/interbotix_xsarm_descriptions:/home/emackinnon1/interbotix_ws/install/interbotix_xs_sdk:/home/emackinnon1/interbotix_ws/install/interbotix_xs_driver:/home/emackinnon1/interbotix_ws/install/interbotix_xs_msgs:/home/emackinnon1/interbotix_ws/install/dynamixel_workbench_toolbox:/opt/ros/humble LD_LIBRARY_PATH=/home/emackinnon1/interbotix_ws/install/interbotix_xs_driver/lib:/home/emackinnon1/interbotix_ws/install/interbotix_xs_msgs/lib:/home/emackinnon1/interbotix_ws/install/dynamixel_workbench_toolbox/lib:${LD_LIBRARY_PATH} PYTHONPATH=/home/emackinnon1/interbotix_ws/install/interbotix_xs_modules/lib/python3.10/site-packages:/home/emackinnon1/interbotix_ws/install/interbotix_xs_msgs/local/lib/python3.10/dist-packages:/home/emackinnon1/interbotix_ws/install/interbotix_common_modules/lib/python3.10/site-packages:${PYTHONPATH} /usr/bin/cmake --install /home/emackinnon1/interbotix_ws/build/interbotix_xsarm_joy
