[0.089s] Invoking command in '/home/emackinnon1/interbotix_ws/build/moveit_visual_tools': CMAKE_PREFIX_PATH=/opt/ros/humble /usr/bin/cmake /home/emackinnon1/interbotix_ws/src/moveit_visual_tools -DCMAKE_INSTALL_PREFIX=/home/emackinnon1/interbotix_ws/install/moveit_visual_tools
[0.463s] -- The C compiler identification is GNU 11.4.0
[0.838s] -- The CXX compiler identification is GNU 11.4.0
[0.893s] -- Detecting C compiler ABI info
[1.345s] -- Detecting C compiler ABI info - done
[1.377s] -- Check for working C compiler: /usr/bin/cc - skipped
[1.380s] -- Detecting C compile features
[1.383s] -- Detecting C compile features - done
[1.402s] -- Detecting CXX compiler ABI info
[2.159s] -- Detecting CXX compiler ABI info - done
[2.192s] -- Check for working CXX compiler: /usr/bin/c++ - skipped
[2.196s] -- Detecting CXX compile features
[2.200s] -- Detecting CXX compile features - done
[2.243s] -- Found moveit_common: 2.5.9 (/opt/ros/humble/share/moveit_common/cmake)
[2.279s] -- Found ament_cmake: 1.3.11 (/opt/ros/humble/share/ament_cmake/cmake)
[3.959s] -- Found Python3: /usr/bin/python3 (found version "3.10.12") found components: Interpreter 
[5.203s] [0mmoveit_visual_tools: You did not request a specific build type: Choosing 'Release' for maximum performance[0m
[5.305s] -- Found Boost: /usr/lib/aarch64-linux-gnu/cmake/Boost-1.74.0/BoostConfig.cmake (found version "1.74.0") found components: system 
[5.450s] -- Found geometry_msgs: 4.8.0 (/opt/ros/humble/share/geometry_msgs/cmake)
[5.867s] -- Found rosidl_generator_c: 3.1.6 (/opt/ros/humble/share/rosidl_generator_c/cmake)
[5.932s] -- Found rosidl_adapter: 3.1.6 (/opt/ros/humble/share/rosidl_adapter/cmake)
[6.033s] -- Found rosidl_generator_cpp: 3.1.6 (/opt/ros/humble/share/rosidl_generator_cpp/cmake)
[6.154s] -- Using all available rosidl_typesupport_c: rosidl_typesupport_fastrtps_c;rosidl_typesupport_introspection_c
[6.313s] -- Using all available rosidl_typesupport_cpp: rosidl_typesupport_fastrtps_cpp;rosidl_typesupport_introspection_cpp
[6.674s] -- Found graph_msgs: 0.2.0 (/opt/ros/humble/share/graph_msgs/cmake)
[6.810s] -- Found moveit_core: 2.5.9 (/opt/ros/humble/share/moveit_core/cmake)
[9.685s] -- Found Boost: /usr/lib/aarch64-linux-gnu/cmake/Boost-1.74.0/BoostConfig.cmake (found version "1.74.0") found components: chrono date_time filesystem iostreams program_options regex serialization system thread 
[10.166s] -- Found parameter_traits: 0.4.0 (/opt/ros/humble/share/parameter_traits/cmake)
[10.627s] -- Found rmw_implementation_cmake: 6.1.2 (/opt/ros/humble/share/rmw_implementation_cmake/cmake)
[10.684s] -- Found rmw_fastrtps_cpp: 6.2.7 (/opt/ros/humble/share/rmw_fastrtps_cpp/cmake)
[11.529s] -- Found OpenSSL: /usr/lib/aarch64-linux-gnu/libcrypto.so (found version "3.0.2")  
[11.902s] -- Found FastRTPS: /opt/ros/humble/include  
[12.730s] -- Using RMW implementation 'rmw_fastrtps_cpp' as default
[12.840s] -- Found Threads: TRUE  
[13.229s] -- Found Eigen3: TRUE (found version "3.4.0") 
[13.277s] -- Found rclcpp_lifecycle: 16.0.12 (/opt/ros/humble/share/rclcpp_lifecycle/cmake)
[13.490s] -- Found Boost: /usr/lib/aarch64-linux-gnu/cmake/Boost-1.74.0/BoostConfig.cmake (found version "1.74.0") found components: filesystem 
[14.656s] -- library: /usr/lib/aarch64-linux-gnu/libcurl.so
[15.190s] -- Ensuring Eigen3 include directory is part of orocos-kdl CMake target
[17.904s] -- Found moveit_ros_planning: 2.5.9 (/opt/ros/humble/share/moveit_ros_planning/cmake)
[17.940s] -- Found Boost: /usr/lib/aarch64-linux-gnu/cmake/Boost-1.74.0/BoostConfig.cmake (found version "1.74.0") found components: system filesystem date_time program_options thread chrono 
[18.330s] -- Found rviz_visual_tools: 4.1.4 (/opt/ros/humble/share/rviz_visual_tools/cmake)
[18.866s] -- Setting assimp_DIR to: '/opt/ros/humble/share/rviz_assimp_vendor/cmake/../../../opt/rviz_assimp_vendor/lib/cmake/assimp-4.1'
[19.117s] -- Setting OGRE_DIR to: '/opt/ros/humble/share/rviz_ogre_vendor/cmake/../../../opt/rviz_ogre_vendor/lib/OGRE/cmake'
[19.131s] -- Found OGRE
[19.137s] --   static     : OFF
[19.138s] --   components : HLMS;MeshLodGenerator;Overlay;Paging;Property;RTShaderSystem;Terrain;Volume
[19.139s] --   plugins    : Plugin_BSPSceneManager;Plugin_OctreeSceneManager;Plugin_PCZSceneManager;Plugin_ParticleFX;RenderSystem_GL;RenderSystem_GL3Plus;Codec_STBI
[19.139s] --   media      : /opt/ros/humble/opt/rviz_ogre_vendor/share/OGRE/Media
[19.140s] -- OGRE_LIBRARIES: OgreHLMS;OgreMeshLodGenerator;OgreOverlay;OgrePaging;OgreProperty;OgreRTShaderSystem;OgreTerrain;OgreVolume;OgreMain
[19.141s] -- OGRE_LIBRARY_DIRS: /opt/ros/humble/opt/rviz_ogre_vendor/lib
[19.141s] -- OGRE_PLUGINS: Plugin_BSPSceneManager;Plugin_OctreeSceneManager;Plugin_PCZSceneManager;Plugin_ParticleFX;RenderSystem_GL;RenderSystem_GL3Plus;Codec_STBI
[19.142s] -- OGRE_PLUGIN_DIR: /opt/ros/humble/opt/rviz_ogre_vendor/lib/OGRE
[19.142s] -- rviz_ogre_vendor::OgreOverlay for IMPORTED_LOCATION_RELEASE: /opt/ros/humble/opt/rviz_ogre_vendor/lib/libOgreOverlay.so
[19.149s] -- rviz_ogre_vendor::OgreOverlay for IMPORTED_LOCATION_DEBUG: /opt/ros/humble/opt/rviz_ogre_vendor/lib/libOgreOverlay.so
[19.151s] -- rviz_ogre_vendor::OgreMain for IMPORTED_LOCATION_RELEASE: /opt/ros/humble/opt/rviz_ogre_vendor/lib/libOgreMain.so
[19.151s] -- rviz_ogre_vendor::OgreMain for IMPORTED_LOCATION_DEBUG: /opt/ros/humble/opt/rviz_ogre_vendor/lib/libOgreMain.so
[19.161s] -- Could not find freeimage library
[19.346s] -- Found ZLIB: /usr/lib/aarch64-linux-gnu/libz.so (found version "1.2.11") 
[19.413s] -- Found OpenGL: /usr/lib/aarch64-linux-gnu/libOpenGL.so   
[20.853s] -- Found X11: /usr/include   
[20.856s] -- Looking for XOpenDisplay in /usr/lib/aarch64-linux-gnu/libX11.so;/usr/lib/aarch64-linux-gnu/libXext.so
[22.373s] -- Looking for XOpenDisplay in /usr/lib/aarch64-linux-gnu/libX11.so;/usr/lib/aarch64-linux-gnu/libXext.so - found
[22.379s] -- Looking for gethostbyname
[23.663s] -- Looking for gethostbyname - found
[23.664s] -- Looking for connect
[25.317s] -- Looking for connect - found
[25.318s] -- Looking for remove
[26.450s] -- Looking for remove - found
[26.462s] -- Looking for shmat
[27.797s] -- Looking for shmat - found
[27.799s] -- Looking for IceConnectionNumber in ICE
[28.761s] -- Looking for IceConnectionNumber in ICE - found
[30.435s] -- Found ament_lint_auto: 0.12.12 (/opt/ros/humble/share/ament_lint_auto/cmake)
[30.892s] -- Added test 'copyright' to check source files copyright and LICENSE
[30.918s] -- Added test 'flake8' to check Python code syntax and style conventions
[30.960s] -- Added test 'lint_cmake' to check CMake code style
[30.974s] -- Added test 'pep257' to check Python code against some of the docstring style conventions in PEP 257
[30.995s] -- Added test 'xmllint' to check XML markup files
[31.032s] -- Configuring done
[31.865s] -- Generating done
[31.952s] -- Build files have been written to: /home/emackinnon1/interbotix_ws/build/moveit_visual_tools
[32.064s] Invoked command in '/home/emackinnon1/interbotix_ws/build/moveit_visual_tools' returned '0': CMAKE_PREFIX_PATH=/opt/ros/humble /usr/bin/cmake /home/emackinnon1/interbotix_ws/src/moveit_visual_tools -DCMAKE_INSTALL_PREFIX=/home/emackinnon1/interbotix_ws/install/moveit_visual_tools
[32.066s] Invoking command in '/home/emackinnon1/interbotix_ws/build/moveit_visual_tools': CMAKE_PREFIX_PATH=/opt/ros/humble /usr/bin/cmake --build /home/emackinnon1/interbotix_ws/build/moveit_visual_tools -- -j4 -l4
[32.611s] [ 16%] [32mBuilding CXX object CMakeFiles/moveit_visual_tools.dir/src/moveit_visual_tools.cpp.o[0m
[163.273s] [ 33%] [32mBuilding CXX object CMakeFiles/moveit_visual_tools.dir/src/imarker_end_effector.cpp.o[0m
[229.112s] [ 50%] [32mBuilding CXX object CMakeFiles/moveit_visual_tools.dir/src/imarker_robot_state.cpp.o[0m
[349.851s] [ 66%] [32m[1mLinking CXX shared library libmoveit_visual_tools.so[0m
[355.027s] [ 66%] Built target moveit_visual_tools
[355.204s] [ 83%] [32mBuilding CXX object CMakeFiles/moveit_visual_tools_demo.dir/src/moveit_visual_tools_demo.cpp.o[0m
[433.295s] [100%] [32m[1mLinking CXX executable moveit_visual_tools_demo[0m
[437.165s] [100%] Built target moveit_visual_tools_demo
[437.251s] Invoked command in '/home/emackinnon1/interbotix_ws/build/moveit_visual_tools' returned '0': CMAKE_PREFIX_PATH=/opt/ros/humble /usr/bin/cmake --build /home/emackinnon1/interbotix_ws/build/moveit_visual_tools -- -j4 -l4
[437.254s] Invoking command in '/home/emackinnon1/interbotix_ws/build/moveit_visual_tools': CMAKE_PREFIX_PATH=/opt/ros/humble /usr/bin/cmake --install /home/emackinnon1/interbotix_ws/build/moveit_visual_tools
[437.377s] -- Install configuration: "Release"
[437.378s] -- Installing: /home/emackinnon1/interbotix_ws/install/moveit_visual_tools/share/moveit_visual_tools/environment/library_path.sh
[437.380s] -- Installing: /home/emackinnon1/interbotix_ws/install/moveit_visual_tools/share/moveit_visual_tools/environment/library_path.dsv
[437.393s] -- Installing: /home/emackinnon1/interbotix_ws/install/moveit_visual_tools/lib/libmoveit_visual_tools.so
[437.415s] -- Set runtime path of "/home/emackinnon1/interbotix_ws/install/moveit_visual_tools/lib/libmoveit_visual_tools.so" to ""
[437.419s] -- Installing: /home/emackinnon1/interbotix_ws/install/moveit_visual_tools/lib/moveit_visual_tools/moveit_visual_tools_demo
[437.423s] -- Set runtime path of "/home/emackinnon1/interbotix_ws/install/moveit_visual_tools/lib/moveit_visual_tools/moveit_visual_tools_demo" to ""
[437.425s] -- Installing: /home/emackinnon1/interbotix_ws/install/moveit_visual_tools/include
[437.426s] -- Installing: /home/emackinnon1/interbotix_ws/install/moveit_visual_tools/include/moveit_visual_tools
[437.426s] -- Installing: /home/emackinnon1/interbotix_ws/install/moveit_visual_tools/include/moveit_visual_tools/moveit_visual_tools.h
[437.428s] -- Installing: /home/emackinnon1/interbotix_ws/install/moveit_visual_tools/include/moveit_visual_tools/imarker_robot_state.h
[437.430s] -- Installing: /home/emackinnon1/interbotix_ws/install/moveit_visual_tools/include/moveit_visual_tools/imarker_end_effector.h
[437.431s] -- Installing: /home/emackinnon1/interbotix_ws/install/moveit_visual_tools/share/moveit_visual_tools/launch
[437.434s] -- Installing: /home/emackinnon1/interbotix_ws/install/moveit_visual_tools/share/moveit_visual_tools/launch/demo_rviz.launch.py
[437.435s] -- Installing: /home/emackinnon1/interbotix_ws/install/moveit_visual_tools/share/moveit_visual_tools/launch/demo.rviz
[437.436s] -- Installing: /home/emackinnon1/interbotix_ws/install/moveit_visual_tools/share/moveit_visual_tools/resources
[437.438s] -- Installing: /home/emackinnon1/interbotix_ws/install/moveit_visual_tools/share/moveit_visual_tools/resources/rrbot.srdf
[437.452s] -- Installing: /home/emackinnon1/interbotix_ws/install/moveit_visual_tools/share/moveit_visual_tools/resources/demo.png
[437.452s] -- Installing: /home/emackinnon1/interbotix_ws/install/moveit_visual_tools/share/moveit_visual_tools/resources/rrbot.urdf
[437.453s] -- Installing: /home/emackinnon1/interbotix_ws/install/moveit_visual_tools/share/moveit_visual_tools/resources/demo_mesh.stl
[437.454s] -- Installing: /home/emackinnon1/interbotix_ws/install/moveit_visual_tools/share/moveit_visual_tools/resources/screenshot.png
[437.464s] -- Installing: /home/emackinnon1/interbotix_ws/install/moveit_visual_tools/share/ament_index/resource_index/package_run_dependencies/moveit_visual_tools
[437.468s] -- Installing: /home/emackinnon1/interbotix_ws/install/moveit_visual_tools/share/ament_index/resource_index/parent_prefix_path/moveit_visual_tools
[437.473s] -- Installing: /home/emackinnon1/interbotix_ws/install/moveit_visual_tools/share/moveit_visual_tools/environment/ament_prefix_path.sh
[437.490s] -- Installing: /home/emackinnon1/interbotix_ws/install/moveit_visual_tools/share/moveit_visual_tools/environment/ament_prefix_path.dsv
[437.491s] -- Installing: /home/emackinnon1/interbotix_ws/install/moveit_visual_tools/share/moveit_visual_tools/environment/path.sh
[437.491s] -- Installing: /home/emackinnon1/interbotix_ws/install/moveit_visual_tools/share/moveit_visual_tools/environment/path.dsv
[437.492s] -- Installing: /home/emackinnon1/interbotix_ws/install/moveit_visual_tools/share/moveit_visual_tools/local_setup.bash
[437.496s] -- Installing: /home/emackinnon1/interbotix_ws/install/moveit_visual_tools/share/moveit_visual_tools/local_setup.sh
[437.497s] -- Installing: /home/emackinnon1/interbotix_ws/install/moveit_visual_tools/share/moveit_visual_tools/local_setup.zsh
[437.501s] -- Installing: /home/emackinnon1/interbotix_ws/install/moveit_visual_tools/share/moveit_visual_tools/local_setup.dsv
[437.502s] -- Installing: /home/emackinnon1/interbotix_ws/install/moveit_visual_tools/share/moveit_visual_tools/package.dsv
[437.503s] -- Installing: /home/emackinnon1/interbotix_ws/install/moveit_visual_tools/share/ament_index/resource_index/packages/moveit_visual_tools
[437.503s] -- Installing: /home/emackinnon1/interbotix_ws/install/moveit_visual_tools/share/moveit_visual_tools/cmake/export_moveit_visual_toolsExport.cmake
[437.513s] -- Installing: /home/emackinnon1/interbotix_ws/install/moveit_visual_tools/share/moveit_visual_tools/cmake/export_moveit_visual_toolsExport-release.cmake
[437.518s] -- Installing: /home/emackinnon1/interbotix_ws/install/moveit_visual_tools/share/moveit_visual_tools/cmake/ament_cmake_export_targets-extras.cmake
[437.519s] -- Installing: /home/emackinnon1/interbotix_ws/install/moveit_visual_tools/share/moveit_visual_tools/cmake/ament_cmake_export_dependencies-extras.cmake
[437.519s] -- Installing: /home/emackinnon1/interbotix_ws/install/moveit_visual_tools/share/moveit_visual_tools/cmake/moveit_visual_toolsConfig.cmake
[437.520s] -- Installing: /home/emackinnon1/interbotix_ws/install/moveit_visual_tools/share/moveit_visual_tools/cmake/moveit_visual_toolsConfig-version.cmake
[437.524s] -- Installing: /home/emackinnon1/interbotix_ws/install/moveit_visual_tools/share/moveit_visual_tools/package.xml
[437.535s] Invoked command in '/home/emackinnon1/interbotix_ws/build/moveit_visual_tools' returned '0': CMAKE_PREFIX_PATH=/opt/ros/humble /usr/bin/cmake --install /home/emackinnon1/interbotix_ws/build/moveit_visual_tools
