[1.949s] Invoking command in '/home/emackinnon1/interbotix_ws/build/interbotix_xs_rviz': AMENT_PREFIX_PATH=/home/emackinnon1/interbotix_ws/install/interbotix_xs_sdk:/home/emackinnon1/interbotix_ws/install/interbotix_xs_driver:/home/emackinnon1/interbotix_ws/install/interbotix_xs_msgs:/home/emackinnon1/interbotix_ws/install/dynamixel_workbench_toolbox:${AMENT_PREFIX_PATH} CMAKE_PREFIX_PATH=/home/emackinnon1/interbotix_ws/install/interbotix_xs_sdk:/home/emackinnon1/interbotix_ws/install/interbotix_xs_driver:/home/emackinnon1/interbotix_ws/install/interbotix_xs_msgs:/home/emackinnon1/interbotix_ws/install/dynamixel_workbench_toolbox:/opt/ros/humble LD_LIBRARY_PATH=/home/emackinnon1/interbotix_ws/install/interbotix_xs_driver/lib:/home/emackinnon1/interbotix_ws/install/interbotix_xs_msgs/lib:/home/emackinnon1/interbotix_ws/install/dynamixel_workbench_toolbox/lib:${LD_LIBRARY_PATH} PYTHONPATH=/home/emackinnon1/interbotix_ws/install/interbotix_xs_msgs/local/lib/python3.10/dist-packages:${PYTHONPATH} /usr/bin/cmake /home/emackinnon1/interbotix_ws/src/interbotix_ros_toolboxes/interbotix_xs_toolbox/interbotix_xs_rviz -DCMAKE_INSTALL_PREFIX=/home/emackinnon1/interbotix_ws/install/interbotix_xs_rviz
[2.353s] -- The C compiler identification is GNU 11.4.0
[2.771s] -- The CXX compiler identification is GNU 11.4.0
[2.812s] -- Detecting C compiler ABI info
[3.305s] -- Detecting C compiler ABI info - done
[3.347s] -- Check for working C compiler: /usr/bin/cc - skipped
[3.348s] -- Detecting C compile features
[3.354s] -- Detecting C compile features - done
[3.370s] -- Detecting CXX compiler ABI info
[3.876s] -- Detecting CXX compiler ABI info - done
[3.911s] -- Check for working CXX compiler: /usr/bin/c++ - skipped
[3.912s] -- Detecting CXX compile features
[3.915s] -- Detecting CXX compile features - done
[3.961s] -- Found ament_cmake: 1.3.11 (/opt/ros/humble/share/ament_cmake/cmake)
[5.129s] -- Found Python3: /usr/bin/python3 (found version "3.10.12") found components: Interpreter 
[6.242s] -- Found pluginlib: 5.1.0 (/opt/ros/humble/share/pluginlib/cmake)
[7.038s] -- Found rclcpp: 16.0.12 (/opt/ros/humble/share/rclcpp/cmake)
[7.460s] -- Found rosidl_generator_c: 3.1.6 (/opt/ros/humble/share/rosidl_generator_c/cmake)
[7.545s] -- Found rosidl_adapter: 3.1.6 (/opt/ros/humble/share/rosidl_adapter/cmake)
[7.646s] -- Found rosidl_generator_cpp: 3.1.6 (/opt/ros/humble/share/rosidl_generator_cpp/cmake)
[7.764s] -- Using all available rosidl_typesupport_c: rosidl_typesupport_fastrtps_c;rosidl_typesupport_introspection_c
[7.890s] -- Using all available rosidl_typesupport_cpp: rosidl_typesupport_fastrtps_cpp;rosidl_typesupport_introspection_cpp
[8.408s] -- Found rmw_implementation_cmake: 6.1.2 (/opt/ros/humble/share/rmw_implementation_cmake/cmake)
[8.446s] -- Found rmw_fastrtps_cpp: 6.2.7 (/opt/ros/humble/share/rmw_fastrtps_cpp/cmake)
[8.719s] -- Found TinyXML2 via Config file: TinyXML2_DIR-NOTFOUND
[9.026s] -- Found OpenSSL: /usr/lib/aarch64-linux-gnu/libcrypto.so (found version "3.0.2")  
[9.042s] -- Found TinyXML2 via Config file: TinyXML2_DIR-NOTFOUND
[9.136s] -- Found FastRTPS: /opt/ros/humble/include  
[9.155s] -- Found TinyXML2 via Config file: TinyXML2_DIR-NOTFOUND
[9.195s] -- Found TinyXML2 via Config file: TinyXML2_DIR-NOTFOUND
[9.240s] -- Using RMW implementation 'rmw_fastrtps_cpp' as default
[9.366s] -- Looking for pthread.h
[9.795s] -- Looking for pthread.h - found
[9.809s] -- Performing Test CMAKE_HAVE_LIBC_PTHREAD
[10.247s] -- Performing Test CMAKE_HAVE_LIBC_PTHREAD - Success
[10.255s] -- Found Threads: TRUE  
[10.685s] -- Found rviz_common: 11.2.17 (/opt/ros/humble/share/rviz_common/cmake)
[10.767s] -- Setting assimp_DIR to: '/opt/ros/humble/share/rviz_assimp_vendor/cmake/../../../opt/rviz_assimp_vendor/lib/cmake/assimp-4.1'
[10.882s] -- Setting OGRE_DIR to: '/opt/ros/humble/share/rviz_ogre_vendor/cmake/../../../opt/rviz_ogre_vendor/lib/OGRE/cmake'
[10.889s] -- Found OGRE
[10.889s] --   static     : OFF
[10.890s] --   components : HLMS;MeshLodGenerator;Overlay;Paging;Property;RTShaderSystem;Terrain;Volume
[10.892s] --   plugins    : Plugin_BSPSceneManager;Plugin_OctreeSceneManager;Plugin_PCZSceneManager;Plugin_ParticleFX;RenderSystem_GL;RenderSystem_GL3Plus;Codec_STBI
[10.893s] --   media      : /opt/ros/humble/opt/rviz_ogre_vendor/share/OGRE/Media
[10.893s] -- OGRE_LIBRARIES: OgreHLMS;OgreMeshLodGenerator;OgreOverlay;OgrePaging;OgreProperty;OgreRTShaderSystem;OgreTerrain;OgreVolume;OgreMain
[10.894s] -- OGRE_LIBRARY_DIRS: /opt/ros/humble/opt/rviz_ogre_vendor/lib
[10.895s] -- OGRE_PLUGINS: Plugin_BSPSceneManager;Plugin_OctreeSceneManager;Plugin_PCZSceneManager;Plugin_ParticleFX;RenderSystem_GL;RenderSystem_GL3Plus;Codec_STBI
[10.896s] -- OGRE_PLUGIN_DIR: /opt/ros/humble/opt/rviz_ogre_vendor/lib/OGRE
[10.896s] -- rviz_ogre_vendor::OgreOverlay for IMPORTED_LOCATION_RELEASE: /opt/ros/humble/opt/rviz_ogre_vendor/lib/libOgreOverlay.so
[10.897s] -- rviz_ogre_vendor::OgreOverlay for IMPORTED_LOCATION_DEBUG: /opt/ros/humble/opt/rviz_ogre_vendor/lib/libOgreOverlay.so
[10.898s] -- rviz_ogre_vendor::OgreMain for IMPORTED_LOCATION_RELEASE: /opt/ros/humble/opt/rviz_ogre_vendor/lib/libOgreMain.so
[10.898s] -- rviz_ogre_vendor::OgreMain for IMPORTED_LOCATION_DEBUG: /opt/ros/humble/opt/rviz_ogre_vendor/lib/libOgreMain.so
[10.899s] -- Could not find freeimage library
[10.981s] -- Found ZLIB: /usr/lib/aarch64-linux-gnu/libz.so (found version "1.2.11") 
[11.004s] -- Found OpenGL: /usr/lib/aarch64-linux-gnu/libOpenGL.so   
[11.524s] -- Found X11: /usr/include   
[11.526s] -- Looking for XOpenDisplay in /usr/lib/aarch64-linux-gnu/libX11.so;/usr/lib/aarch64-linux-gnu/libXext.so
[11.941s] -- Looking for XOpenDisplay in /usr/lib/aarch64-linux-gnu/libX11.so;/usr/lib/aarch64-linux-gnu/libXext.so - found
[11.942s] -- Looking for gethostbyname
[12.349s] -- Looking for gethostbyname - found
[12.349s] -- Looking for connect
[12.734s] -- Looking for connect - found
[12.736s] -- Looking for remove
[13.140s] -- Looking for remove - found
[13.140s] -- Looking for shmat
[13.540s] -- Looking for shmat - found
[13.541s] -- Looking for IceConnectionNumber in ICE
[13.930s] -- Looking for IceConnectionNumber in ICE - found
[14.671s] -- library: /usr/lib/aarch64-linux-gnu/libcurl.so
[15.081s] -- Found Eigen3: TRUE (found version "3.4.0") 
[15.082s] -- Ensuring Eigen3 include directory is part of orocos-kdl CMake target
[15.991s] -- Found interbotix_xs_msgs: 0.0.0 (/home/emackinnon1/interbotix_ws/install/interbotix_xs_msgs/share/interbotix_xs_msgs/cmake)
[16.248s] -- Found ament_lint_auto: 0.12.12 (/opt/ros/humble/share/ament_lint_auto/cmake)
[16.978s] -- Added test 'copyright' to check source files copyright and LICENSE
[16.998s] -- Added test 'cppcheck' to perform static code analysis on C / C++ code
[16.999s] -- Configured cppcheck include dirs: /home/emackinnon1/interbotix_ws/src/interbotix_ros_toolboxes/interbotix_xs_toolbox/interbotix_xs_rviz/include
[17.000s] -- Configured cppcheck exclude dirs and/or files: 
[17.018s] -- Added test 'cpplint' to check C / C++ code against the Google style
[17.019s] -- Configured cpplint exclude dirs and/or files: 
[17.028s] -- Added test 'lint_cmake' to check CMake code style
[17.050s] -- Added test 'uncrustify' to check C / C++ code style
[17.051s] -- Configured uncrustify additional arguments: 
[17.055s] -- Added test 'xmllint' to check XML markup files
[17.078s] -- Configuring done
[17.279s] -- Generating done
[17.304s] -- Build files have been written to: /home/emackinnon1/interbotix_ws/build/interbotix_xs_rviz
[17.371s] Invoked command in '/home/emackinnon1/interbotix_ws/build/interbotix_xs_rviz' returned '0': AMENT_PREFIX_PATH=/home/emackinnon1/interbotix_ws/install/interbotix_xs_sdk:/home/emackinnon1/interbotix_ws/install/interbotix_xs_driver:/home/emackinnon1/interbotix_ws/install/interbotix_xs_msgs:/home/emackinnon1/interbotix_ws/install/dynamixel_workbench_toolbox:${AMENT_PREFIX_PATH} CMAKE_PREFIX_PATH=/home/emackinnon1/interbotix_ws/install/interbotix_xs_sdk:/home/emackinnon1/interbotix_ws/install/interbotix_xs_driver:/home/emackinnon1/interbotix_ws/install/interbotix_xs_msgs:/home/emackinnon1/interbotix_ws/install/dynamixel_workbench_toolbox:/opt/ros/humble LD_LIBRARY_PATH=/home/emackinnon1/interbotix_ws/install/interbotix_xs_driver/lib:/home/emackinnon1/interbotix_ws/install/interbotix_xs_msgs/lib:/home/emackinnon1/interbotix_ws/install/dynamixel_workbench_toolbox/lib:${LD_LIBRARY_PATH} PYTHONPATH=/home/emackinnon1/interbotix_ws/install/interbotix_xs_msgs/local/lib/python3.10/dist-packages:${PYTHONPATH} /usr/bin/cmake /home/emackinnon1/interbotix_ws/src/interbotix_ros_toolboxes/interbotix_xs_toolbox/interbotix_xs_rviz -DCMAKE_INSTALL_PREFIX=/home/emackinnon1/interbotix_ws/install/interbotix_xs_rviz
[17.385s] Invoking command in '/home/emackinnon1/interbotix_ws/build/interbotix_xs_rviz': AMENT_PREFIX_PATH=/home/emackinnon1/interbotix_ws/install/interbotix_xs_sdk:/home/emackinnon1/interbotix_ws/install/interbotix_xs_driver:/home/emackinnon1/interbotix_ws/install/interbotix_xs_msgs:/home/emackinnon1/interbotix_ws/install/dynamixel_workbench_toolbox:${AMENT_PREFIX_PATH} CMAKE_PREFIX_PATH=/home/emackinnon1/interbotix_ws/install/interbotix_xs_sdk:/home/emackinnon1/interbotix_ws/install/interbotix_xs_driver:/home/emackinnon1/interbotix_ws/install/interbotix_xs_msgs:/home/emackinnon1/interbotix_ws/install/dynamixel_workbench_toolbox:/opt/ros/humble LD_LIBRARY_PATH=/home/emackinnon1/interbotix_ws/install/interbotix_xs_driver/lib:/home/emackinnon1/interbotix_ws/install/interbotix_xs_msgs/lib:/home/emackinnon1/interbotix_ws/install/dynamixel_workbench_toolbox/lib:${LD_LIBRARY_PATH} PYTHONPATH=/home/emackinnon1/interbotix_ws/install/interbotix_xs_msgs/local/lib/python3.10/dist-packages:${PYTHONPATH} /usr/bin/cmake --build /home/emackinnon1/interbotix_ws/build/interbotix_xs_rviz -- -j4 -l4
[17.679s] [ 20%] [34m[1mAutomatic MOC for target interbotix_xs_rviz[0m
[20.209s] [ 20%] Built target interbotix_xs_rviz_autogen
[20.268s] [ 40%] [34m[1mGenerating ui_interbotix_control_panel.h[0m
[20.437s] [ 60%] [32mBuilding CXX object CMakeFiles/interbotix_xs_rviz.dir/interbotix_xs_rviz_autogen/mocs_compilation.cpp.o[0m
[20.464s] [ 80%] [32mBuilding CXX object CMakeFiles/interbotix_xs_rviz.dir/src/interbotix_control_panel.cpp.o[0m
[103.083s] [100%] [32m[1mLinking CXX shared library libinterbotix_xs_rviz.so[0m
[118.577s] [100%] Built target interbotix_xs_rviz
[118.637s] Invoked command in '/home/emackinnon1/interbotix_ws/build/interbotix_xs_rviz' returned '0': AMENT_PREFIX_PATH=/home/emackinnon1/interbotix_ws/install/interbotix_xs_sdk:/home/emackinnon1/interbotix_ws/install/interbotix_xs_driver:/home/emackinnon1/interbotix_ws/install/interbotix_xs_msgs:/home/emackinnon1/interbotix_ws/install/dynamixel_workbench_toolbox:${AMENT_PREFIX_PATH} CMAKE_PREFIX_PATH=/home/emackinnon1/interbotix_ws/install/interbotix_xs_sdk:/home/emackinnon1/interbotix_ws/install/interbotix_xs_driver:/home/emackinnon1/interbotix_ws/install/interbotix_xs_msgs:/home/emackinnon1/interbotix_ws/install/dynamixel_workbench_toolbox:/opt/ros/humble LD_LIBRARY_PATH=/home/emackinnon1/interbotix_ws/install/interbotix_xs_driver/lib:/home/emackinnon1/interbotix_ws/install/interbotix_xs_msgs/lib:/home/emackinnon1/interbotix_ws/install/dynamixel_workbench_toolbox/lib:${LD_LIBRARY_PATH} PYTHONPATH=/home/emackinnon1/interbotix_ws/install/interbotix_xs_msgs/local/lib/python3.10/dist-packages:${PYTHONPATH} /usr/bin/cmake --build /home/emackinnon1/interbotix_ws/build/interbotix_xs_rviz -- -j4 -l4
[118.649s] Invoking command in '/home/emackinnon1/interbotix_ws/build/interbotix_xs_rviz': AMENT_PREFIX_PATH=/home/emackinnon1/interbotix_ws/install/interbotix_xs_sdk:/home/emackinnon1/interbotix_ws/install/interbotix_xs_driver:/home/emackinnon1/interbotix_ws/install/interbotix_xs_msgs:/home/emackinnon1/interbotix_ws/install/dynamixel_workbench_toolbox:${AMENT_PREFIX_PATH} CMAKE_PREFIX_PATH=/home/emackinnon1/interbotix_ws/install/interbotix_xs_sdk:/home/emackinnon1/interbotix_ws/install/interbotix_xs_driver:/home/emackinnon1/interbotix_ws/install/interbotix_xs_msgs:/home/emackinnon1/interbotix_ws/install/dynamixel_workbench_toolbox:/opt/ros/humble LD_LIBRARY_PATH=/home/emackinnon1/interbotix_ws/install/interbotix_xs_driver/lib:/home/emackinnon1/interbotix_ws/install/interbotix_xs_msgs/lib:/home/emackinnon1/interbotix_ws/install/dynamixel_workbench_toolbox/lib:${LD_LIBRARY_PATH} PYTHONPATH=/home/emackinnon1/interbotix_ws/install/interbotix_xs_msgs/local/lib/python3.10/dist-packages:${PYTHONPATH} /usr/bin/cmake --install /home/emackinnon1/interbotix_ws/build/interbotix_xs_rviz
[118.688s] -- Install configuration: ""
[118.689s] -- Installing: /home/emackinnon1/interbotix_ws/install/interbotix_xs_rviz/share/interbotix_xs_rviz/plugin_description.xml
[118.692s] -- Installing: /home/emackinnon1/interbotix_ws/install/interbotix_xs_rviz/lib/libinterbotix_xs_rviz.so
[118.750s] -- Set runtime path of "/home/emackinnon1/interbotix_ws/install/interbotix_xs_rviz/lib/libinterbotix_xs_rviz.so" to ""
[118.751s] -- Installing: /home/emackinnon1/interbotix_ws/install/interbotix_xs_rviz/include/
[118.753s] -- Installing: /home/emackinnon1/interbotix_ws/install/interbotix_xs_rviz/include//interbotix_xs_rviz
[118.753s] -- Installing: /home/emackinnon1/interbotix_ws/install/interbotix_xs_rviz/include//interbotix_xs_rviz/interbotix_control_panel.hpp
[118.754s] -- Installing: /home/emackinnon1/interbotix_ws/install/interbotix_xs_rviz/include//interbotix_xs_rviz/xs_register_descriptions.hpp
[118.756s] -- Installing: /home/emackinnon1/interbotix_ws/install/interbotix_xs_rviz/share/interbotix_xs_rviz//icons
[118.757s] -- Installing: /home/emackinnon1/interbotix_ws/install/interbotix_xs_rviz/share/interbotix_xs_rviz//icons/classes
[118.758s] -- Installing: /home/emackinnon1/interbotix_ws/install/interbotix_xs_rviz/share/interbotix_xs_rviz//icons/classes/Interbotix Control Panel.png
[118.761s] -- Installing: /home/emackinnon1/interbotix_ws/install/interbotix_xs_rviz/share/interbotix_xs_rviz/environment/library_path.sh
[118.762s] -- Installing: /home/emackinnon1/interbotix_ws/install/interbotix_xs_rviz/share/interbotix_xs_rviz/environment/library_path.dsv
[118.765s] -- Installing: /home/emackinnon1/interbotix_ws/install/interbotix_xs_rviz/share/ament_index/resource_index/package_run_dependencies/interbotix_xs_rviz
[118.767s] -- Installing: /home/emackinnon1/interbotix_ws/install/interbotix_xs_rviz/share/ament_index/resource_index/parent_prefix_path/interbotix_xs_rviz
[118.768s] -- Installing: /home/emackinnon1/interbotix_ws/install/interbotix_xs_rviz/share/interbotix_xs_rviz/environment/ament_prefix_path.sh
[118.770s] -- Installing: /home/emackinnon1/interbotix_ws/install/interbotix_xs_rviz/share/interbotix_xs_rviz/environment/ament_prefix_path.dsv
[118.771s] -- Installing: /home/emackinnon1/interbotix_ws/install/interbotix_xs_rviz/share/interbotix_xs_rviz/environment/path.sh
[118.773s] -- Installing: /home/emackinnon1/interbotix_ws/install/interbotix_xs_rviz/share/interbotix_xs_rviz/environment/path.dsv
[118.779s] -- Installing: /home/emackinnon1/interbotix_ws/install/interbotix_xs_rviz/share/interbotix_xs_rviz/local_setup.bash
[118.780s] -- Installing: /home/emackinnon1/interbotix_ws/install/interbotix_xs_rviz/share/interbotix_xs_rviz/local_setup.sh
[118.781s] -- Installing: /home/emackinnon1/interbotix_ws/install/interbotix_xs_rviz/share/interbotix_xs_rviz/local_setup.zsh
[118.782s] -- Installing: /home/emackinnon1/interbotix_ws/install/interbotix_xs_rviz/share/interbotix_xs_rviz/local_setup.dsv
[118.783s] -- Installing: /home/emackinnon1/interbotix_ws/install/interbotix_xs_rviz/share/interbotix_xs_rviz/package.dsv
[118.784s] -- Installing: /home/emackinnon1/interbotix_ws/install/interbotix_xs_rviz/share/ament_index/resource_index/packages/interbotix_xs_rviz
[118.787s] -- Installing: /home/emackinnon1/interbotix_ws/install/interbotix_xs_rviz/share/ament_index/resource_index/rviz_common__pluginlib__plugin/interbotix_xs_rviz
[118.789s] -- Installing: /home/emackinnon1/interbotix_ws/install/interbotix_xs_rviz/share/interbotix_xs_rviz/cmake/interbotix_xs_rvizExport.cmake
[118.791s] -- Installing: /home/emackinnon1/interbotix_ws/install/interbotix_xs_rviz/share/interbotix_xs_rviz/cmake/interbotix_xs_rvizExport-noconfig.cmake
[118.793s] -- Installing: /home/emackinnon1/interbotix_ws/install/interbotix_xs_rviz/share/interbotix_xs_rviz/cmake/ament_cmake_export_targets-extras.cmake
[118.795s] -- Installing: /home/emackinnon1/interbotix_ws/install/interbotix_xs_rviz/share/interbotix_xs_rviz/cmake/ament_cmake_export_dependencies-extras.cmake
[118.797s] -- Installing: /home/emackinnon1/interbotix_ws/install/interbotix_xs_rviz/share/interbotix_xs_rviz/cmake/interbotix_xs_rvizConfig.cmake
[118.798s] -- Installing: /home/emackinnon1/interbotix_ws/install/interbotix_xs_rviz/share/interbotix_xs_rviz/cmake/interbotix_xs_rvizConfig-version.cmake
[118.809s] -- Installing: /home/emackinnon1/interbotix_ws/install/interbotix_xs_rviz/share/interbotix_xs_rviz/package.xml
[118.818s] Invoked command in '/home/emackinnon1/interbotix_ws/build/interbotix_xs_rviz' returned '0': AMENT_PREFIX_PATH=/home/emackinnon1/interbotix_ws/install/interbotix_xs_sdk:/home/emackinnon1/interbotix_ws/install/interbotix_xs_driver:/home/emackinnon1/interbotix_ws/install/interbotix_xs_msgs:/home/emackinnon1/interbotix_ws/install/dynamixel_workbench_toolbox:${AMENT_PREFIX_PATH} CMAKE_PREFIX_PATH=/home/emackinnon1/interbotix_ws/install/interbotix_xs_sdk:/home/emackinnon1/interbotix_ws/install/interbotix_xs_driver:/home/emackinnon1/interbotix_ws/install/interbotix_xs_msgs:/home/emackinnon1/interbotix_ws/install/dynamixel_workbench_toolbox:/opt/ros/humble LD_LIBRARY_PATH=/home/emackinnon1/interbotix_ws/install/interbotix_xs_driver/lib:/home/emackinnon1/interbotix_ws/install/interbotix_xs_msgs/lib:/home/emackinnon1/interbotix_ws/install/dynamixel_workbench_toolbox/lib:${LD_LIBRARY_PATH} PYTHONPATH=/home/emackinnon1/interbotix_ws/install/interbotix_xs_msgs/local/lib/python3.10/dist-packages:${PYTHONPATH} /usr/bin/cmake --install /home/emackinnon1/interbotix_ws/build/interbotix_xs_rviz
