[5.335s] Invoking command in '/home/emackinnon1/interbotix_ws/src/interbotix_ros_toolboxes/interbotix_common_toolbox/interbotix_common_modules': PYTHONPATH=/home/emackinnon1/interbotix_ws/build/interbotix_common_modules/prefix_override:/usr/lib/python3/dist-packages/colcon_core/task/python/colcon_distutils_commands:/home/emackinnon1/interbotix_ws/install/interbotix_common_modules/lib/python3.10/site-packages:${PYTHONPATH} /usr/bin/python3 -W ignore:setup.py install is deprecated -W ignore:easy_install command is deprecated setup.py egg_info --egg-base ../../../../build/interbotix_common_modules build --build-base /home/emackinnon1/interbotix_ws/build/interbotix_common_modules/build install --record /home/emackinnon1/interbotix_ws/build/interbotix_common_modules/install.log --single-version-externally-managed install_data
[7.331s] running egg_info
[7.335s] creating ../../../../build/interbotix_common_modules/interbotix_common_modules.egg-info
[7.337s] writing ../../../../build/interbotix_common_modules/interbotix_common_modules.egg-info/PKG-INFO
[7.341s] writing dependency_links to ../../../../build/interbotix_common_modules/interbotix_common_modules.egg-info/dependency_links.txt
[7.342s] writing entry points to ../../../../build/interbotix_common_modules/interbotix_common_modules.egg-info/entry_points.txt
[7.344s] writing requirements to ../../../../build/interbotix_common_modules/interbotix_common_modules.egg-info/requires.txt
[7.345s] writing top-level names to ../../../../build/interbotix_common_modules/interbotix_common_modules.egg-info/top_level.txt
[7.345s] writing manifest file '../../../../build/interbotix_common_modules/interbotix_common_modules.egg-info/SOURCES.txt'
[7.366s] reading manifest file '../../../../build/interbotix_common_modules/interbotix_common_modules.egg-info/SOURCES.txt'
[7.372s] writing manifest file '../../../../build/interbotix_common_modules/interbotix_common_modules.egg-info/SOURCES.txt'
[7.373s] running build
[7.374s] running build_py
[7.375s] creating /home/emackinnon1/interbotix_ws/build/interbotix_common_modules/build
[7.375s] creating /home/emackinnon1/interbotix_ws/build/interbotix_common_modules/build/lib
[7.376s] creating /home/emackinnon1/interbotix_ws/build/interbotix_common_modules/build/lib/interbotix_common_modules
[7.376s] copying interbotix_common_modules/__init__.py -> /home/emackinnon1/interbotix_ws/build/interbotix_common_modules/build/lib/interbotix_common_modules
[7.380s] creating /home/emackinnon1/interbotix_ws/build/interbotix_common_modules/build/lib/interbotix_common_modules/py_common
[7.381s] copying interbotix_common_modules/py_common/params.py -> /home/emackinnon1/interbotix_ws/build/interbotix_common_modules/build/lib/interbotix_common_modules/py_common
[7.382s] copying interbotix_common_modules/py_common/__init__.py -> /home/emackinnon1/interbotix_ws/build/interbotix_common_modules/build/lib/interbotix_common_modules/py_common
[7.385s] creating /home/emackinnon1/interbotix_ws/build/interbotix_common_modules/build/lib/interbotix_common_modules/common_robot
[7.385s] copying interbotix_common_modules/common_robot/exceptions.py -> /home/emackinnon1/interbotix_ws/build/interbotix_common_modules/build/lib/interbotix_common_modules/common_robot
[7.387s] copying interbotix_common_modules/common_robot/__init__.py -> /home/emackinnon1/interbotix_ws/build/interbotix_common_modules/build/lib/interbotix_common_modules/common_robot
[7.389s] copying interbotix_common_modules/common_robot/robot.py -> /home/emackinnon1/interbotix_ws/build/interbotix_common_modules/build/lib/interbotix_common_modules/common_robot
[7.391s] creating /home/emackinnon1/interbotix_ws/build/interbotix_common_modules/build/lib/interbotix_common_modules/launch
[7.392s] copying interbotix_common_modules/launch/or_condition.py -> /home/emackinnon1/interbotix_ws/build/interbotix_common_modules/build/lib/interbotix_common_modules/launch
[7.394s] copying interbotix_common_modules/launch/and_condition.py -> /home/emackinnon1/interbotix_ws/build/interbotix_common_modules/build/lib/interbotix_common_modules/launch
[7.396s] copying interbotix_common_modules/launch/__init__.py -> /home/emackinnon1/interbotix_ws/build/interbotix_common_modules/build/lib/interbotix_common_modules/launch
[7.399s] creating /home/emackinnon1/interbotix_ws/build/interbotix_common_modules/build/lib/interbotix_common_modules/angle_manipulation
[7.400s] copying interbotix_common_modules/angle_manipulation/angle_manipulation.py -> /home/emackinnon1/interbotix_ws/build/interbotix_common_modules/build/lib/interbotix_common_modules/angle_manipulation
[7.402s] copying interbotix_common_modules/angle_manipulation/__init__.py -> /home/emackinnon1/interbotix_ws/build/interbotix_common_modules/build/lib/interbotix_common_modules/angle_manipulation
[7.407s] running install
[7.409s] running install_lib
[7.415s] creating /home/emackinnon1/interbotix_ws/install/interbotix_common_modules/lib/python3.10/site-packages/interbotix_common_modules
[7.416s] creating /home/emackinnon1/interbotix_ws/install/interbotix_common_modules/lib/python3.10/site-packages/interbotix_common_modules/py_common
[7.417s] copying /home/emackinnon1/interbotix_ws/build/interbotix_common_modules/build/lib/interbotix_common_modules/py_common/params.py -> /home/emackinnon1/interbotix_ws/install/interbotix_common_modules/lib/python3.10/site-packages/interbotix_common_modules/py_common
[7.419s] copying /home/emackinnon1/interbotix_ws/build/interbotix_common_modules/build/lib/interbotix_common_modules/py_common/__init__.py -> /home/emackinnon1/interbotix_ws/install/interbotix_common_modules/lib/python3.10/site-packages/interbotix_common_modules/py_common
[7.421s] creating /home/emackinnon1/interbotix_ws/install/interbotix_common_modules/lib/python3.10/site-packages/interbotix_common_modules/common_robot
[7.422s] copying /home/emackinnon1/interbotix_ws/build/interbotix_common_modules/build/lib/interbotix_common_modules/common_robot/exceptions.py -> /home/emackinnon1/interbotix_ws/install/interbotix_common_modules/lib/python3.10/site-packages/interbotix_common_modules/common_robot
[7.424s] copying /home/emackinnon1/interbotix_ws/build/interbotix_common_modules/build/lib/interbotix_common_modules/common_robot/__init__.py -> /home/emackinnon1/interbotix_ws/install/interbotix_common_modules/lib/python3.10/site-packages/interbotix_common_modules/common_robot
[7.425s] copying /home/emackinnon1/interbotix_ws/build/interbotix_common_modules/build/lib/interbotix_common_modules/common_robot/robot.py -> /home/emackinnon1/interbotix_ws/install/interbotix_common_modules/lib/python3.10/site-packages/interbotix_common_modules/common_robot
[7.427s] copying /home/emackinnon1/interbotix_ws/build/interbotix_common_modules/build/lib/interbotix_common_modules/__init__.py -> /home/emackinnon1/interbotix_ws/install/interbotix_common_modules/lib/python3.10/site-packages/interbotix_common_modules
[7.428s] creating /home/emackinnon1/interbotix_ws/install/interbotix_common_modules/lib/python3.10/site-packages/interbotix_common_modules/launch
[7.429s] copying /home/emackinnon1/interbotix_ws/build/interbotix_common_modules/build/lib/interbotix_common_modules/launch/or_condition.py -> /home/emackinnon1/interbotix_ws/install/interbotix_common_modules/lib/python3.10/site-packages/interbotix_common_modules/launch
[7.432s] copying /home/emackinnon1/interbotix_ws/build/interbotix_common_modules/build/lib/interbotix_common_modules/launch/and_condition.py -> /home/emackinnon1/interbotix_ws/install/interbotix_common_modules/lib/python3.10/site-packages/interbotix_common_modules/launch
[7.433s] copying /home/emackinnon1/interbotix_ws/build/interbotix_common_modules/build/lib/interbotix_common_modules/launch/__init__.py -> /home/emackinnon1/interbotix_ws/install/interbotix_common_modules/lib/python3.10/site-packages/interbotix_common_modules/launch
[7.435s] creating /home/emackinnon1/interbotix_ws/install/interbotix_common_modules/lib/python3.10/site-packages/interbotix_common_modules/angle_manipulation
[7.443s] copying /home/emackinnon1/interbotix_ws/build/interbotix_common_modules/build/lib/interbotix_common_modules/angle_manipulation/angle_manipulation.py -> /home/emackinnon1/interbotix_ws/install/interbotix_common_modules/lib/python3.10/site-packages/interbotix_common_modules/angle_manipulation
[7.444s] copying /home/emackinnon1/interbotix_ws/build/interbotix_common_modules/build/lib/interbotix_common_modules/angle_manipulation/__init__.py -> /home/emackinnon1/interbotix_ws/install/interbotix_common_modules/lib/python3.10/site-packages/interbotix_common_modules/angle_manipulation
[7.445s] byte-compiling /home/emackinnon1/interbotix_ws/install/interbotix_common_modules/lib/python3.10/site-packages/interbotix_common_modules/py_common/params.py to params.cpython-310.pyc
[7.447s] byte-compiling /home/emackinnon1/interbotix_ws/install/interbotix_common_modules/lib/python3.10/site-packages/interbotix_common_modules/py_common/__init__.py to __init__.cpython-310.pyc
[7.449s] byte-compiling /home/emackinnon1/interbotix_ws/install/interbotix_common_modules/lib/python3.10/site-packages/interbotix_common_modules/common_robot/exceptions.py to exceptions.cpython-310.pyc
[7.454s] byte-compiling /home/emackinnon1/interbotix_ws/install/interbotix_common_modules/lib/python3.10/site-packages/interbotix_common_modules/common_robot/__init__.py to __init__.cpython-310.pyc
[7.457s] byte-compiling /home/emackinnon1/interbotix_ws/install/interbotix_common_modules/lib/python3.10/site-packages/interbotix_common_modules/common_robot/robot.py to robot.cpython-310.pyc
[7.462s] byte-compiling /home/emackinnon1/interbotix_ws/install/interbotix_common_modules/lib/python3.10/site-packages/interbotix_common_modules/__init__.py to __init__.cpython-310.pyc
[7.464s] byte-compiling /home/emackinnon1/interbotix_ws/install/interbotix_common_modules/lib/python3.10/site-packages/interbotix_common_modules/launch/or_condition.py to or_condition.cpython-310.pyc
[7.469s] byte-compiling /home/emackinnon1/interbotix_ws/install/interbotix_common_modules/lib/python3.10/site-packages/interbotix_common_modules/launch/and_condition.py to and_condition.cpython-310.pyc
[7.472s] byte-compiling /home/emackinnon1/interbotix_ws/install/interbotix_common_modules/lib/python3.10/site-packages/interbotix_common_modules/launch/__init__.py to __init__.cpython-310.pyc
[7.473s] byte-compiling /home/emackinnon1/interbotix_ws/install/interbotix_common_modules/lib/python3.10/site-packages/interbotix_common_modules/angle_manipulation/angle_manipulation.py to angle_manipulation.cpython-310.pyc
[7.478s] byte-compiling /home/emackinnon1/interbotix_ws/install/interbotix_common_modules/lib/python3.10/site-packages/interbotix_common_modules/angle_manipulation/__init__.py to __init__.cpython-310.pyc
[7.480s] running install_data
[7.481s] creating /home/emackinnon1/interbotix_ws/install/interbotix_common_modules/share/ament_index
[7.481s] creating /home/emackinnon1/interbotix_ws/install/interbotix_common_modules/share/ament_index/resource_index
[7.482s] creating /home/emackinnon1/interbotix_ws/install/interbotix_common_modules/share/ament_index/resource_index/packages
[7.483s] copying resource/interbotix_common_modules -> /home/emackinnon1/interbotix_ws/install/interbotix_common_modules/share/ament_index/resource_index/packages
[7.484s] copying package.xml -> /home/emackinnon1/interbotix_ws/install/interbotix_common_modules/share/interbotix_common_modules
[7.489s] running install_egg_info
[7.507s] Copying ../../../../build/interbotix_common_modules/interbotix_common_modules.egg-info to /home/emackinnon1/interbotix_ws/install/interbotix_common_modules/lib/python3.10/site-packages/interbotix_common_modules-0.0.0-py3.10.egg-info
[7.520s] running install_scripts
[7.665s] writing list of installed files to '/home/emackinnon1/interbotix_ws/build/interbotix_common_modules/install.log'
[7.864s] Invoked command in '/home/emackinnon1/interbotix_ws/src/interbotix_ros_toolboxes/interbotix_common_toolbox/interbotix_common_modules' returned '0': PYTHONPATH=/home/emackinnon1/interbotix_ws/build/interbotix_common_modules/prefix_override:/usr/lib/python3/dist-packages/colcon_core/task/python/colcon_distutils_commands:/home/emackinnon1/interbotix_ws/install/interbotix_common_modules/lib/python3.10/site-packages:${PYTHONPATH} /usr/bin/python3 -W ignore:setup.py install is deprecated -W ignore:easy_install command is deprecated setup.py egg_info --egg-base ../../../../build/interbotix_common_modules build --build-base /home/emackinnon1/interbotix_ws/build/interbotix_common_modules/build install --record /home/emackinnon1/interbotix_ws/build/interbotix_common_modules/install.log --single-version-externally-managed install_data
