[0.048s] Invoking command in '/home/emackinnon1/interbotix_ws/build/interbotix_rpi_msgs': CMAKE_PREFIX_PATH=/opt/ros/humble /usr/bin/cmake /home/emackinnon1/interbotix_ws/src/interbotix_ros_toolboxes/interbotix_rpi_toolbox/interbotix_rpi_msgs -DCMAKE_INSTALL_PREFIX=/home/emackinnon1/interbotix_ws/install/interbotix_rpi_msgs
[0.451s] -- The C compiler identification is GNU 11.4.0
[0.842s] -- The CXX compiler identification is GNU 11.4.0
[0.890s] -- Detecting C compiler ABI info
[1.342s] -- Detecting C compiler ABI info - done
[1.383s] -- Check for working C compiler: /usr/bin/cc - skipped
[1.386s] -- Detecting C compile features
[1.389s] -- Detecting C compile features - done
[1.410s] -- Detecting CXX compiler ABI info
[1.879s] -- Detecting CXX compiler ABI info - done
[1.911s] -- Check for working CXX compiler: /usr/bin/c++ - skipped
[1.912s] -- Detecting CXX compile features
[1.915s] -- Detecting CXX compile features - done
[1.943s] -- Found rosidl_default_generators: 1.2.0 (/opt/ros/humble/share/rosidl_default_generators/cmake)
[1.995s] -- Found ament_cmake_core: 1.3.11 (/opt/ros/humble/share/ament_cmake_core/cmake)
[3.080s] -- Found Python3: /usr/bin/python3 (found version "3.10.12") found components: Interpreter 
[3.583s] -- Using all available rosidl_typesupport_c: rosidl_typesupport_fastrtps_c;rosidl_typesupport_introspection_c
[3.714s] -- Found rosidl_adapter: 3.1.6 (/opt/ros/humble/share/rosidl_adapter/cmake)
[4.545s] -- Using all available rosidl_typesupport_cpp: rosidl_typesupport_fastrtps_cpp;rosidl_typesupport_introspection_cpp
[4.864s] -- Found std_msgs: 4.8.0 (/opt/ros/humble/share/std_msgs/cmake)
[6.831s] -- Found ament_cmake_ros: 0.10.0 (/opt/ros/humble/share/ament_cmake_ros/cmake)
[8.259s] -- Using all available rosidl_typesupport_c: rosidl_typesupport_fastrtps_c;rosidl_typesupport_introspection_c
[10.166s] -- Using all available rosidl_typesupport_cpp: rosidl_typesupport_fastrtps_cpp;rosidl_typesupport_introspection_cpp
[10.310s] -- Found PythonInterp: /usr/bin/python3 (found suitable version "3.10.12", minimum required is "3.6") 
[10.339s] -- Found python_cmake_module: 0.10.0 (/opt/ros/humble/share/python_cmake_module/cmake)
[10.519s] -- Found PythonLibs: /usr/lib/aarch64-linux-gnu/libpython3.10.so (found suitable version "3.10.12", minimum required is "3.5") 
[10.521s] -- Using PYTHON_EXECUTABLE: /usr/bin/python3
[10.523s] -- Using PYTHON_INCLUDE_DIRS: /usr/include/python3.10
[10.524s] -- Using PYTHON_LIBRARIES: /usr/lib/aarch64-linux-gnu/libpython3.10.so
[10.698s] -- Found PythonExtra: .so  
[11.036s] -- Found ament_lint_auto: 0.12.12 (/opt/ros/humble/share/ament_lint_auto/cmake)
[11.324s] -- Configuring done
[11.610s] -- Generating done
[11.690s] -- Build files have been written to: /home/emackinnon1/interbotix_ws/build/interbotix_rpi_msgs
[11.721s] Invoked command in '/home/emackinnon1/interbotix_ws/build/interbotix_rpi_msgs' returned '0': CMAKE_PREFIX_PATH=/opt/ros/humble /usr/bin/cmake /home/emackinnon1/interbotix_ws/src/interbotix_ros_toolboxes/interbotix_rpi_toolbox/interbotix_rpi_msgs -DCMAKE_INSTALL_PREFIX=/home/emackinnon1/interbotix_ws/install/interbotix_rpi_msgs
[11.723s] Invoking command in '/home/emackinnon1/interbotix_ws/build/interbotix_rpi_msgs': CMAKE_PREFIX_PATH=/opt/ros/humble /usr/bin/cmake --build /home/emackinnon1/interbotix_ws/build/interbotix_rpi_msgs -- -j4 -l4
[12.021s] [  3%] [34m[1mGenerating C++ code for ROS interfaces[0m
[14.079s] [  3%] Built target interbotix_rpi_msgs__cpp
[14.247s] [  3%] Built target ament_cmake_python_copy_interbotix_rpi_msgs
[14.313s] [  6%] [34m[1mGenerating C++ type support for eProsima Fast-RTPS[0m
[16.536s] [  9%] [32mBuilding CXX object CMakeFiles/interbotix_rpi_msgs__rosidl_typesupport_fastrtps_cpp.dir/rosidl_typesupport_fastrtps_cpp/interbotix_rpi_msgs/msg/detail/dds_fastrtps/pixel_commands__type_support.cpp.o[0m
[19.578s] [ 12%] [32m[1mLinking CXX shared library libinterbotix_rpi_msgs__rosidl_typesupport_fastrtps_cpp.so[0m
[20.001s] [ 12%] Built target interbotix_rpi_msgs__rosidl_typesupport_fastrtps_cpp
[20.062s] [ 16%] [34m[1mGenerating C++ introspection for ROS interfaces[0m
[22.152s] [ 19%] [32mBuilding CXX object CMakeFiles/interbotix_rpi_msgs__rosidl_typesupport_introspection_cpp.dir/rosidl_typesupport_introspection_cpp/interbotix_rpi_msgs/msg/detail/pixel_commands__type_support.cpp.o[0m
[24.774s] [ 22%] [32m[1mLinking CXX shared library libinterbotix_rpi_msgs__rosidl_typesupport_introspection_cpp.so[0m
[25.149s] [ 22%] Built target interbotix_rpi_msgs__rosidl_typesupport_introspection_cpp
[27.656s] running egg_info
[27.663s] creating interbotix_rpi_msgs.egg-info
[27.666s] writing interbotix_rpi_msgs.egg-info/PKG-INFO
[27.668s] writing dependency_links to interbotix_rpi_msgs.egg-info/dependency_links.txt
[27.672s] writing top-level names to interbotix_rpi_msgs.egg-info/top_level.txt
[27.675s] writing manifest file 'interbotix_rpi_msgs.egg-info/SOURCES.txt'
[27.692s] reading manifest file 'interbotix_rpi_msgs.egg-info/SOURCES.txt'
[27.698s] writing manifest file 'interbotix_rpi_msgs.egg-info/SOURCES.txt'
[27.920s] [ 22%] Built target ament_cmake_python_build_interbotix_rpi_msgs_egg
[27.989s] [ 25%] [34m[1mGenerating C++ type support dispatch for ROS interfaces[0m
[29.879s] [ 29%] [32mBuilding CXX object CMakeFiles/interbotix_rpi_msgs__rosidl_typesupport_cpp.dir/rosidl_typesupport_cpp/interbotix_rpi_msgs/msg/pixel_commands__type_support.cpp.o[0m
[31.675s] [ 32%] [32m[1mLinking CXX shared library libinterbotix_rpi_msgs__rosidl_typesupport_cpp.so[0m
[31.882s] [ 32%] Built target interbotix_rpi_msgs__rosidl_typesupport_cpp
[31.936s] [ 35%] [34m[1mGenerating C code for ROS interfaces[0m
[34.349s] [ 38%] [32mBuilding C object CMakeFiles/interbotix_rpi_msgs__rosidl_generator_c.dir/rosidl_generator_c/interbotix_rpi_msgs/msg/detail/pixel_commands__functions.c.o[0m
[34.643s] [ 41%] [32m[1mLinking C shared library libinterbotix_rpi_msgs__rosidl_generator_c.so[0m
[34.865s] [ 41%] Built target interbotix_rpi_msgs__rosidl_generator_c
[34.929s] [ 45%] [34m[1mGenerating C type support for eProsima Fast-RTPS[0m
[37.140s] [ 48%] [32mBuilding CXX object CMakeFiles/interbotix_rpi_msgs__rosidl_typesupport_fastrtps_c.dir/rosidl_typesupport_fastrtps_c/interbotix_rpi_msgs/msg/detail/pixel_commands__type_support_c.cpp.o[0m
[39.585s] [ 51%] [32m[1mLinking CXX shared library libinterbotix_rpi_msgs__rosidl_typesupport_fastrtps_c.so[0m
[39.998s] [ 51%] Built target interbotix_rpi_msgs__rosidl_typesupport_fastrtps_c
[40.055s] [ 54%] [34m[1mGenerating C type support dispatch for ROS interfaces[0m
[42.085s] [ 58%] [32mBuilding CXX object CMakeFiles/interbotix_rpi_msgs__rosidl_typesupport_c.dir/rosidl_typesupport_c/interbotix_rpi_msgs/msg/pixel_commands__type_support.cpp.o[0m
[42.295s] [ 61%] [32m[1mLinking CXX shared library libinterbotix_rpi_msgs__rosidl_typesupport_c.so[0m
[42.536s] [ 61%] Built target interbotix_rpi_msgs__rosidl_typesupport_c
[42.592s] [ 64%] [34m[1mGenerating C introspection for ROS interfaces[0m
[44.775s] [ 67%] [32mBuilding C object CMakeFiles/interbotix_rpi_msgs__rosidl_typesupport_introspection_c.dir/rosidl_typesupport_introspection_c/interbotix_rpi_msgs/msg/detail/pixel_commands__type_support.c.o[0m
[45.046s] [ 70%] [32m[1mLinking C shared library libinterbotix_rpi_msgs__rosidl_typesupport_introspection_c.so[0m
[45.241s] [ 70%] Built target interbotix_rpi_msgs__rosidl_typesupport_introspection_c
[45.366s] [ 70%] Built target interbotix_rpi_msgs
[45.486s] [ 74%] [34m[1mGenerating Python code for ROS interfaces[0m
[48.668s] [ 74%] Built target interbotix_rpi_msgs__py
[48.790s] [ 77%] [32mBuilding C object CMakeFiles/interbotix_rpi_msgs__rosidl_generator_py.dir/rosidl_generator_py/interbotix_rpi_msgs/msg/_pixel_commands_s.c.o[0m
[49.448s] [ 80%] [32m[1mLinking C shared library rosidl_generator_py/interbotix_rpi_msgs/libinterbotix_rpi_msgs__rosidl_generator_py.so[0m
[49.718s] [ 80%] Built target interbotix_rpi_msgs__rosidl_generator_py
[49.842s] [ 83%] [32mBuilding C object CMakeFiles/interbotix_rpi_msgs__rosidl_typesupport_fastrtps_c__pyext.dir/rosidl_generator_py/interbotix_rpi_msgs/_interbotix_rpi_msgs_s.ep.rosidl_typesupport_fastrtps_c.c.o[0m
[50.551s] [ 87%] [32m[1mLinking C shared library rosidl_generator_py/interbotix_rpi_msgs/interbotix_rpi_msgs_s__rosidl_typesupport_fastrtps_c.cpython-310-aarch64-linux-gnu.so[0m
[50.839s] [ 87%] Built target interbotix_rpi_msgs__rosidl_typesupport_fastrtps_c__pyext
[50.961s] [ 90%] [32mBuilding C object CMakeFiles/interbotix_rpi_msgs__rosidl_typesupport_c__pyext.dir/rosidl_generator_py/interbotix_rpi_msgs/_interbotix_rpi_msgs_s.ep.rosidl_typesupport_c.c.o[0m
[51.662s] [ 93%] [32m[1mLinking C shared library rosidl_generator_py/interbotix_rpi_msgs/interbotix_rpi_msgs_s__rosidl_typesupport_c.cpython-310-aarch64-linux-gnu.so[0m
[51.935s] [ 93%] Built target interbotix_rpi_msgs__rosidl_typesupport_c__pyext
[52.061s] [ 96%] [32mBuilding C object CMakeFiles/interbotix_rpi_msgs__rosidl_typesupport_introspection_c__pyext.dir/rosidl_generator_py/interbotix_rpi_msgs/_interbotix_rpi_msgs_s.ep.rosidl_typesupport_introspection_c.c.o[0m
[52.751s] [100%] [32m[1mLinking C shared library rosidl_generator_py/interbotix_rpi_msgs/interbotix_rpi_msgs_s__rosidl_typesupport_introspection_c.cpython-310-aarch64-linux-gnu.so[0m
[53.008s] [100%] Built target interbotix_rpi_msgs__rosidl_typesupport_introspection_c__pyext
[53.075s] Invoked command in '/home/emackinnon1/interbotix_ws/build/interbotix_rpi_msgs' returned '0': CMAKE_PREFIX_PATH=/opt/ros/humble /usr/bin/cmake --build /home/emackinnon1/interbotix_ws/build/interbotix_rpi_msgs -- -j4 -l4
[53.078s] Invoking command in '/home/emackinnon1/interbotix_ws/build/interbotix_rpi_msgs': CMAKE_PREFIX_PATH=/opt/ros/humble /usr/bin/cmake --install /home/emackinnon1/interbotix_ws/build/interbotix_rpi_msgs
[53.131s] -- Install configuration: ""
[53.134s] -- Installing: /home/emackinnon1/interbotix_ws/install/interbotix_rpi_msgs/share/ament_index/resource_index/rosidl_interfaces/interbotix_rpi_msgs
[53.138s] -- Installing: /home/emackinnon1/interbotix_ws/install/interbotix_rpi_msgs/include/interbotix_rpi_msgs/interbotix_rpi_msgs
[53.141s] -- Installing: /home/emackinnon1/interbotix_ws/install/interbotix_rpi_msgs/include/interbotix_rpi_msgs/interbotix_rpi_msgs/msg
[53.144s] -- Installing: /home/emackinnon1/interbotix_ws/install/interbotix_rpi_msgs/include/interbotix_rpi_msgs/interbotix_rpi_msgs/msg/pixel_commands.h
[53.147s] -- Installing: /home/emackinnon1/interbotix_ws/install/interbotix_rpi_msgs/include/interbotix_rpi_msgs/interbotix_rpi_msgs/msg/rosidl_generator_c__visibility_control.h
[53.150s] -- Installing: /home/emackinnon1/interbotix_ws/install/interbotix_rpi_msgs/include/interbotix_rpi_msgs/interbotix_rpi_msgs/msg/detail
[53.153s] -- Installing: /home/emackinnon1/interbotix_ws/install/interbotix_rpi_msgs/include/interbotix_rpi_msgs/interbotix_rpi_msgs/msg/detail/pixel_commands__struct.h
[53.158s] -- Installing: /home/emackinnon1/interbotix_ws/install/interbotix_rpi_msgs/include/interbotix_rpi_msgs/interbotix_rpi_msgs/msg/detail/pixel_commands__type_support.h
[53.162s] -- Installing: /home/emackinnon1/interbotix_ws/install/interbotix_rpi_msgs/include/interbotix_rpi_msgs/interbotix_rpi_msgs/msg/detail/pixel_commands__functions.c
[53.165s] -- Installing: /home/emackinnon1/interbotix_ws/install/interbotix_rpi_msgs/include/interbotix_rpi_msgs/interbotix_rpi_msgs/msg/detail/pixel_commands__functions.h
[53.170s] -- Installing: /home/emackinnon1/interbotix_ws/install/interbotix_rpi_msgs/share/interbotix_rpi_msgs/environment/library_path.sh
[53.173s] -- Installing: /home/emackinnon1/interbotix_ws/install/interbotix_rpi_msgs/share/interbotix_rpi_msgs/environment/library_path.dsv
[53.177s] -- Installing: /home/emackinnon1/interbotix_ws/install/interbotix_rpi_msgs/lib/libinterbotix_rpi_msgs__rosidl_generator_c.so
[53.182s] -- Set runtime path of "/home/emackinnon1/interbotix_ws/install/interbotix_rpi_msgs/lib/libinterbotix_rpi_msgs__rosidl_generator_c.so" to ""
[53.184s] -- Up-to-date: /home/emackinnon1/interbotix_ws/install/interbotix_rpi_msgs/include/interbotix_rpi_msgs/interbotix_rpi_msgs
[53.187s] -- Up-to-date: /home/emackinnon1/interbotix_ws/install/interbotix_rpi_msgs/include/interbotix_rpi_msgs/interbotix_rpi_msgs/msg
[53.189s] -- Up-to-date: /home/emackinnon1/interbotix_ws/install/interbotix_rpi_msgs/include/interbotix_rpi_msgs/interbotix_rpi_msgs/msg/detail
[53.192s] -- Installing: /home/emackinnon1/interbotix_ws/install/interbotix_rpi_msgs/include/interbotix_rpi_msgs/interbotix_rpi_msgs/msg/detail/pixel_commands__rosidl_typesupport_fastrtps_c.h
[53.196s] -- Installing: /home/emackinnon1/interbotix_ws/install/interbotix_rpi_msgs/include/interbotix_rpi_msgs/interbotix_rpi_msgs/msg/rosidl_typesupport_fastrtps_c__visibility_control.h
[53.200s] -- Installing: /home/emackinnon1/interbotix_ws/install/interbotix_rpi_msgs/lib/libinterbotix_rpi_msgs__rosidl_typesupport_fastrtps_c.so
[53.205s] -- Set runtime path of "/home/emackinnon1/interbotix_ws/install/interbotix_rpi_msgs/lib/libinterbotix_rpi_msgs__rosidl_typesupport_fastrtps_c.so" to ""
[53.207s] -- Up-to-date: /home/emackinnon1/interbotix_ws/install/interbotix_rpi_msgs/include/interbotix_rpi_msgs/interbotix_rpi_msgs
[53.209s] -- Up-to-date: /home/emackinnon1/interbotix_ws/install/interbotix_rpi_msgs/include/interbotix_rpi_msgs/interbotix_rpi_msgs/msg
[53.211s] -- Up-to-date: /home/emackinnon1/interbotix_ws/install/interbotix_rpi_msgs/include/interbotix_rpi_msgs/interbotix_rpi_msgs/msg/detail
[53.214s] -- Installing: /home/emackinnon1/interbotix_ws/install/interbotix_rpi_msgs/include/interbotix_rpi_msgs/interbotix_rpi_msgs/msg/detail/pixel_commands__rosidl_typesupport_introspection_c.h
[53.217s] -- Installing: /home/emackinnon1/interbotix_ws/install/interbotix_rpi_msgs/include/interbotix_rpi_msgs/interbotix_rpi_msgs/msg/detail/pixel_commands__type_support.c
[53.222s] -- Installing: /home/emackinnon1/interbotix_ws/install/interbotix_rpi_msgs/include/interbotix_rpi_msgs/interbotix_rpi_msgs/msg/rosidl_typesupport_introspection_c__visibility_control.h
[53.226s] -- Installing: /home/emackinnon1/interbotix_ws/install/interbotix_rpi_msgs/lib/libinterbotix_rpi_msgs__rosidl_typesupport_introspection_c.so
[53.231s] -- Set runtime path of "/home/emackinnon1/interbotix_ws/install/interbotix_rpi_msgs/lib/libinterbotix_rpi_msgs__rosidl_typesupport_introspection_c.so" to ""
[53.234s] -- Installing: /home/emackinnon1/interbotix_ws/install/interbotix_rpi_msgs/lib/libinterbotix_rpi_msgs__rosidl_typesupport_c.so
[53.239s] -- Set runtime path of "/home/emackinnon1/interbotix_ws/install/interbotix_rpi_msgs/lib/libinterbotix_rpi_msgs__rosidl_typesupport_c.so" to ""
[53.241s] -- Up-to-date: /home/emackinnon1/interbotix_ws/install/interbotix_rpi_msgs/include/interbotix_rpi_msgs/interbotix_rpi_msgs
[53.243s] -- Up-to-date: /home/emackinnon1/interbotix_ws/install/interbotix_rpi_msgs/include/interbotix_rpi_msgs/interbotix_rpi_msgs/msg
[53.245s] -- Installing: /home/emackinnon1/interbotix_ws/install/interbotix_rpi_msgs/include/interbotix_rpi_msgs/interbotix_rpi_msgs/msg/rosidl_generator_cpp__visibility_control.hpp
[53.249s] -- Installing: /home/emackinnon1/interbotix_ws/install/interbotix_rpi_msgs/include/interbotix_rpi_msgs/interbotix_rpi_msgs/msg/pixel_commands.hpp
[53.252s] -- Up-to-date: /home/emackinnon1/interbotix_ws/install/interbotix_rpi_msgs/include/interbotix_rpi_msgs/interbotix_rpi_msgs/msg/detail
[53.255s] -- Installing: /home/emackinnon1/interbotix_ws/install/interbotix_rpi_msgs/include/interbotix_rpi_msgs/interbotix_rpi_msgs/msg/detail/pixel_commands__builder.hpp
[53.259s] -- Installing: /home/emackinnon1/interbotix_ws/install/interbotix_rpi_msgs/include/interbotix_rpi_msgs/interbotix_rpi_msgs/msg/detail/pixel_commands__struct.hpp
[53.263s] -- Installing: /home/emackinnon1/interbotix_ws/install/interbotix_rpi_msgs/include/interbotix_rpi_msgs/interbotix_rpi_msgs/msg/detail/pixel_commands__type_support.hpp
[53.267s] -- Installing: /home/emackinnon1/interbotix_ws/install/interbotix_rpi_msgs/include/interbotix_rpi_msgs/interbotix_rpi_msgs/msg/detail/pixel_commands__traits.hpp
[53.271s] -- Up-to-date: /home/emackinnon1/interbotix_ws/install/interbotix_rpi_msgs/include/interbotix_rpi_msgs/interbotix_rpi_msgs
[53.273s] -- Up-to-date: /home/emackinnon1/interbotix_ws/install/interbotix_rpi_msgs/include/interbotix_rpi_msgs/interbotix_rpi_msgs/msg
[53.275s] -- Installing: /home/emackinnon1/interbotix_ws/install/interbotix_rpi_msgs/include/interbotix_rpi_msgs/interbotix_rpi_msgs/msg/rosidl_typesupport_fastrtps_cpp__visibility_control.h
[53.278s] -- Up-to-date: /home/emackinnon1/interbotix_ws/install/interbotix_rpi_msgs/include/interbotix_rpi_msgs/interbotix_rpi_msgs/msg/detail
[53.280s] -- Installing: /home/emackinnon1/interbotix_ws/install/interbotix_rpi_msgs/include/interbotix_rpi_msgs/interbotix_rpi_msgs/msg/detail/pixel_commands__rosidl_typesupport_fastrtps_cpp.hpp
[53.284s] -- Installing: /home/emackinnon1/interbotix_ws/install/interbotix_rpi_msgs/include/interbotix_rpi_msgs/interbotix_rpi_msgs/msg/detail/dds_fastrtps
[53.287s] -- Installing: /home/emackinnon1/interbotix_ws/install/interbotix_rpi_msgs/lib/libinterbotix_rpi_msgs__rosidl_typesupport_fastrtps_cpp.so
[53.292s] -- Set runtime path of "/home/emackinnon1/interbotix_ws/install/interbotix_rpi_msgs/lib/libinterbotix_rpi_msgs__rosidl_typesupport_fastrtps_cpp.so" to ""
[53.294s] -- Up-to-date: /home/emackinnon1/interbotix_ws/install/interbotix_rpi_msgs/include/interbotix_rpi_msgs/interbotix_rpi_msgs
[53.296s] -- Up-to-date: /home/emackinnon1/interbotix_ws/install/interbotix_rpi_msgs/include/interbotix_rpi_msgs/interbotix_rpi_msgs/msg
[53.298s] -- Up-to-date: /home/emackinnon1/interbotix_ws/install/interbotix_rpi_msgs/include/interbotix_rpi_msgs/interbotix_rpi_msgs/msg/detail
[53.300s] -- Installing: /home/emackinnon1/interbotix_ws/install/interbotix_rpi_msgs/include/interbotix_rpi_msgs/interbotix_rpi_msgs/msg/detail/pixel_commands__rosidl_typesupport_introspection_cpp.hpp
[53.303s] -- Installing: /home/emackinnon1/interbotix_ws/install/interbotix_rpi_msgs/include/interbotix_rpi_msgs/interbotix_rpi_msgs/msg/detail/pixel_commands__type_support.cpp
[53.307s] -- Installing: /home/emackinnon1/interbotix_ws/install/interbotix_rpi_msgs/lib/libinterbotix_rpi_msgs__rosidl_typesupport_introspection_cpp.so
[53.312s] -- Set runtime path of "/home/emackinnon1/interbotix_ws/install/interbotix_rpi_msgs/lib/libinterbotix_rpi_msgs__rosidl_typesupport_introspection_cpp.so" to ""
[53.315s] -- Installing: /home/emackinnon1/interbotix_ws/install/interbotix_rpi_msgs/lib/libinterbotix_rpi_msgs__rosidl_typesupport_cpp.so
[53.319s] -- Set runtime path of "/home/emackinnon1/interbotix_ws/install/interbotix_rpi_msgs/lib/libinterbotix_rpi_msgs__rosidl_typesupport_cpp.so" to ""
[53.323s] -- Installing: /home/emackinnon1/interbotix_ws/install/interbotix_rpi_msgs/share/interbotix_rpi_msgs/environment/pythonpath.sh
[53.326s] -- Installing: /home/emackinnon1/interbotix_ws/install/interbotix_rpi_msgs/share/interbotix_rpi_msgs/environment/pythonpath.dsv
[53.329s] -- Installing: /home/emackinnon1/interbotix_ws/install/interbotix_rpi_msgs/local/lib/python3.10/dist-packages/interbotix_rpi_msgs-0.0.0-py3.10.egg-info
[53.332s] -- Installing: /home/emackinnon1/interbotix_ws/install/interbotix_rpi_msgs/local/lib/python3.10/dist-packages/interbotix_rpi_msgs-0.0.0-py3.10.egg-info/PKG-INFO
[53.336s] -- Installing: /home/emackinnon1/interbotix_ws/install/interbotix_rpi_msgs/local/lib/python3.10/dist-packages/interbotix_rpi_msgs-0.0.0-py3.10.egg-info/top_level.txt
[53.339s] -- Installing: /home/emackinnon1/interbotix_ws/install/interbotix_rpi_msgs/local/lib/python3.10/dist-packages/interbotix_rpi_msgs-0.0.0-py3.10.egg-info/dependency_links.txt
[53.342s] -- Installing: /home/emackinnon1/interbotix_ws/install/interbotix_rpi_msgs/local/lib/python3.10/dist-packages/interbotix_rpi_msgs-0.0.0-py3.10.egg-info/SOURCES.txt
[53.346s] -- Installing: /home/emackinnon1/interbotix_ws/install/interbotix_rpi_msgs/local/lib/python3.10/dist-packages/interbotix_rpi_msgs
[53.348s] -- Installing: /home/emackinnon1/interbotix_ws/install/interbotix_rpi_msgs/local/lib/python3.10/dist-packages/interbotix_rpi_msgs/_interbotix_rpi_msgs_s.ep.rosidl_typesupport_introspection_c.c
[53.352s] -- Installing: /home/emackinnon1/interbotix_ws/install/interbotix_rpi_msgs/local/lib/python3.10/dist-packages/interbotix_rpi_msgs/msg
[53.355s] -- Installing: /home/emackinnon1/interbotix_ws/install/interbotix_rpi_msgs/local/lib/python3.10/dist-packages/interbotix_rpi_msgs/msg/__init__.py
[53.359s] -- Installing: /home/emackinnon1/interbotix_ws/install/interbotix_rpi_msgs/local/lib/python3.10/dist-packages/interbotix_rpi_msgs/msg/_pixel_commands.py
[53.363s] -- Installing: /home/emackinnon1/interbotix_ws/install/interbotix_rpi_msgs/local/lib/python3.10/dist-packages/interbotix_rpi_msgs/msg/_pixel_commands_s.c
[53.367s] -- Installing: /home/emackinnon1/interbotix_ws/install/interbotix_rpi_msgs/local/lib/python3.10/dist-packages/interbotix_rpi_msgs/_interbotix_rpi_msgs_s.ep.rosidl_typesupport_c.c
[53.371s] -- Installing: /home/emackinnon1/interbotix_ws/install/interbotix_rpi_msgs/local/lib/python3.10/dist-packages/interbotix_rpi_msgs/interbotix_rpi_msgs_s__rosidl_typesupport_introspection_c.cpython-310-aarch64-linux-gnu.so
[53.375s] -- Installing: /home/emackinnon1/interbotix_ws/install/interbotix_rpi_msgs/local/lib/python3.10/dist-packages/interbotix_rpi_msgs/interbotix_rpi_msgs_s__rosidl_typesupport_c.cpython-310-aarch64-linux-gnu.so
[53.379s] -- Installing: /home/emackinnon1/interbotix_ws/install/interbotix_rpi_msgs/local/lib/python3.10/dist-packages/interbotix_rpi_msgs/interbotix_rpi_msgs_s__rosidl_typesupport_fastrtps_c.cpython-310-aarch64-linux-gnu.so
[53.382s] -- Installing: /home/emackinnon1/interbotix_ws/install/interbotix_rpi_msgs/local/lib/python3.10/dist-packages/interbotix_rpi_msgs/__init__.py
[53.385s] -- Installing: /home/emackinnon1/interbotix_ws/install/interbotix_rpi_msgs/local/lib/python3.10/dist-packages/interbotix_rpi_msgs/libinterbotix_rpi_msgs__rosidl_generator_py.so
[53.389s] -- Installing: /home/emackinnon1/interbotix_ws/install/interbotix_rpi_msgs/local/lib/python3.10/dist-packages/interbotix_rpi_msgs/_interbotix_rpi_msgs_s.ep.rosidl_typesupport_fastrtps_c.c
[53.648s] Listing '/home/emackinnon1/interbotix_ws/install/interbotix_rpi_msgs/local/lib/python3.10/dist-packages/interbotix_rpi_msgs'...
[53.651s] Compiling '/home/emackinnon1/interbotix_ws/install/interbotix_rpi_msgs/local/lib/python3.10/dist-packages/interbotix_rpi_msgs/__init__.py'...
[53.652s] Listing '/home/emackinnon1/interbotix_ws/install/interbotix_rpi_msgs/local/lib/python3.10/dist-packages/interbotix_rpi_msgs/msg'...
[53.653s] Compiling '/home/emackinnon1/interbotix_ws/install/interbotix_rpi_msgs/local/lib/python3.10/dist-packages/interbotix_rpi_msgs/msg/__init__.py'...
[53.654s] Compiling '/home/emackinnon1/interbotix_ws/install/interbotix_rpi_msgs/local/lib/python3.10/dist-packages/interbotix_rpi_msgs/msg/_pixel_commands.py'...
[53.703s] -- Installing: /home/emackinnon1/interbotix_ws/install/interbotix_rpi_msgs/local/lib/python3.10/dist-packages/interbotix_rpi_msgs/interbotix_rpi_msgs_s__rosidl_typesupport_fastrtps_c.cpython-310-aarch64-linux-gnu.so
[53.709s] -- Set runtime path of "/home/emackinnon1/interbotix_ws/install/interbotix_rpi_msgs/local/lib/python3.10/dist-packages/interbotix_rpi_msgs/interbotix_rpi_msgs_s__rosidl_typesupport_fastrtps_c.cpython-310-aarch64-linux-gnu.so" to ""
[53.713s] -- Installing: /home/emackinnon1/interbotix_ws/install/interbotix_rpi_msgs/local/lib/python3.10/dist-packages/interbotix_rpi_msgs/interbotix_rpi_msgs_s__rosidl_typesupport_introspection_c.cpython-310-aarch64-linux-gnu.so
[53.718s] -- Set runtime path of "/home/emackinnon1/interbotix_ws/install/interbotix_rpi_msgs/local/lib/python3.10/dist-packages/interbotix_rpi_msgs/interbotix_rpi_msgs_s__rosidl_typesupport_introspection_c.cpython-310-aarch64-linux-gnu.so" to ""
[53.721s] -- Installing: /home/emackinnon1/interbotix_ws/install/interbotix_rpi_msgs/local/lib/python3.10/dist-packages/interbotix_rpi_msgs/interbotix_rpi_msgs_s__rosidl_typesupport_c.cpython-310-aarch64-linux-gnu.so
[53.728s] -- Set runtime path of "/home/emackinnon1/interbotix_ws/install/interbotix_rpi_msgs/local/lib/python3.10/dist-packages/interbotix_rpi_msgs/interbotix_rpi_msgs_s__rosidl_typesupport_c.cpython-310-aarch64-linux-gnu.so" to ""
[53.731s] -- Installing: /home/emackinnon1/interbotix_ws/install/interbotix_rpi_msgs/lib/libinterbotix_rpi_msgs__rosidl_generator_py.so
[53.736s] -- Set runtime path of "/home/emackinnon1/interbotix_ws/install/interbotix_rpi_msgs/lib/libinterbotix_rpi_msgs__rosidl_generator_py.so" to ""
[53.738s] -- Installing: /home/emackinnon1/interbotix_ws/install/interbotix_rpi_msgs/share/interbotix_rpi_msgs/msg/PixelCommands.idl
[53.742s] -- Installing: /home/emackinnon1/interbotix_ws/install/interbotix_rpi_msgs/share/interbotix_rpi_msgs/msg/PixelCommands.msg
[53.746s] -- Installing: /home/emackinnon1/interbotix_ws/install/interbotix_rpi_msgs/share/ament_index/resource_index/package_run_dependencies/interbotix_rpi_msgs
[53.750s] -- Installing: /home/emackinnon1/interbotix_ws/install/interbotix_rpi_msgs/share/ament_index/resource_index/parent_prefix_path/interbotix_rpi_msgs
[53.754s] -- Installing: /home/emackinnon1/interbotix_ws/install/interbotix_rpi_msgs/share/interbotix_rpi_msgs/environment/ament_prefix_path.sh
[53.759s] -- Installing: /home/emackinnon1/interbotix_ws/install/interbotix_rpi_msgs/share/interbotix_rpi_msgs/environment/ament_prefix_path.dsv
[53.763s] -- Installing: /home/emackinnon1/interbotix_ws/install/interbotix_rpi_msgs/share/interbotix_rpi_msgs/environment/path.sh
[53.766s] -- Installing: /home/emackinnon1/interbotix_ws/install/interbotix_rpi_msgs/share/interbotix_rpi_msgs/environment/path.dsv
[53.770s] -- Installing: /home/emackinnon1/interbotix_ws/install/interbotix_rpi_msgs/share/interbotix_rpi_msgs/local_setup.bash
[53.774s] -- Installing: /home/emackinnon1/interbotix_ws/install/interbotix_rpi_msgs/share/interbotix_rpi_msgs/local_setup.sh
[53.778s] -- Installing: /home/emackinnon1/interbotix_ws/install/interbotix_rpi_msgs/share/interbotix_rpi_msgs/local_setup.zsh
[53.782s] -- Installing: /home/emackinnon1/interbotix_ws/install/interbotix_rpi_msgs/share/interbotix_rpi_msgs/local_setup.dsv
[53.786s] -- Installing: /home/emackinnon1/interbotix_ws/install/interbotix_rpi_msgs/share/interbotix_rpi_msgs/package.dsv
[53.790s] -- Installing: /home/emackinnon1/interbotix_ws/install/interbotix_rpi_msgs/share/ament_index/resource_index/packages/interbotix_rpi_msgs
[53.794s] -- Installing: /home/emackinnon1/interbotix_ws/install/interbotix_rpi_msgs/share/interbotix_rpi_msgs/cmake/export_interbotix_rpi_msgs__rosidl_generator_cExport.cmake
[53.799s] -- Installing: /home/emackinnon1/interbotix_ws/install/interbotix_rpi_msgs/share/interbotix_rpi_msgs/cmake/export_interbotix_rpi_msgs__rosidl_generator_cExport-noconfig.cmake
[53.802s] -- Installing: /home/emackinnon1/interbotix_ws/install/interbotix_rpi_msgs/share/interbotix_rpi_msgs/cmake/export_interbotix_rpi_msgs__rosidl_typesupport_fastrtps_cExport.cmake
[53.806s] -- Installing: /home/emackinnon1/interbotix_ws/install/interbotix_rpi_msgs/share/interbotix_rpi_msgs/cmake/export_interbotix_rpi_msgs__rosidl_typesupport_fastrtps_cExport-noconfig.cmake
[53.810s] -- Installing: /home/emackinnon1/interbotix_ws/install/interbotix_rpi_msgs/share/interbotix_rpi_msgs/cmake/interbotix_rpi_msgs__rosidl_typesupport_introspection_cExport.cmake
[53.815s] -- Installing: /home/emackinnon1/interbotix_ws/install/interbotix_rpi_msgs/share/interbotix_rpi_msgs/cmake/interbotix_rpi_msgs__rosidl_typesupport_introspection_cExport-noconfig.cmake
[53.819s] -- Installing: /home/emackinnon1/interbotix_ws/install/interbotix_rpi_msgs/share/interbotix_rpi_msgs/cmake/interbotix_rpi_msgs__rosidl_typesupport_cExport.cmake
[53.824s] -- Installing: /home/emackinnon1/interbotix_ws/install/interbotix_rpi_msgs/share/interbotix_rpi_msgs/cmake/interbotix_rpi_msgs__rosidl_typesupport_cExport-noconfig.cmake
[53.829s] -- Installing: /home/emackinnon1/interbotix_ws/install/interbotix_rpi_msgs/share/interbotix_rpi_msgs/cmake/export_interbotix_rpi_msgs__rosidl_generator_cppExport.cmake
[53.833s] -- Installing: /home/emackinnon1/interbotix_ws/install/interbotix_rpi_msgs/share/interbotix_rpi_msgs/cmake/export_interbotix_rpi_msgs__rosidl_typesupport_fastrtps_cppExport.cmake
[53.838s] -- Installing: /home/emackinnon1/interbotix_ws/install/interbotix_rpi_msgs/share/interbotix_rpi_msgs/cmake/export_interbotix_rpi_msgs__rosidl_typesupport_fastrtps_cppExport-noconfig.cmake
[53.841s] -- Installing: /home/emackinnon1/interbotix_ws/install/interbotix_rpi_msgs/share/interbotix_rpi_msgs/cmake/interbotix_rpi_msgs__rosidl_typesupport_introspection_cppExport.cmake
[53.845s] -- Installing: /home/emackinnon1/interbotix_ws/install/interbotix_rpi_msgs/share/interbotix_rpi_msgs/cmake/interbotix_rpi_msgs__rosidl_typesupport_introspection_cppExport-noconfig.cmake
[53.849s] -- Installing: /home/emackinnon1/interbotix_ws/install/interbotix_rpi_msgs/share/interbotix_rpi_msgs/cmake/interbotix_rpi_msgs__rosidl_typesupport_cppExport.cmake
[53.853s] -- Installing: /home/emackinnon1/interbotix_ws/install/interbotix_rpi_msgs/share/interbotix_rpi_msgs/cmake/interbotix_rpi_msgs__rosidl_typesupport_cppExport-noconfig.cmake
[53.857s] -- Installing: /home/emackinnon1/interbotix_ws/install/interbotix_rpi_msgs/share/interbotix_rpi_msgs/cmake/export_interbotix_rpi_msgs__rosidl_generator_pyExport.cmake
[53.861s] -- Installing: /home/emackinnon1/interbotix_ws/install/interbotix_rpi_msgs/share/interbotix_rpi_msgs/cmake/export_interbotix_rpi_msgs__rosidl_generator_pyExport-noconfig.cmake
[53.865s] -- Installing: /home/emackinnon1/interbotix_ws/install/interbotix_rpi_msgs/share/interbotix_rpi_msgs/cmake/rosidl_cmake-extras.cmake
[53.868s] -- Installing: /home/emackinnon1/interbotix_ws/install/interbotix_rpi_msgs/share/interbotix_rpi_msgs/cmake/ament_cmake_export_dependencies-extras.cmake
[53.873s] -- Installing: /home/emackinnon1/interbotix_ws/install/interbotix_rpi_msgs/share/interbotix_rpi_msgs/cmake/ament_cmake_export_include_directories-extras.cmake
[53.877s] -- Installing: /home/emackinnon1/interbotix_ws/install/interbotix_rpi_msgs/share/interbotix_rpi_msgs/cmake/ament_cmake_export_libraries-extras.cmake
[53.881s] -- Installing: /home/emackinnon1/interbotix_ws/install/interbotix_rpi_msgs/share/interbotix_rpi_msgs/cmake/ament_cmake_export_targets-extras.cmake
[53.886s] -- Installing: /home/emackinnon1/interbotix_ws/install/interbotix_rpi_msgs/share/interbotix_rpi_msgs/cmake/rosidl_cmake_export_typesupport_targets-extras.cmake
[53.890s] -- Installing: /home/emackinnon1/interbotix_ws/install/interbotix_rpi_msgs/share/interbotix_rpi_msgs/cmake/rosidl_cmake_export_typesupport_libraries-extras.cmake
[53.894s] -- Installing: /home/emackinnon1/interbotix_ws/install/interbotix_rpi_msgs/share/interbotix_rpi_msgs/cmake/interbotix_rpi_msgsConfig.cmake
[53.897s] -- Installing: /home/emackinnon1/interbotix_ws/install/interbotix_rpi_msgs/share/interbotix_rpi_msgs/cmake/interbotix_rpi_msgsConfig-version.cmake
[53.901s] -- Installing: /home/emackinnon1/interbotix_ws/install/interbotix_rpi_msgs/share/interbotix_rpi_msgs/package.xml
[53.926s] Invoked command in '/home/emackinnon1/interbotix_ws/build/interbotix_rpi_msgs' returned '0': CMAKE_PREFIX_PATH=/opt/ros/humble /usr/bin/cmake --install /home/emackinnon1/interbotix_ws/build/interbotix_rpi_msgs
